[2023-11-18 18:45:09] [INFO] Scraped and posted ID: 365 https://www.digitaltrends.com/mobile/nothing-chats-imessage-android-app-security-issues-bad-news/
[2023-11-18 18:46:40] [INFO] Scraped and posted ID: 367 https://www.digitaltrends.com/mobile/nothing-chats-imessage-android-app-security-issues-bad-news/
[2023-11-18 18:49:25] [INFO] Scraped and posted ID: 369 https://www.digitaltrends.com/mobile/nothing-chats-imessage-android-app-security-issues-bad-news/
[2023-11-18 18:53:03] [INFO] Scraped and posted ID: 371 https://www.digitaltrends.com/mobile/nothing-chats-imessage-android-app-security-issues-bad-news/
[2023-11-18 18:57:12] [INFO] Scraped and posted ID: 373 https://www.digitaltrends.com/mobile/nothing-chats-imessage-android-app-security-issues-bad-news/
[2023-11-18 19:04:05] [INFO] Scraped and posted ID: 375 https://www.digitaltrends.com/mobile/nothing-chats-imessage-android-app-security-issues-bad-news/
[2023-11-18 19:10:20] [INFO] Scraped and posted ID: 377 https://www.digitaltrends.com/mobile/nothing-chats-imessage-android-app-security-issues-bad-news/
[2023-11-18 19:40:34] [INFO] Scraped and posted ID: 379 https://www.digitaltrends.com/mobile/nothing-chats-imessage-android-app-security-issues-bad-news/
[2023-11-18 19:42:24] [INFO] Scraped and posted ID: 381 https://www.digitaltrends.com/computing/intel-core-ultra-msi-price-leak/
[2023-11-18 19:43:35] [INFO] Scraped and posted ID: 383 https://www.digitaltrends.com/computing/gigabyte-leaks-new-amd-processors-release-date/
[2023-11-18 19:50:25] [ERROR] Failed to download image: image1.jpg
[2023-11-18 19:50:25] [ERROR] Failed to download image: image2.jpg
[2023-11-18 19:50:26] [INFO] Scraped and posted ID: 385 https://www.digitaltrends.com/computing/gigabyte-leaks-new-amd-processors-release-date/
[2023-11-18 19:56:10] [INFO] Scraped and posted ID: 388 https://www.digitaltrends.com/computing/gigabyte-leaks-new-amd-processors-release-date/
[2023-11-18 20:12:25] [INFO] Scraped and posted ID: 0 https://www.digitaltrends.com/mobile/nothing-chats-imessage-android-app-security-issues-bad-news/
[2023-11-18 20:14:17] [INFO] Scraped and posted ID: 393 https://www.digitaltrends.com/mobile/nothing-chats-imessage-android-app-security-issues-bad-news/
[2023-11-18 20:21:33] [INFO] Scraped and posted ID: 395 https://www.digitaltrends.com/mobile/nothing-chats-imessage-android-app-security-issues-bad-news/
[2023-11-18 20:34:08] [INFO] Scraped and posted ID: 397 https://www.digitaltrends.com/mobile/nothing-chats-imessage-android-app-security-issues-bad-news/
[2023-11-18 20:37:34] [ERROR] Error decoding JSON getAiContent or accessing content field
[2023-11-18 20:37:34] [ERROR] Content : 
[2023-11-18 20:37:34] [INFO] Scraped and posted ID:  https://www.digitaltrends.com/mobile/nothing-chats-imessage-android-app-security-issues-bad-news/
[2023-11-18 20:39:14] [INFO] Skipped, already scraped: https://www.digitaltrends.com/mobile/nothing-chats-imessage-android-app-security-issues-bad-news/
[2023-11-18 20:39:34] [ERROR] Error decoding JSON getAiContent or accessing content field
[2023-11-18 20:39:34] [ERROR] Content : 
[2023-11-18 20:39:34] [INFO] Scraped and posted ID:  https://www.digitaltrends.com/mobile/nothing-chats-imessage-android-app-security-issues-bad-news/
[2023-11-18 20:41:39] [INFO] Scraped and posted ID: 399 https://www.digitaltrends.com/mobile/nothing-chats-imessage-android-app-security-issues-bad-news/
[2023-11-18 20:59:48] [INFO] Scraped and posted ID: 401 https://www.digitaltrends.com/computing/intel-class-action-lawsuit/
[2023-11-18 21:28:03] [INFO] Scraped and posted ID: 403 https://www.digitaltrends.com/mobile/nothing-chats-imessage-android-app-security-issues-bad-news/
[2023-11-18 23:23:33] [INFO] Scraped and posted ID: 406 https://www.digitaltrends.com/mobile/nothing-chats-imessage-android-app-security-issues-bad-news/
