[2023-12-04 14:03:35] [INFO] START REWRITING: https://www.digitaltrends.com/computing/reasons-for-pc-comeback/
[2023-12-04 14:03:35] [INFO] Getting article: https://www.digitaltrends.com/computing/reasons-for-pc-comeback/
[2023-12-04 14:03:35] [INFO] Rescraped data success
[2023-12-04 14:04:10] [INFO] AI content recreated success.
[2023-12-04 14:04:10] [INFO] SUCCESS REWRITING updated ID: 4922
[2023-12-04 14:04:53] [INFO] START REWRITING: https://www.digitaltrends.com/computing/reasons-for-pc-comeback/
[2023-12-04 14:04:53] [INFO] Getting article: https://www.digitaltrends.com/computing/reasons-for-pc-comeback/
[2023-12-04 14:04:53] [INFO] Rescraped data success
[2023-12-04 14:05:08] [INFO] AI content recreated success.
[2023-12-04 14:05:08] [INFO] SUCCESS REWRITING updated ID: 4922
[2023-12-04 14:10:06] [INFO] START REWRITING: https://www.digitaltrends.com/computing/reasons-for-pc-comeback/
[2023-12-04 14:10:06] [INFO] Getting article: https://www.digitaltrends.com/computing/reasons-for-pc-comeback/
[2023-12-04 14:10:06] [INFO] Rescraped data success
[2023-12-04 14:10:43] [INFO] AI content recreated success.
[2023-12-04 14:10:43] [INFO] SUCCESS REWRITING updated ID: 4922
[2023-12-04 14:15:27] [INFO] START REWRITING: https://www.digitaltrends.com/computing/reasons-for-pc-comeback/
[2023-12-04 14:15:27] [INFO] Getting article: https://www.digitaltrends.com/computing/reasons-for-pc-comeback/
[2023-12-04 14:15:27] [INFO] Rescraped data success
[2023-12-04 14:15:52] [INFO] AI content recreated success.
[2023-12-04 14:15:52] [INFO] SUCCESS REWRITING updated ID: 4922
[2023-12-04 14:16:42] [INFO] START REWRITING: https://www.digitaltrends.com/computing/reasons-for-pc-comeback/
[2023-12-04 14:16:42] [INFO] Getting article: https://www.digitaltrends.com/computing/reasons-for-pc-comeback/
[2023-12-04 14:16:42] [INFO] Rescraped data success
[2023-12-04 14:17:03] [INFO] AI content recreated success.
[2023-12-04 14:17:03] [INFO] SUCCESS REWRITING updated ID: 4922
[2023-12-04 17:10:49] [INFO] START REWRITING: https://www.digitaltrends.com/computing/reasons-for-pc-comeback/
[2023-12-04 17:10:49] [INFO] Getting article: https://www.digitaltrends.com/computing/reasons-for-pc-comeback/
[2023-12-04 17:10:49] [INFO] Rescraped data success
[2023-12-04 17:11:07] [INFO] AI content recreated success.
[2023-12-04 17:11:08] [INFO] SUCCESS REWRITING updated ID: 4922
[2023-12-04 21:17:34] [INFO] START REWRITING: https://www.digitaltrends.com/computing/reasons-for-pc-comeback/
[2023-12-04 21:17:34] [INFO] Getting article: https://www.digitaltrends.com/computing/reasons-for-pc-comeback/
[2023-12-04 21:17:34] [INFO] Rescraped data success
[2023-12-04 21:17:51] [INFO] AI content recreated success.
[2023-12-04 21:17:51] [INFO] SUCCESS REWRITING updated ID: 4922
[2023-12-04 21:19:13] [INFO] START REWRITING: https://www.digitaltrends.com/computing/reasons-for-pc-comeback/
[2023-12-04 21:19:13] [INFO] Getting article: https://www.digitaltrends.com/computing/reasons-for-pc-comeback/
[2023-12-04 21:19:13] [INFO] Rescraped data success
[2023-12-04 21:19:36] [INFO] AI content recreated success.
[2023-12-04 21:19:36] [INFO] SUCCESS REWRITING updated ID: 4922
[2023-12-04 21:20:15] [INFO] START REWRITING: https://www.digitaltrends.com/computing/reasons-for-pc-comeback/
[2023-12-04 21:20:15] [INFO] Getting article: https://www.digitaltrends.com/computing/reasons-for-pc-comeback/
[2023-12-04 21:20:15] [INFO] Rescraped data success
[2023-12-04 21:20:38] [INFO] AI content recreated success.
[2023-12-04 21:20:38] [INFO] SUCCESS REWRITING updated ID: 4922
[2023-12-04 21:20:57] [INFO] START REWRITING: https://www.digitaltrends.com/computing/reasons-for-pc-comeback/
[2023-12-04 21:20:57] [INFO] Getting article: https://www.digitaltrends.com/computing/reasons-for-pc-comeback/
[2023-12-04 21:20:57] [INFO] Rescraped data success
[2023-12-04 21:21:15] [INFO] AI content recreated success.
[2023-12-04 21:21:15] [INFO] SUCCESS REWRITING updated ID: 4922
[2023-12-04 21:33:01] [INFO] START REWRITING: https://www.digitaltrends.com/computing/reasons-for-pc-comeback/
[2023-12-04 21:33:01] [INFO] Getting article: https://www.digitaltrends.com/computing/reasons-for-pc-comeback/
[2023-12-04 21:33:02] [INFO] Rescraped data success
[2023-12-04 21:33:05] [ERROR] Content generated by AI too low, post not recreated.
[2023-12-04 21:33:05] [INFO] SUCCESS REWRITING updated ID: 
[2023-12-04 21:40:07] [INFO] START REWRITING: https://www.digitaltrends.com/computing/reasons-for-pc-comeback/
[2023-12-04 21:40:07] [INFO] Getting article: https://www.digitaltrends.com/computing/reasons-for-pc-comeback/
[2023-12-04 21:40:07] [INFO] Rescraped data success
[2023-12-04 21:40:08] [ERROR] Content generated by AI too low, post not recreated.
[2023-12-04 21:40:08] [INFO] SUCCESS REWRITING updated ID: 
[2023-12-04 21:40:17] [INFO] START REWRITING: https://www.digitaltrends.com/computing/reasons-for-pc-comeback/
[2023-12-04 21:40:17] [INFO] Getting article: https://www.digitaltrends.com/computing/reasons-for-pc-comeback/
[2023-12-04 21:40:17] [INFO] Rescraped data success
[2023-12-04 21:40:20] [ERROR] Content generated by AI too low, post not recreated.
[2023-12-04 21:40:20] [INFO] SUCCESS REWRITING updated ID: 
[2023-12-04 21:58:58] [INFO] START REWRITING: https://www.digitaltrends.com/computing/reasons-for-pc-comeback/
[2023-12-04 21:58:58] [INFO] Getting article: https://www.digitaltrends.com/computing/reasons-for-pc-comeback/
[2023-12-04 21:58:59] [INFO] Rescraped data success
[2023-12-04 21:59:02] [ERROR] Content generated by AI too low, post not recreated.
[2023-12-04 21:59:02] [INFO] SUCCESS REWRITING updated ID: 
[2023-12-04 22:01:35] [INFO] START REWRITING: https://www.digitaltrends.com/computing/reasons-for-pc-comeback/
[2023-12-04 22:01:35] [INFO] Getting article: https://www.digitaltrends.com/computing/reasons-for-pc-comeback/
[2023-12-04 22:01:35] [INFO] Rescraped data success
[2023-12-04 22:01:38] [ERROR] Content generated by AI too low, post not recreated.
[2023-12-04 22:01:38] [INFO] SUCCESS REWRITING updated ID: 
[2023-12-04 22:02:20] [INFO] START REWRITING: https://www.digitaltrends.com/computing/reasons-for-pc-comeback/
[2023-12-04 22:02:20] [INFO] Getting article: https://www.digitaltrends.com/computing/reasons-for-pc-comeback/
[2023-12-04 22:02:20] [INFO] Rescraped data success
[2023-12-04 22:02:40] [INFO] AI content recreated success.
[2023-12-04 22:02:40] [INFO] SUCCESS REWRITING updated ID: 4922
[2023-12-04 22:18:06] [INFO] START REWRITING: https://www.digitaltrends.com/computing/reasons-for-pc-comeback/
[2023-12-04 22:18:06] [INFO] Getting article: https://www.digitaltrends.com/computing/reasons-for-pc-comeback/
[2023-12-04 22:18:06] [INFO] Rescraped data success
[2023-12-04 22:18:20] [INFO] AI content recreated success.
[2023-12-04 22:18:20] [INFO] SUCCESS REWRITING updated ID: 4922
[2023-12-04 22:40:57] [INFO] START REWRITING: https://www.digitaltrends.com/computing/reasons-for-pc-comeback/
[2023-12-04 22:40:57] [INFO] Getting article: https://www.digitaltrends.com/computing/reasons-for-pc-comeback/
[2023-12-04 22:40:57] [INFO] Rescraped data success
[2023-12-04 22:41:17] [INFO] AI content recreated success.
[2023-12-04 22:41:18] [INFO] SUCCESS REWRITING updated ID: 4922
[2023-12-04 22:44:22] [INFO] START REWRITING: https://www.digitaltrends.com/computing/reasons-for-pc-comeback/
[2023-12-04 22:44:22] [INFO] Getting article: https://www.digitaltrends.com/computing/reasons-for-pc-comeback/
[2023-12-04 22:44:22] [INFO] Rescraped data success
[2023-12-04 22:44:45] [INFO] AI content recreated success.
[2023-12-04 22:44:45] [INFO] SUCCESS REWRITING updated ID: 4922
[2023-12-04 22:52:18] [INFO] START REWRITING: https://www.digitaltrends.com/computing/reasons-for-pc-comeback/
[2023-12-04 22:52:18] [INFO] Getting article: https://www.digitaltrends.com/computing/reasons-for-pc-comeback/
[2023-12-04 22:52:18] [INFO] Rescraped data success
[2023-12-04 22:52:20] [ERROR] Content generated by AI too low, post not recreated.
[2023-12-04 22:52:20] [INFO] SUCCESS REWRITING updated ID: 
[2023-12-04 23:13:16] [INFO] START REWRITING: https://www.digitaltrends.com/computing/reasons-for-pc-comeback/
[2023-12-04 23:13:16] [INFO] Getting article: https://www.digitaltrends.com/computing/reasons-for-pc-comeback/
[2023-12-04 23:13:16] [INFO] Rescraped data success
[2023-12-04 23:13:34] [INFO] AI content recreated success.
[2023-12-04 23:13:35] [INFO] SUCCESS REWRITING updated ID: 4922
[2023-12-04 23:18:26] [INFO] START REWRITING: https://www.digitaltrends.com/computing/reasons-for-pc-comeback/
[2023-12-04 23:18:26] [INFO] Getting article: https://www.digitaltrends.com/computing/reasons-for-pc-comeback/
[2023-12-04 23:18:26] [INFO] Rescraped data success
[2023-12-04 23:18:45] [INFO] AI content recreated success.
[2023-12-04 23:18:45] [INFO] SUCCESS REWRITING updated ID: 4922
[2023-12-04 23:20:18] [INFO] START REWRITING: https://www.digitaltrends.com/computing/reasons-for-pc-comeback/
[2023-12-04 23:20:18] [INFO] Getting article: https://www.digitaltrends.com/computing/reasons-for-pc-comeback/
[2023-12-04 23:20:18] [INFO] Rescraped data success
[2023-12-04 23:20:33] [INFO] AI content recreated success.
[2023-12-04 23:20:33] [INFO] SUCCESS REWRITING updated ID: 4922
[2023-12-04 23:24:44] [INFO] START REWRITING: https://www.digitaltrends.com/computing/reasons-for-pc-comeback/
[2023-12-04 23:24:44] [INFO] Getting article: https://www.digitaltrends.com/computing/reasons-for-pc-comeback/
[2023-12-04 23:24:44] [INFO] Rescraped data success
[2023-12-04 23:24:45] [ERROR] Content generated by AI too low, post not recreated.
[2023-12-04 23:24:45] [INFO] SUCCESS REWRITING updated ID: 
[2023-12-04 23:26:11] [INFO] START REWRITING: https://www.digitaltrends.com/computing/reasons-for-pc-comeback/
[2023-12-04 23:26:11] [INFO] Getting article: https://www.digitaltrends.com/computing/reasons-for-pc-comeback/
[2023-12-04 23:26:11] [INFO] Rescraped data success
[2023-12-04 23:26:12] [ERROR] Content generated by AI too low, post not recreated.
[2023-12-04 23:26:12] [INFO] SUCCESS REWRITING updated ID: 
[2023-12-04 23:27:57] [INFO] START REWRITING: https://www.digitaltrends.com/computing/reasons-for-pc-comeback/
[2023-12-04 23:27:57] [INFO] Getting article: https://www.digitaltrends.com/computing/reasons-for-pc-comeback/
[2023-12-04 23:27:57] [INFO] Rescraped data success
[2023-12-04 23:28:14] [INFO] AI content recreated success.
[2023-12-04 23:28:15] [INFO] SUCCESS REWRITING updated ID: 4922
[2023-12-04 23:33:11] [INFO] START REWRITING: https://www.digitaltrends.com/computing/reasons-for-pc-comeback/
[2023-12-04 23:33:11] [INFO] Getting article: https://www.digitaltrends.com/computing/reasons-for-pc-comeback/
[2023-12-04 23:33:11] [INFO] Rescraped data success
[2023-12-04 23:33:32] [INFO] AI content recreated success.
[2023-12-04 23:33:32] [INFO] SUCCESS REWRITING updated ID: 4922
[2023-12-04 23:35:36] [INFO] START REWRITING: https://www.digitaltrends.com/computing/reasons-for-pc-comeback/
[2023-12-04 23:35:36] [INFO] Getting article: https://www.digitaltrends.com/computing/reasons-for-pc-comeback/
[2023-12-04 23:35:36] [INFO] Rescraped data success
[2023-12-04 23:35:51] [INFO] AI content recreated success.
[2023-12-04 23:35:51] [INFO] SUCCESS REWRITING updated ID: 4922
[2023-12-04 23:39:43] [INFO] START REWRITING: https://www.digitaltrends.com/computing/reasons-for-pc-comeback/
[2023-12-04 23:39:43] [INFO] Getting article: https://www.digitaltrends.com/computing/reasons-for-pc-comeback/
[2023-12-04 23:39:43] [INFO] Rescraped data success
[2023-12-04 23:39:59] [INFO] AI content recreated success.
[2023-12-04 23:39:59] [INFO] SUCCESS REWRITING updated ID: 4922
[2023-12-04 23:47:03] [INFO] START REWRITING: https://www.digitaltrends.com/computing/reasons-for-pc-comeback/
[2023-12-04 23:47:03] [INFO] Getting article: https://www.digitaltrends.com/computing/reasons-for-pc-comeback/
[2023-12-04 23:47:03] [INFO] Rescraped data success
[2023-12-04 23:47:22] [INFO] AI content recreated success.
[2023-12-04 23:47:23] [INFO] SUCCESS REWRITING updated ID: 4922
[2023-12-04 23:47:43] [INFO] START REWRITING: https://www.digitaltrends.com/computing/reasons-for-pc-comeback/
[2023-12-04 23:47:43] [INFO] Getting article: https://www.digitaltrends.com/computing/reasons-for-pc-comeback/
[2023-12-04 23:47:43] [INFO] Rescraped data success
[2023-12-04 23:48:00] [INFO] AI content recreated success.
[2023-12-04 23:48:00] [INFO] SUCCESS REWRITING updated ID: 4922
[2023-12-04 23:48:41] [INFO] START REWRITING: https://www.digitaltrends.com/computing/reasons-for-pc-comeback/
[2023-12-04 23:48:41] [INFO] Getting article: https://www.digitaltrends.com/computing/reasons-for-pc-comeback/
[2023-12-04 23:48:41] [INFO] Rescraped data success
[2023-12-04 23:48:51] [INFO] AI content recreated success.
[2023-12-04 23:48:52] [INFO] SUCCESS REWRITING updated ID: 4922
