[2023-11-29 00:12:05] [INFO] Skipped, not categorized in selected breadcrumbs label: https://www.tomshardware.com/news/amd-ryzen-8040hs-hawk-point-cpu-benchmarks
[2023-11-29 00:12:05] [ERROR] Invalid scraped data format: 
[2023-11-29 00:27:20] [INFO] START WITH SOURCE: https://www.digitaltrends.com/computing-news/
[2023-11-29 00:27:20] [INFO] Scraped data success
[2023-11-29 00:27:42] [INFO] AI content created success
[2023-11-29 00:27:43] [INFO] SUCCESS POST posted with ID: 4766
[2023-11-29 00:27:43] [INFO] START WITH SOURCE: https://www.tomshardware.com/pc-components/news
[2023-11-29 00:27:44] [INFO] Scraped data success
[2023-11-29 00:28:14] [INFO] AI content created success
[2023-11-29 00:28:15] [INFO] SUCCESS POST posted with ID: 4768
[2023-11-29 00:42:56] [INFO] Skipped, not categorized in selected breadcrumbs label: https://www.tomshardware.com/news/amd-ryzen-8040hs-hawk-point-cpu-benchmarks
[2023-11-29 00:42:56] [ERROR] Invalid scraped data format: 
[2023-11-29 01:03:43] [INFO] START WITH SOURCE: 
[2023-11-29 01:03:43] [ERROR] Error in scrapeWebsite: unable to create socket ":80" php_network_getaddresses: getaddrinfo failed: No address associated with hostname
[2023-11-29 01:03:43] [ERROR] Invalid scraped data format: 
[2023-11-29 01:08:00] [INFO] START WITH SOURCE: 
[2023-11-29 01:08:00] [ERROR] Error in scrapeWebsite: unable to create socket ":80" php_network_getaddresses: getaddrinfo failed: No address associated with hostname
[2023-11-29 01:08:00] [WTF] error
[2023-11-29 01:08:00] [ERROR] Invalid scraped data format: 
[2023-11-29 02:29:22] [ERROR] There is no configuration for this website url
[2023-11-29 02:29:22] [INFO] START WITH SOURCE: 
[2023-11-29 02:32:01] [ERROR] AAAAhttps://www.tomshardware.com/pc-components/news
[2023-11-29 02:32:01] [ERROR] There is no configuration for this website url
[2023-11-29 02:33:59] [ERROR] AAAAtomshardware.com
[2023-11-29 02:33:59] [ERROR] There is no configuration for this website url
[2023-11-29 02:38:34] [INFO] START WITH SOURCE: https://www.digitaltrends.com/computing-news/
[2023-11-29 02:38:34] [INFO] Skipped, not categorized in selected breadcrumbs label: https://www.tomshardware.com/news/amd-ryzen-8040hs-hawk-point-cpu-benchmarks
[2023-11-29 02:38:34] [ERROR] Invalid scraped data format: 
[2023-11-29 02:41:43] [ERROR] AAAAhttps://www.digitaltrends.com/computing-news/
[2023-11-29 02:41:43] [INFO] START WITH SOURCE: https://www.digitaltrends.com/computing-news/
[2023-11-29 02:41:43] [INFO] Skipped, not categorized in selected breadcrumbs label: https://www.tomshardware.com/news/amd-ryzen-8040hs-hawk-point-cpu-benchmarks
[2023-11-29 02:41:43] [ERROR] Invalid scraped data format: 
[2023-11-29 02:44:17] [ERROR] BASE tomshardware.com
[2023-11-29 02:44:17] [ERROR] SOURCE tomshardware.com
[2023-11-29 02:44:17] [INFO] START WITH SOURCE: https://www.digitaltrends.com/computing-news/
[2023-11-29 02:44:17] [INFO] Skipped, not categorized in selected breadcrumbs label: https://www.tomshardware.com/news/amd-ryzen-8040hs-hawk-point-cpu-benchmarks
[2023-11-29 02:44:17] [ERROR] Invalid scraped data format: 
[2023-11-29 02:46:05] [INFO] START WITH SOURCE: https://www.digitaltrends.com/computing-news/
[2023-11-29 02:46:05] [INFO] Skipped, not categorized in selected breadcrumbs label: https://www.tomshardware.com/news/amd-ryzen-8040hs-hawk-point-cpu-benchmarks
[2023-11-29 02:46:05] [ERROR] Invalid scraped data format: 
[2023-11-29 02:47:56] [INFO] START WITH SOURCE: https://www.digitaltrends.com/computing-news/
[2023-11-29 02:47:56] [INFO] Skipped, not categorized in selected breadcrumbs label: https://www.tomshardware.com/news/amd-ryzen-8040hs-hawk-point-cpu-benchmarks
[2023-11-29 02:47:56] [ERROR] Invalid scraped data format: 
[2023-11-29 02:50:27] [INFO] START WITH SOURCE: https://www.digitaltrends.com/computing-news/
[2023-11-29 02:50:27] [INFO] Skipped, not categorized in selected breadcrumbs label: https://www.tomshardware.com/news/amd-ryzen-8040hs-hawk-point-cpu-benchmarks
[2023-11-29 02:50:27] [ERROR] Invalid scraped data format: 
[2023-11-29 02:52:13] [ERROR] There is no configuration for this website url
[2023-11-29 02:54:24] [ERROR] There is no configuration for this website url
[2023-11-29 11:25:23] [INFO] START WITH SOURCE: https://www.digitaltrends.com/computing-news/
[2023-11-29 11:25:23] [INFO] Skipped, not categorized in selected breadcrumbs label: https://www.tomshardware.com/news/amd-ryzen-8040hs-hawk-point-cpu-benchmarks
[2023-11-29 11:25:23] [ERROR] Invalid scraped data format: 
[2023-11-29 11:27:57] [ERROR] There is no configuration for this website url
[2023-11-29 12:12:48] [INFO] START WITH SOURCE: https://www.digitaltrends.com/computing-news/
[2023-11-29 12:12:48] [INFO] Skipped, not categorized in selected breadcrumbs label: https://www.tomshardware.com/news/amd-ryzen-8040hs-hawk-point-cpu-benchmarks
[2023-11-29 12:12:48] [ERROR] Invalid scraped data format: 
[2023-11-29 12:34:49] [INFO] START WITH SOURCE: 
[2023-11-29 12:38:55] [INFO] START WITH SOURCE: https://www.digitaltrends.com/computing-news/
[2023-11-29 12:38:55] [INFO] Skipped, not categorized in selected breadcrumbs label: https://www.tomshardware.com/news/amd-ryzen-8040hs-hawk-point-cpu-benchmarks
[2023-11-29 12:38:55] [ERROR] Invalid scraped data format: 
[2023-11-29 12:40:26] [INFO] START WITH SOURCE: https://www.digitaltrends.com/computing-news/
[2023-11-29 12:40:26] [INFO] Skipped, not categorized in selected breadcrumbs label: https://www.tomshardware.com/news/amd-ryzen-8040hs-hawk-point-cpu-benchmarks
[2023-11-29 12:40:26] [ERROR] Invalid scraped data format: 
[2023-11-29 12:42:39] [INFO] START WITH SOURCE: https://www.digitaltrends.com/computing-news/
[2023-11-29 12:42:39] [INFO] Skipped, not categorized in selected breadcrumbs label: https://www.tomshardware.com/news/amd-ryzen-8040hs-hawk-point-cpu-benchmarks
[2023-11-29 12:42:39] [ERROR] Invalid scraped data format: 
[2023-11-29 12:44:39] [INFO] START WITH SOURCE: https://www.digitaltrends.com/computing-news/
[2023-11-29 12:44:39] [INFO] Skipped, not categorized in selected breadcrumbs label: https://www.tomshardware.com/news/amd-ryzen-8040hs-hawk-point-cpu-benchmarks
[2023-11-29 12:44:39] [ERROR] Invalid scraped data format: 
[2023-11-29 12:52:49] [INFO] START WITH SOURCE: https://www.tomshardware.com/pc-components/news
[2023-11-29 12:52:49] [INFO] Scraped data success
[2023-11-29 12:53:27] [INFO] AI content created success
[2023-11-29 12:53:28] [INFO] SUCCESS POST posted with ID: 4771
[2023-11-29 13:15:01] [INFO] START WITH SOURCE: https://www.tomshardware.com/pc-components/news
[2023-11-29 13:15:01] [INFO] Getting article: https://www.tomshardware.com/news/intel-arrow-lake-h-leaked-in-customs-database
[2023-11-29 13:15:01] [INFO] Scraped data success
[2023-11-29 13:15:18] [INFO] AI content created success
[2023-11-29 13:15:19] [INFO] SUCCESS POST posted with ID: 4773
[2023-11-29 21:21:22] [INFO] START REWRITING: https://www.tomshardware.com/news/intel-arrow-lake-h-leaked-in-customs-database
[2023-11-29 21:21:23] [INFO] Getting article: https://www.tomshardware.com/news/nvidia-reportedly-creating-new-rtx-4090-d-dragon-gpu-to-comply-with-us-export-regulations-for-china
[2023-11-29 21:21:23] [INFO] Rescraped data success
[2023-11-29 21:21:43] [INFO] AI content recreated success.
[2023-11-29 21:21:48] [INFO] SUCCESS POST posted with ID: 1
[2023-11-29 21:27:17] [INFO] START REWRITING: https://www.digitaltrends.com/mobile/samsung-galaxy-s24-ultra-huge-leak-hands-on-photos-news/
[2023-11-29 21:27:17] [INFO] Getting article: https://www.digitaltrends.com/computing/microsoft-paint-cocreator-useful-again/
[2023-11-29 21:27:17] [INFO] Rescraped data success
[2023-11-29 21:27:33] [INFO] AI content recreated success.
[2023-11-29 21:27:33] [INFO] SUCCESS REWRITING updated ID: 4622
[2023-11-29 21:30:58] [INFO] START REWRITING: https://www.digitaltrends.com/mobile/samsung-galaxy-s24-release-date-price-specs-news/
[2023-11-29 21:30:58] [INFO] Getting article: https://www.digitaltrends.com/computing/microsoft-paint-cocreator-useful-again/
[2023-11-29 21:30:58] [INFO] Rescraped data success
[2023-11-29 21:31:18] [INFO] AI content recreated success.
[2023-11-29 21:31:18] [INFO] SUCCESS REWRITING updated ID: 4614
[2023-11-29 21:34:34] [INFO] START REWRITING: https://www.digitaltrends.com/mobile/tech-youtuber-accuses-casetify-of-copyright-infringement/
[2023-11-29 21:34:34] [INFO] Getting article: https://www.digitaltrends.com/computing/microsoft-paint-cocreator-useful-again/
[2023-11-29 21:34:34] [INFO] Rescraped data success
[2023-11-29 21:34:57] [INFO] AI content recreated success.
[2023-11-29 21:34:57] [INFO] SUCCESS REWRITING updated ID: 4643
[2023-11-29 21:43:53] [INFO] START REWRITING: https://www.digitaltrends.com/computing/oled-macbook-pro-still-many-years-away/
[2023-11-29 21:43:53] [INFO] Getting article: https://www.digitaltrends.com/computing/microsoft-paint-cocreator-useful-again/
[2023-11-29 21:43:53] [INFO] Rescraped data success
[2023-11-29 21:44:14] [INFO] AI content recreated success.
[2023-11-29 21:44:15] [INFO] SUCCESS REWRITING updated ID: 4737
[2023-11-29 21:46:26] [INFO] START REWRITING: https://www.digitaltrends.com/computing/why-rtx-4090-is-so-expensive/
[2023-11-29 21:46:26] [INFO] Getting article: https://www.digitaltrends.com/computing/microsoft-paint-cocreator-useful-again/
[2023-11-29 21:46:26] [INFO] Rescraped data success
[2023-11-29 21:46:50] [INFO] AI content recreated success.
[2023-11-29 21:46:50] [INFO] SUCCESS REWRITING updated ID: 4637
[2023-11-29 21:50:10] [INFO] START REWRITING: https://www.digitaltrends.com/computing/why-rtx-4090-is-so-expensive/
[2023-11-29 21:50:10] [INFO] Getting article: https://www.digitaltrends.com/computing/why-rtx-4090-is-so-expensive/
[2023-11-29 21:50:10] [INFO] Rescraped data success
[2023-11-29 21:50:32] [INFO] AI content recreated success.
[2023-11-29 21:50:32] [INFO] SUCCESS REWRITING updated ID: 4637
[2023-11-29 21:50:47] [INFO] START REWRITING: https://www.digitaltrends.com/mobile/tech-youtuber-accuses-casetify-of-copyright-infringement/
[2023-11-29 21:50:47] [INFO] Getting article: https://www.digitaltrends.com/mobile/tech-youtuber-accuses-casetify-of-copyright-infringement/
[2023-11-29 21:50:47] [INFO] Rescraped data success
[2023-11-29 21:51:05] [INFO] AI content recreated success.
[2023-11-29 21:51:05] [INFO] SUCCESS REWRITING updated ID: 4643
[2023-11-29 21:52:02] [ERROR] Error in scrapeWebsite: unable to create socket ":80" php_network_getaddresses: getaddrinfo failed: No address associated with hostname
[2023-11-29 21:52:02] [INFO] START WITH SOURCE: https://www.tomshardware.com/pc-components/news
[2023-11-29 21:52:02] [ERROR] Invalid scraped data format: 
[2023-11-29 21:52:27] [ERROR] Error in scrapeWebsite: unable to create socket ":80" php_network_getaddresses: getaddrinfo failed: No address associated with hostname
[2023-11-29 21:52:27] [INFO] START WITH SOURCE: https://www.tomshardware.com/pc-components/news
[2023-11-29 21:52:27] [ERROR] Invalid scraped data format: 
[2023-11-29 21:56:16] [INFO] Getting article: https://www.tomshardware.com/news/nvidia-reportedly-creating-new-rtx-4090-d-dragon-gpu-to-comply-with-us-export-regulations-for-china
[2023-11-29 21:56:16] [INFO] START WITH SOURCE: https://www.tomshardware.com/pc-components/news
[2023-11-29 21:56:16] [INFO] Skipped, already scraped: https://www.tomshardware.com/news/nvidia-reportedly-creating-new-rtx-4090-d-dragon-gpu-to-comply-with-us-export-regulations-for-china
[2023-11-29 22:01:53] [INFO] Getting article: https://www.tomshardware.com/news/nvidia-reportedly-creating-new-rtx-4090-d-dragon-gpu-to-comply-with-us-export-regulations-for-china
[2023-11-29 22:01:53] [INFO] START WITH SOURCE: https://www.tomshardware.com/pc-components/news
[2023-11-29 22:01:53] [INFO] Scraped data success
[2023-11-29 22:02:16] [INFO] AI content created success
[2023-11-29 22:02:19] [INFO] SUCCESS POST posted with ID: 4796
[2023-11-29 22:03:33] [INFO] Getting article: https://www.tomshardware.com/news/nvidia-reportedly-creating-new-rtx-4090-d-dragon-gpu-to-comply-with-us-export-regulations-for-china
[2023-11-29 22:03:33] [INFO] START WITH SOURCE: https://www.tomshardware.com/pc-components/news
[2023-11-29 22:03:33] [INFO] Skipped, already scraped: https://www.tomshardware.com/news/nvidia-reportedly-creating-new-rtx-4090-d-dragon-gpu-to-comply-with-us-export-regulations-for-china
[2023-11-29 22:04:57] [INFO] Getting article: https://www.tomshardware.com/news/loongson-launches-3a6000-cpu-matches-14600k-ipc
[2023-11-29 22:04:57] [INFO] START WITH SOURCE: https://www.tomshardware.com/pc-components/news
[2023-11-29 22:04:57] [INFO] Scraped data success
[2023-11-29 22:05:10] [INFO] AI content created success
[2023-11-29 22:05:12] [INFO] SUCCESS POST posted with ID: 0
[2023-11-29 22:06:07] [INFO] Getting article: https://www.tomshardware.com/news/loongson-launches-3a6000-cpu-matches-14600k-ipc
[2023-11-29 22:06:07] [INFO] START WITH SOURCE: https://www.tomshardware.com/pc-components/news
[2023-11-29 22:06:07] [INFO] Scraped data success
[2023-11-29 22:06:29] [INFO] AI content created success
[2023-11-29 22:06:30] [INFO] SUCCESS POST posted with ID: 4803
[2023-11-29 22:07:24] [INFO] START REWRITING: https://www.tomshardware.com/news/nvidia-reportedly-creating-new-rtx-4090-d-dragon-gpu-to-comply-with-us-export-regulations-for-china
[2023-11-29 22:07:24] [INFO] Getting article: https://www.tomshardware.com/news/nvidia-reportedly-creating-new-rtx-4090-d-dragon-gpu-to-comply-with-us-export-regulations-for-china
[2023-11-29 22:07:24] [INFO] Rescraped data success
[2023-11-29 22:07:44] [INFO] AI content recreated success.
[2023-11-29 22:07:46] [INFO] SUCCESS REWRITING updated ID: 4796
[2023-11-29 22:52:17] [INFO] Getting article: https://www.digitaltrends.com/computing/microsoft-paint-cocreator-useful-again/
[2023-11-29 22:59:53] [INFO] Getting article: https://www.digitaltrends.com/computing/microsoft-paint-cocreator-useful-again/
[2023-11-29 23:03:15] [INFO] Getting article: https://www.digitaltrends.com/computing/microsoft-paint-cocreator-useful-again/
[2023-11-29 23:03:15] [INFO] START WITH SOURCE: https://www.digitaltrends.com/computing-news/
[2023-11-29 23:03:15] [INFO] Scraped data success
[2023-11-29 23:03:30] [INFO] AI content created success
[2023-11-29 23:03:31] [ERROR] Failed to attach image: 
[2023-11-29 23:03:31] [ERROR] Failed to attach featured image: 
[2023-11-29 23:03:31] [ERROR] Failed to process and post article: https://www.digitaltrends.com/computing/microsoft-paint-cocreator-useful-again/
[2023-11-29 23:03:31] [INFO] Getting article: https://www.tomshardware.com/news/nvidia-reportedly-creating-new-rtx-4090-d-dragon-gpu-to-comply-with-us-export-regulations-for-china
[2023-11-29 23:03:31] [INFO] START WITH SOURCE: https://www.tomshardware.com/pc-components/news
[2023-11-29 23:03:31] [INFO] Skipped, already scraped: https://www.tomshardware.com/news/nvidia-reportedly-creating-new-rtx-4090-d-dragon-gpu-to-comply-with-us-export-regulations-for-china
[2023-11-29 23:05:31] [INFO] Getting article: https://www.digitaltrends.com/computing/microsoft-paint-cocreator-useful-again/
[2023-11-29 23:05:31] [INFO] START WITH SOURCE: https://www.digitaltrends.com/computing-news/
[2023-11-29 23:05:31] [INFO] Scraped data success
[2023-11-29 23:05:53] [INFO] AI content created success
[2023-11-29 23:05:54] [ERROR] Failed to attach image: 
[2023-11-29 23:05:54] [ERROR] Failed to attach featured image: 
[2023-11-29 23:05:54] [ERROR] Failed to process and post article: https://www.digitaltrends.com/computing/microsoft-paint-cocreator-useful-again/
[2023-11-29 23:05:54] [INFO] Getting article: https://www.tomshardware.com/news/nvidia-reportedly-creating-new-rtx-4090-d-dragon-gpu-to-comply-with-us-export-regulations-for-china
[2023-11-29 23:05:54] [INFO] START WITH SOURCE: https://www.tomshardware.com/pc-components/news
[2023-11-29 23:05:54] [INFO] Scraped data success
[2023-11-29 23:06:18] [INFO] AI content created success
[2023-11-29 23:06:20] [ERROR] Failed to attach image: 
[2023-11-29 23:06:20] [ERROR] Failed to attach featured image: 
[2023-11-29 23:06:20] [ERROR] Failed to process and post article: https://www.tomshardware.com/news/nvidia-reportedly-creating-new-rtx-4090-d-dragon-gpu-to-comply-with-us-export-regulations-for-china
[2023-11-29 23:07:27] [INFO] Getting article: https://www.tomshardware.com/news/nvidia-reportedly-creating-new-rtx-4090-d-dragon-gpu-to-comply-with-us-export-regulations-for-china
[2023-11-29 23:07:27] [INFO] START WITH SOURCE: https://www.tomshardware.com/pc-components/news
[2023-11-29 23:07:27] [INFO] Scraped data success
[2023-11-29 23:07:43] [INFO] AI content created success
[2023-11-29 23:07:46] [INFO] SUCCESS POST posted with ID: 4823
[2023-11-29 23:19:27] [INFO] Getting article: https://www.digitaltrends.com/computing/microsoft-paint-cocreator-useful-again/
[2023-11-29 23:25:57] [INFO] Getting article: https://www.digitaltrends.com/computing/microsoft-paint-cocreator-useful-again/
[2023-11-29 23:25:57] [INFO] START WITH SOURCE: https://www.digitaltrends.com/computing-news/
[2023-11-29 23:25:57] [INFO] Scraped data success
[2023-11-29 23:26:15] [INFO] AI content created success
[2023-11-29 23:26:15] [ERROR] Failed to attach image: 
[2023-11-29 23:26:15] [INFO] Failed to attach featured image
[2023-11-29 23:26:15] [INFO] SUCCESS POST posted with ID: 4826
[2023-11-29 23:26:17] [INFO] Getting article: https://www.tomshardware.com/news/nvidia-reportedly-creating-new-rtx-4090-d-dragon-gpu-to-comply-with-us-export-regulations-for-china
[2023-11-29 23:26:17] [INFO] START WITH SOURCE: https://www.tomshardware.com/pc-components/news
[2023-11-29 23:26:17] [INFO] Scraped data success
[2023-11-29 23:26:34] [INFO] AI content created success
[2023-11-29 23:26:37] [ERROR] Failed to attach image: 
[2023-11-29 23:26:37] [INFO] Failed to attach featured image
[2023-11-29 23:26:37] [INFO] SUCCESS POST posted with ID: 4828
[2023-11-29 23:42:49] [INFO] START WITH SOURCE: https://www.tomshardware.com/pc-components/news
[2023-11-29 23:42:49] [INFO] Getting article: https://www.tomshardware.com/news/nvidia-reportedly-creating-new-rtx-4090-d-dragon-gpu-to-comply-with-us-export-regulations-for-china
[2023-11-29 23:42:49] [INFO] Scraped data success
[2023-11-29 23:43:04] [INFO] AI content created success
[2023-11-29 23:43:07] [INFO] SUCCESS POST posted with ID: 4830
[2023-11-29 23:43:35] [INFO] START REWRITING: https://www.tomshardware.com/news/nvidia-reportedly-creating-new-rtx-4090-d-dragon-gpu-to-comply-with-us-export-regulations-for-china
[2023-11-29 23:43:35] [INFO] Getting article: https://www.tomshardware.com/news/nvidia-reportedly-creating-new-rtx-4090-d-dragon-gpu-to-comply-with-us-export-regulations-for-china
[2023-11-29 23:43:35] [INFO] Rescraped data success
[2023-11-29 23:43:55] [INFO] AI content recreated success.
[2023-11-29 23:43:57] [INFO] SUCCESS REWRITING updated ID: 4830
[2023-11-29 23:46:30] [INFO] START WITH SOURCE: https://www.digitaltrends.com/computing-news/
[2023-11-29 23:46:30] [INFO] Getting article: https://www.digitaltrends.com/computing/microsoft-paint-cocreator-useful-again/
[2023-11-29 23:46:30] [INFO] Scraped data success
[2023-11-29 23:46:53] [INFO] AI content created success
[2023-11-29 23:46:54] [INFO] SUCCESS POST posted with ID: 4836
[2023-11-29 23:46:54] [INFO] START WITH SOURCE: https://www.tomshardware.com/pc-components/news
[2023-11-29 23:46:54] [INFO] Getting article: https://www.tomshardware.com/news/nvidia-reportedly-creating-new-rtx-4090-d-dragon-gpu-to-comply-with-us-export-regulations-for-china
[2023-11-29 23:46:54] [INFO] Skipped, already scraped: https://www.tomshardware.com/news/nvidia-reportedly-creating-new-rtx-4090-d-dragon-gpu-to-comply-with-us-export-regulations-for-china
[2023-11-29 23:47:48] [INFO] START REWRITING: https://www.digitaltrends.com/computing/microsoft-paint-cocreator-useful-again/
[2023-11-29 23:47:48] [INFO] Getting article: https://www.digitaltrends.com/computing/microsoft-paint-cocreator-useful-again/
[2023-11-29 23:47:48] [INFO] Rescraped data success
[2023-11-29 23:48:05] [INFO] AI content recreated success.
[2023-11-29 23:48:05] [INFO] SUCCESS REWRITING updated ID: 4836
[2023-11-29 23:59:01] [INFO] START WITH SOURCE: https://www.tomshardware.com/pc-components/news
[2023-11-29 23:59:01] [INFO] Getting article: https://www.tomshardware.com/news/nvidia-reportedly-creating-new-rtx-4090-d-dragon-gpu-to-comply-with-us-export-regulations-for-china
[2023-11-29 23:59:01] [INFO] Scraped data success
[2023-11-29 23:59:18] [INFO] AI content created success
[2023-11-29 23:59:21] [INFO] SUCCESS POST posted with ID: 4844
