[2023-12-01 00:02:19] [INFO] Getting article: https://www.digitaltrends.com/computing/intel-core-ultra-processors-appear-in-new-leak/
[2023-12-01 07:31:49] [INFO] START WITH SOURCE: https://www.digitaltrends.com/computing-news/
[2023-12-01 07:31:49] [INFO] Getting article: https://www.digitaltrends.com/computing/intel-core-ultra-processors-appear-in-new-leak/
[2023-12-01 07:31:49] [INFO] Skipped, already scraped: https://www.digitaltrends.com/computing/intel-core-ultra-processors-appear-in-new-leak/
[2023-12-01 07:31:49] [INFO] START WITH SOURCE: https://www.tomshardware.com/pc-components/news
[2023-12-01 07:31:50] [INFO] Getting article: https://www.tomshardware.com/news/nvidia-rtx-4090d-leaked-gpu
[2023-12-01 07:31:50] [INFO] Skipped, already scraped: https://www.tomshardware.com/news/nvidia-rtx-4090d-leaked-gpu
[2023-12-01 07:31:51] [INFO] START WITH SOURCE: https://www.pcworld.com/pc-components/news
[2023-12-01 07:31:51] [INFO] Getting article: https://www.pcworld.com/article/2158035/as-flash-prices-rise-the-end-of-great-ssd-deals-may-be-near.html
[2023-12-01 07:31:51] [INFO] Skipped, already scraped: https://www.pcworld.com/article/2158035/as-flash-prices-rise-the-end-of-great-ssd-deals-may-be-near.html
[2023-12-01 07:33:12] [INFO] START WITH SOURCE: https://www.digitaltrends.com/computing-news/
[2023-12-01 07:33:12] [INFO] Getting article: https://www.digitaltrends.com/computing/intel-core-ultra-processors-appear-in-new-leak/
[2023-12-01 07:33:12] [INFO] Skipped, already scraped: https://www.digitaltrends.com/computing/intel-core-ultra-processors-appear-in-new-leak/
[2023-12-01 07:33:13] [INFO] START WITH SOURCE: https://www.tomshardware.com/pc-components/news
[2023-12-01 07:33:13] [INFO] Getting article: https://www.tomshardware.com/news/nvidia-rtx-4090d-leaked-gpu
[2023-12-01 07:33:13] [INFO] Skipped, already scraped: https://www.tomshardware.com/news/nvidia-rtx-4090d-leaked-gpu
[2023-12-01 07:33:13] [INFO] START WITH SOURCE: https://www.pcworld.com/pc-components/news
[2023-12-01 07:33:13] [INFO] Getting article: https://www.pcworld.com/article/2158035/as-flash-prices-rise-the-end-of-great-ssd-deals-may-be-near.html
[2023-12-01 07:33:13] [INFO] Skipped, already scraped: https://www.pcworld.com/article/2158035/as-flash-prices-rise-the-end-of-great-ssd-deals-may-be-near.html
[2023-12-01 07:35:11] [ERROR] There is no configuration for this website url
[2023-12-01 07:35:55] [INFO] START WITH SOURCE: https://www.tomshardware.com/pc-components/news
[2023-12-01 07:35:55] [INFO] Getting article: https://www.tomshardware.com/news/nvidia-rtx-4090d-leaked-gpu
[2023-12-01 07:35:55] [INFO] Skipped, already scraped: https://www.tomshardware.com/news/nvidia-rtx-4090d-leaked-gpu
[2023-12-01 13:24:23] [INFO] START WITH SOURCE: https://www.digitaltrends.com/computing-news/
[2023-12-01 13:24:23] [INFO] Getting article: https://www.digitaltrends.com/computing/intel-core-ultra-processors-appear-in-new-leak/
[2023-12-01 13:24:23] [INFO] Skipped, already scraped: https://www.digitaltrends.com/computing/intel-core-ultra-processors-appear-in-new-leak/
[2023-12-01 13:24:24] [INFO] START WITH SOURCE: https://www.tomshardware.com/pc-components/news
[2023-12-01 13:24:25] [INFO] Getting article: https://www.tomshardware.com/pc-components/cpus/new-chinese-gpgpu-arrives-to-challenge-nvidias-ai-dominance-but-falls-woefully-short-loongson-unveils-ai-and-hpc-gpu-up-to-1-tflops-of-performance-per-node
[2023-12-01 13:24:25] [INFO] Scraped data success
[2023-12-01 13:24:43] [INFO] AI content created success
[2023-12-01 13:24:53] [INFO] SUCCESS POST posted with ID: 4920
[2023-12-01 13:24:53] [INFO] START WITH SOURCE: https://www.pcworld.com/pc-components/news
[2023-12-01 13:24:54] [INFO] Getting article: https://www.pcworld.com/article/2158035/as-flash-prices-rise-the-end-of-great-ssd-deals-may-be-near.html
[2023-12-01 13:24:54] [INFO] Skipped, already scraped: https://www.pcworld.com/article/2158035/as-flash-prices-rise-the-end-of-great-ssd-deals-may-be-near.html
