[2023-12-07 00:54:16] [ERROR] Error in scrapeWebsite: duzun\hQuery\Parser\Selector: Unexpected '\' at 40 in "#main-wrapper > main > div.u-padding-t-1\@mobile-max > div.lrv-a-wrapper.lrv-u-margin-t-1\@tablet.lrv-u-margin-b-2 > div > div > section.latest-news-river.\/\/.js-LatestNewsButton-ScrollDestination.lrv-u-flex.lrv-u-flex-direction-column.u-border-t-6.u-border-color-picked-bluewood.u-box-shadow-menu.u-padding-lr-075.u-padding-lr-1\@tablet.lrv-u-background-color-white.a-span2\@tablet.a-span3\@desktop-xl.lrv-u-height-100p > ul.o-tease-news-list.lrv-a-unstyle-list.u-margin-t-075.u-margin-t-125\@tablet > li:nth-child(1)"
[2023-12-07 00:58:45] [ERROR] Error in scrapeWebsite: Category page last article not found.
[2023-12-07 01:00:03] [INFO] Getting article: https://variety.com/2023/film/features/cillian-murphy-margot-robbie-barbenheimer-memes-box-office-success-1235820469/
[2023-12-07 01:00:03] [ERROR] Error in scrapeWebsite: duzun\hQuery\Parser\Selector: Unexpected '\' at 52 in "#main-wrapper > main > section.article-with-sidebar.\/\/ > div > article > div.a-content.a-content--logo-end.u-font-family-body.lrv-u-line-height-normal.lrv-u-font-size-18.u-max-width-600\@tablet.u-max-width-640\@desktop-xl.lrv-u-margin-l-auto.lrv-u-margin-b-1 > div.vy-cx-page-content"
[2023-12-07 01:04:03] [INFO] Getting article: https://variety.com/2023/film/features/cillian-murphy-margot-robbie-barbenheimer-memes-box-office-success-1235820469/
[2023-12-07 01:12:29] [INFO] START WITH SOURCE: https://variety.com/v/film/
[2023-12-07 01:12:29] [INFO] Getting article: https://variety.com/2023/film/reviews/wonka-review-timothee-chalamet-1235810828/
[2023-12-07 01:12:29] [INFO] Scraped data success
[2023-12-07 01:13:46] [INFO] AI content created success
[2023-12-07 01:13:46] [ERROR] Failed to attach image: 
[2023-12-07 01:13:46] [INFO] Failed to attach featured image
[2023-12-07 01:13:46] [INFO] SUCCESS POST posted with ID: 5052
[2023-12-07 13:13:04] [INFO] START WITH SOURCE: https://www.digitaltrends.com/computing-news/
[2023-12-07 13:13:04] [INFO] Getting article: https://www.digitaltrends.com/computing/amd-mi300x-gpu-launch/
[2023-12-07 13:13:04] [INFO] Scraped data success
[2023-12-07 13:13:29] [INFO] AI content created success
[2023-12-07 13:13:30] [INFO] SUCCESS POST posted with ID: 5057
[2023-12-07 13:13:30] [INFO] START WITH SOURCE: https://www.tomshardware.com/pc-components/news
[2023-12-07 13:13:30] [INFO] Getting article: https://www.tomshardware.com/pc-components/cpus/amd-advancing-ai-event-live-blog-instinct-mi300-launch-ryzen-8000-hawk-point-expected
[2023-12-07 13:13:30] [INFO] Skipped, already scraped: https://www.tomshardware.com/pc-components/cpus/amd-advancing-ai-event-live-blog-instinct-mi300-launch-ryzen-8000-hawk-point-expected
[2023-12-07 13:13:31] [INFO] START WITH SOURCE: https://www.pcworld.com/pc-components/news
[2023-12-07 13:21:28] [INFO] START WITH SOURCE: https://www.digitaltrends.com/computing-news/
[2023-12-07 13:21:28] [INFO] Getting article: https://www.digitaltrends.com/computing/amd-mi300x-gpu-launch/
[2023-12-07 13:21:28] [INFO] Scraped data success
[2023-12-07 13:21:52] [INFO] AI content created success
[2023-12-07 13:21:53] [INFO] SUCCESS POST posted with ID: 5061
[2023-12-07 13:21:54] [INFO] START WITH SOURCE: https://www.tomshardware.com/pc-components/news
[2023-12-07 13:21:54] [INFO] Getting article: https://www.tomshardware.com/features/hdd-benchmarks-hierarchy
[2023-12-07 13:21:54] [INFO] Skipped, already scraped: https://www.tomshardware.com/features/hdd-benchmarks-hierarchy
[2023-12-07 13:21:54] [INFO] START WITH SOURCE: https://www.pcworld.com/pc-components/news
[2023-12-07 13:21:54] [ERROR] Error in scrapeWebsite: Category page last article not found.
[2023-12-07 13:21:54] [ERROR] Invalid scraped data format: 
[2023-12-07 13:21:55] [INFO] START WITH SOURCE: https://variety.com/v/film/
[2023-12-07 13:21:55] [INFO] Getting article: https://variety.com/2023/film/features/cillian-murphy-margot-robbie-barbenheimer-memes-box-office-success-1235820469/
[2023-12-07 13:21:55] [INFO] Scraped data success
[2023-12-07 13:22:18] [INFO] AI content created success
[2023-12-07 13:22:21] [INFO] SUCCESS POST posted with ID: 5067
[2023-12-07 13:22:49] [INFO] Getting article: https://variety.com/2023/film/features/cillian-murphy-margot-robbie-barbenheimer-memes-box-office-success-1235820469/
[2023-12-07 13:23:32] [INFO] Getting article: https://www.pcworld.com/article/813362/best-pc-computer-deals.html
[2023-12-07 13:23:32] [INFO] Skipped, not article type text: https://www.pcworld.com/article/813362/best-pc-computer-deals.html
[2023-12-07 14:46:19] [INFO] START WITH SOURCE: https://www.digitaltrends.com/computing-news/
[2023-12-07 14:46:19] [INFO] Getting article: https://www.digitaltrends.com/computing/amd-mi300x-gpu-launch/
[2023-12-07 14:46:19] [INFO] Skipped, already scraped: https://www.digitaltrends.com/computing/amd-mi300x-gpu-launch/
[2023-12-07 14:46:19] [INFO] START WITH SOURCE: https://www.tomshardware.com/pc-components/news
[2023-12-07 14:46:20] [INFO] Getting article: https://www.tomshardware.com/news/rtx4090d-leak-no-overclocking-tdp-capped
[2023-12-07 14:46:20] [INFO] Scraped data success
[2023-12-07 14:46:33] [INFO] AI content created success
[2023-12-07 14:46:34] [INFO] SUCCESS POST posted with ID: 5071
[2023-12-07 14:46:34] [INFO] START WITH SOURCE: https://www.pcworld.com/pc-components/news
[2023-12-07 14:46:35] [ERROR] Error in scrapeWebsite: Category page last article not found.
[2023-12-07 14:46:35] [ERROR] Invalid scraped data format: 
[2023-12-07 14:46:36] [INFO] START WITH SOURCE: https://variety.com/v/film/
[2023-12-07 14:46:36] [INFO] Getting article: https://variety.com/2023/film/features/cillian-murphy-margot-robbie-barbenheimer-memes-box-office-success-1235820469/
[2023-12-07 14:46:36] [INFO] Skipped, already scraped: https://variety.com/2023/film/features/cillian-murphy-margot-robbie-barbenheimer-memes-box-office-success-1235820469/
