[2023-11-25 13:08:55] [INFO] START WEBSITE URL: https://www.digitaltrends.com/computing-news/
[2023-11-25 13:09:00] [INFO] Scraped data success
[2023-11-25 13:09:21] [INFO] AI content created success
[2023-11-25 13:09:23] [INFO] SUCCESS POST posted with ID: 362
[2023-11-25 13:09:23] [INFO] START WEBSITE URL: https://www.tomshardware.com/desktops
[2023-11-25 13:09:26] [INFO] Scraped data success
[2023-11-25 13:10:21] [INFO] AI content created success
[2023-11-25 13:10:39] [INFO] SUCCESS POST posted with ID: 379
[2023-11-25 13:13:38] [INFO] START WEBSITE URL: https://www.digitaltrends.com/computing-news/
[2023-11-25 13:13:40] [INFO] Scraped data success
[2023-11-25 13:13:40] [INFO] Skipped, already scraped: https://www.digitaltrends.com/computing/why-rtx-4090-is-so-expensive/
[2023-11-25 13:13:40] [INFO] START WEBSITE URL: https://www.tomshardware.com/desktops
[2023-11-25 13:13:42] [INFO] Scraped data success
[2023-11-25 13:13:42] [INFO] Skipped, already scraped: https://www.tomshardware.com/news/best-gaming-pc-deals
[2023-11-25 13:44:09] [INFO] START WITH SOURCE: https://www.digitaltrends.com/computing-news/
[2023-11-25 13:44:13] [INFO] Scraped data success
[2023-11-25 13:44:43] [INFO] AI content created success
[2023-11-25 13:44:46] [INFO] SUCCESS POST posted with ID: 382
[2023-11-25 13:44:46] [INFO] START WITH SOURCE: https://www.tomshardware.com/desktops
[2023-11-25 13:44:48] [INFO] Scraped data success
[2023-11-25 13:45:47] [INFO] AI content created success
[2023-11-25 13:46:01] [INFO] SUCCESS POST posted with ID: 396
[2023-11-25 15:22:45] [INFO] START WITH SOURCE: https://www.digitaltrends.com/computing-news/
[2023-11-25 15:22:53] [INFO] Skipped, already scraped: https://www.digitaltrends.com/computing/why-rtx-4090-is-so-expensive/
[2023-11-25 15:22:53] [INFO] START WITH SOURCE: https://www.tomshardware.com/desktops
[2023-11-25 15:23:03] [INFO] Skipped, already scraped: https://www.tomshardware.com/news/best-gaming-pc-deals
[2023-11-25 15:47:04] [INFO] START WITH SOURCE: https://www.digitaltrends.com/computing-news/
[2023-11-25 15:47:04] [INFO] START WITH SOURCE: https://www.tomshardware.com/desktops
[2023-11-25 15:58:10] [INFO] START WITH SOURCE: https://www.tomshardware.com/desktops
[2023-11-25 15:58:10] [INFO] START WITH SOURCE: https://www.digitaltrends.com/computing-news/
[2023-11-25 16:02:18] [INFO] START WITH SOURCE: https://www.tomshardware.com/desktops
[2023-11-25 16:02:18] [INFO] START WITH SOURCE: https://www.digitaltrends.com/computing-news/
[2023-11-25 20:28:14] [INFO] START WITH SOURCE: https://www.digitaltrends.com/computing-news/
[2023-11-25 20:28:17] [INFO] Scraped data success
[2023-11-25 20:28:18] [INFO] Skipped, already scraped: https://www.digitaltrends.com/computing/why-rtx-4090-is-so-expensive/
[2023-11-25 20:28:29] [INFO] AI content created success
[2023-11-25 20:28:33] [INFO] SUCCESS POST posted with ID: 400
[2023-11-25 20:31:16] [INFO] START WITH SOURCE: https://www.digitaltrends.com/computing-news/
[2023-11-25 20:31:16] [INFO] START WITH SOURCE: https://www.tomshardware.com/desktops
[2023-11-25 20:31:19] [INFO] Skipped, already scraped: https://www.digitaltrends.com/computing/why-rtx-4090-is-so-expensive/
[2023-11-25 20:31:19] [INFO] Skipped, already scraped: https://www.tomshardware.com/news/colorful-taps-amd-new-all-in-one-pc-ryzen-9-6900hx-radeon-rx-6850m-xt
[2023-11-25 20:47:25] [INFO] START WITH SOURCE: https://www.digitaltrends.com/computing-news/
[2023-11-25 20:47:25] [INFO] START WITH SOURCE: https://www.tomshardware.com/desktops
[2023-11-25 20:47:27] [INFO] Scraped data success
[2023-11-25 20:47:28] [INFO] Scraped data success
[2023-11-25 20:47:44] [INFO] AI content created success
[2023-11-25 20:47:46] [INFO] AI content created success
[2023-11-25 20:47:47] [INFO] SUCCESS POST posted with ID: 403
[2023-11-25 20:47:50] [INFO] SUCCESS POST posted with ID: 407
[2023-11-25 20:48:58] [INFO] START WITH SOURCE: https://www.tomshardware.com/desktops
[2023-11-25 20:48:58] [INFO] START WITH SOURCE: https://www.digitaltrends.com/computing-news/
[2023-11-25 20:49:01] [INFO] Skipped, already scraped: https://www.digitaltrends.com/computing/why-rtx-4090-is-so-expensive/
[2023-11-25 20:49:01] [INFO] Skipped, already scraped: https://www.tomshardware.com/news/colorful-taps-amd-new-all-in-one-pc-ryzen-9-6900hx-radeon-rx-6850m-xt
[2023-11-25 20:50:23] [INFO] START WITH SOURCE: https://www.digitaltrends.com/computing-news/
[2023-11-25 20:50:23] [INFO] START WITH SOURCE: https://www.tomshardware.com/desktops
[2023-11-25 20:50:26] [INFO] Scraped data success
[2023-11-25 20:50:26] [INFO] Scraped data success
[2023-11-25 20:50:45] [INFO] AI content created success
[2023-11-25 20:50:45] [INFO] AI content created success
[2023-11-25 20:50:48] [INFO] SUCCESS POST posted with ID: 411
[2023-11-25 20:50:49] [INFO] SUCCESS POST posted with ID: 413
[2023-11-25 20:53:51] [INFO] START WITH SOURCE: https://www.digitaltrends.com/computing-news/
[2023-11-25 20:53:51] [INFO] START WITH SOURCE: https://www.tomshardware.com/desktops
[2023-11-25 20:53:54] [INFO] Scraped data success
[2023-11-25 20:53:54] [INFO] Scraped data success
[2023-11-25 20:54:13] [INFO] AI content created success
[2023-11-25 20:54:14] [INFO] AI content created success
[2023-11-25 20:54:17] [INFO] SUCCESS POST posted with ID: 418
[2023-11-25 20:54:17] [INFO] SUCCESS POST posted with ID: 420
[2023-11-25 21:39:49] [INFO] START WITH SOURCE: https://www.digitaltrends.com/computing-news/
[2023-11-25 21:39:49] [INFO] START WITH SOURCE: https://www.tomshardware.com/desktops
[2023-11-25 21:39:51] [INFO] Skipped, already scraped: https://www.tomshardware.com/news/colorful-taps-amd-new-all-in-one-pc-ryzen-9-6900hx-radeon-rx-6850m-xt
[2023-11-25 21:39:53] [INFO] Skipped, already scraped: https://www.digitaltrends.com/computing/why-rtx-4090-is-so-expensive/
[2023-11-25 22:37:15] [INFO] START WITH SOURCE: https://www.digitaltrends.com/computing-news/
[2023-11-25 22:37:20] [INFO] Scraped data success
[2023-11-25 22:37:35] [INFO] AI content created success
[2023-11-25 22:37:37] [INFO] SUCCESS POST posted with ID: 424
[2023-11-25 22:37:39] [INFO] START WITH SOURCE: https://www.tomshardware.com/desktops
[2023-11-25 22:37:42] [INFO] Scraped data success
[2023-11-25 22:38:00] [INFO] AI content created success
[2023-11-25 22:38:04] [INFO] SUCCESS POST posted with ID: 428
[2023-11-25 23:23:09] [INFO] START WITH SOURCE: https://www.digitaltrends.com/computing-news/
[2023-11-25 23:23:14] [INFO] Scraped data success
[2023-11-25 23:23:35] [INFO] AI content created success
[2023-11-25 23:23:41] [INFO] SUCCESS POST posted with ID: 432
[2023-11-25 23:23:44] [INFO] START WITH SOURCE: https://www.tomshardware.com/desktops
[2023-11-25 23:23:46] [INFO] Scraped data success
[2023-11-25 23:24:01] [INFO] AI content created success
[2023-11-25 23:24:04] [INFO] SUCCESS POST posted with ID: 436
[2023-11-25 23:35:37] [INFO] START WITH SOURCE: https://www.digitaltrends.com/computing-news/
[2023-11-25 23:35:39] [INFO] Scraped data success
[2023-11-25 23:36:00] [INFO] AI content created success
[2023-11-25 23:36:03] [INFO] SUCCESS POST posted with ID: 439
[2023-11-25 23:36:04] [INFO] START WITH SOURCE: https://www.tomshardware.com/desktops
[2023-11-25 23:36:06] [INFO] Scraped data success
[2023-11-25 23:36:19] [INFO] AI content created success
[2023-11-25 23:36:21] [INFO] SUCCESS POST posted with ID: 442
