[2023-12-12 17:52:12] [INFO] START WITH SOURCE: https://www.digitaltrends.com/computing-news/
[2023-12-12 17:52:15] [INFO] Getting article: https://www.digitaltrends.com/computing/new-laptop-ram-standard-announced/
[2023-12-12 17:52:16] [INFO] Scraped data success
[2023-12-12 17:52:17] [ERROR] Error decoding JSON in getAiTitleAndExcerpt or accessing content field
[2023-12-12 17:52:17] [ERROR] Error decoding JSON getAIPieceOfArticle or accessing content field
[2023-12-12 17:52:18] [ERROR] Error decoding JSON getAIPieceOfArticle or accessing content field
[2023-12-12 17:52:18] [ERROR] Content generated by AI too low, post not created for title: 
		A revolution in laptop RAM is upon us	
[2023-12-12 17:52:18] [ERROR] An error occured during posting the article, try again.
[2023-12-12 17:52:18] [INFO] START WITH SOURCE: https://www.tomshardware.com/desktops
[2023-12-12 17:52:20] [INFO] Getting article: https://www.tomshardware.com/news/best-gaming-pc-deals
[2023-12-12 17:52:21] [INFO] Skipped, not article type text: https://www.tomshardware.com/news/best-gaming-pc-deals
[2023-12-12 17:53:31] [INFO] START WITH SOURCE: https://www.digitaltrends.com/computing-news/
[2023-12-12 17:53:31] [INFO] Getting article: https://www.digitaltrends.com/computing/new-laptop-ram-standard-announced/
[2023-12-12 17:53:32] [INFO] Scraped data success
[2023-12-12 17:53:33] [ERROR] Error decoding JSON in getAiTitleAndExcerpt or accessing content field
[2023-12-12 17:53:34] [ERROR] Error decoding JSON getAIPieceOfArticle or accessing content field
[2023-12-12 17:53:35] [ERROR] Error decoding JSON getAIPieceOfArticle or accessing content field
[2023-12-12 17:53:35] [ERROR] Content generated by AI too low, post not created for title: 
		A revolution in laptop RAM is upon us	
[2023-12-12 17:53:35] [ERROR] An error occured during posting the article, try again.
[2023-12-12 17:55:21] [INFO] START WITH SOURCE: https://www.digitaltrends.com/computing-news/
[2023-12-12 17:55:21] [INFO] Getting article: https://www.digitaltrends.com/computing/apple-has-chance-to-fix-magic-mouse/
[2023-12-12 17:55:23] [INFO] Scraped data success
[2023-12-12 17:55:25] [ERROR] Error decoding JSON in getAiTitleAndExcerpt or accessing content field
[2023-12-12 17:55:25] [ERROR] Error decoding JSON getAIPieceOfArticle or accessing content field
[2023-12-12 17:55:26] [ERROR] Error decoding JSON getAIPieceOfArticle or accessing content field
[2023-12-12 17:55:26] [ERROR] Content generated by AI too low, post not created for title: 
		Apple has a chance to fix its worst product next year	
[2023-12-12 17:55:26] [ERROR] An error occured during posting the article, try again.
