[2024-01-14 00:01:05] [INFO] START WITH SOURCE: https://www.digitaltrends.com/computing-news/
[2024-01-14 00:01:05] [INFO] Getting article: https://www.digitaltrends.com/computing/best-apple-deals/
[2024-01-14 00:01:07] [INFO] Skipped, not article type text: https://www.digitaltrends.com/computing/best-apple-deals/
[2024-01-14 00:10:22] [INFO] START WITH SOURCE: https://techcombact.com/category/laptops/laptops-tips-tricks/
[2024-01-14 00:10:22] [INFO] Getting article: https://techcombact.com/how-to-connect-a-gateway-laptop-to-wifi/
[2024-01-14 00:10:23] [INFO] Scraped data success
[2024-01-14 00:11:02] [INFO] AI content created success
[2024-01-14 00:11:03] [INFO] SUCCESS POST posted with ID: 815
[2024-01-14 00:16:50] [INFO] START WITH SOURCE: https://techcombact.com/category/laptops/laptops-tips-tricks/
[2024-01-14 00:16:50] [INFO] Getting article: https://techcombact.com/how-to-connect-a-gateway-laptop-to-wifi/
[2024-01-14 00:16:51] [INFO] Scraped data success
[2024-01-14 00:17:31] [INFO] AI content created success
[2024-01-14 00:17:31] [INFO] SUCCESS POST posted with ID: 817
[2024-01-14 00:27:31] [INFO] START WITH SOURCE: https://techcombact.com/category/laptops/laptops-tips-tricks/
[2024-01-14 00:27:31] [INFO] Getting article: https://techcombact.com/how-to-connect-a-gateway-laptop-to-wifi/
[2024-01-14 00:27:32] [INFO] Scraped data success
[2024-01-14 00:28:08] [INFO] AI content created success
[2024-01-14 00:28:08] [INFO] SUCCESS POST posted with ID: 819
[2024-01-14 01:06:05] [INFO] START WITH SOURCE: https://techcombact.com/category/laptops/laptops-tips-tricks/
[2024-01-14 01:06:05] [INFO] Getting article: https://techcombact.com/how-to-connect-a-gateway-laptop-to-wifi/
[2024-01-14 01:06:06] [INFO] Scraped data success
[2024-01-14 01:06:34] [INFO] AI content created success
[2024-01-14 01:06:35] [INFO] SUCCESS POST posted with ID: 821
[2024-01-14 01:13:16] [INFO] START WITH SOURCE: https://techcombact.com/category/laptops/laptops-tips-tricks/
[2024-01-14 01:13:16] [INFO] Getting article: https://techcombact.com/how-to-connect-a-gateway-laptop-to-wifi/
[2024-01-14 01:13:16] [INFO] Scraped data success
[2024-01-14 01:13:47] [INFO] AI content created success
[2024-01-14 01:13:48] [INFO] SUCCESS POST posted with ID: 823
[2024-01-14 01:45:37] [INFO] START WITH SOURCE: https://techcombact.com/category/laptops/laptops-tips-tricks/
[2024-01-14 01:45:37] [INFO] Getting article: https://techcombact.com/how-to-connect-a-gateway-laptop-to-wifi/
[2024-01-14 01:45:38] [INFO] Scraped data success
[2024-01-14 01:46:40] [INFO] AI content created success
[2024-01-14 01:46:41] [INFO] SUCCESS POST posted with ID: 825
[2024-01-14 01:49:08] [INFO] START WITH SOURCE: https://techcombact.com/category/laptops/laptops-tips-tricks/
[2024-01-14 01:49:08] [INFO] Getting article: https://techcombact.com/how-to-connect-a-gateway-laptop-to-wifi/
[2024-01-14 01:49:09] [INFO] Scraped data success
[2024-01-14 01:50:17] [INFO] AI content created success
[2024-01-14 01:50:18] [INFO] SUCCESS POST posted with ID: 827
[2024-01-14 01:51:39] [INFO] START WITH SOURCE: https://techcombact.com/category/laptops/laptops-tips-tricks/
[2024-01-14 01:51:39] [INFO] Getting article: https://techcombact.com/how-to-connect-a-gateway-laptop-to-wifi/
[2024-01-14 01:51:40] [INFO] Scraped data success
[2024-01-14 01:52:57] [INFO] AI content created success
[2024-01-14 01:52:57] [INFO] SUCCESS POST posted with ID: 829
[2024-01-14 01:59:31] [INFO] START WITH SOURCE: https://techcombact.com/category/laptops/laptops-tips-tricks/
[2024-01-14 01:59:31] [INFO] Getting article: https://techcombact.com/how-to-connect-a-gateway-laptop-to-wifi/
[2024-01-14 01:59:31] [INFO] Scraped data success
[2024-01-14 02:00:41] [INFO] AI content created success
[2024-01-14 02:00:42] [INFO] SUCCESS POST posted with ID: 831
[2024-01-14 02:04:29] [INFO] START WITH SOURCE: https://techcombact.com/category/laptops/laptops-tips-tricks/
[2024-01-14 02:04:29] [INFO] Getting article: https://techcombact.com/how-to-connect-a-gateway-laptop-to-wifi/
[2024-01-14 02:04:30] [INFO] Scraped data success
[2024-01-14 02:05:53] [INFO] AI content created success
[2024-01-14 02:05:54] [INFO] SUCCESS POST posted with ID: 833
[2024-01-14 02:11:56] [INFO] START WITH SOURCE: https://techcombact.com/category/laptops/laptops-tips-tricks/
[2024-01-14 02:11:57] [INFO] Getting article: https://techcombact.com/how-to-connect-a-gateway-laptop-to-wifi/
[2024-01-14 02:11:57] [INFO] Scraped data success
[2024-01-14 02:13:12] [INFO] AI content created success
[2024-01-14 02:13:13] [INFO] SUCCESS POST posted with ID: 835
[2024-01-14 02:14:25] [INFO] START WITH SOURCE: https://techcombact.com/category/laptops/laptops-tips-tricks/
[2024-01-14 02:14:25] [INFO] Getting article: https://techcombact.com/how-to-connect-a-gateway-laptop-to-wifi/
[2024-01-14 02:14:25] [INFO] Scraped data success
[2024-01-14 02:15:55] [INFO] AI content created success
[2024-01-14 02:15:56] [INFO] SUCCESS POST posted with ID: 837
[2024-01-14 02:21:19] [INFO] START WITH SOURCE: https://techcombact.com/category/laptops/laptops-tips-tricks/
[2024-01-14 02:21:19] [INFO] Getting article: https://techcombact.com/how-to-connect-a-gateway-laptop-to-wifi/
[2024-01-14 02:21:19] [INFO] Scraped data success
[2024-01-14 02:22:53] [INFO] AI content created success
[2024-01-14 02:22:54] [INFO] SUCCESS POST posted with ID: 839
[2024-01-14 02:28:18] [INFO] START WITH SOURCE: https://techcombact.com/category/laptops/laptops-tips-tricks/
[2024-01-14 02:28:18] [INFO] Getting article: https://techcombact.com/how-to-connect-a-gateway-laptop-to-wifi/
[2024-01-14 02:28:19] [INFO] Scraped data success
[2024-01-14 02:29:32] [INFO] AI content created success
[2024-01-14 02:29:33] [INFO] SUCCESS POST posted with ID: 841
[2024-01-14 02:41:34] [INFO] START WITH SOURCE: https://techcombact.com/category/laptops/laptops-tips-tricks/
[2024-01-14 02:41:34] [INFO] Getting article: https://techcombact.com/how-to-connect-a-gateway-laptop-to-wifi/
[2024-01-14 02:41:35] [INFO] Scraped data success
[2024-01-14 02:42:56] [INFO] AI content created success
[2024-01-14 02:42:58] [INFO] SUCCESS POST posted with ID: 843
[2024-01-14 02:50:38] [INFO] START WITH SOURCE: https://techcombact.com/category/laptops/laptops-tips-tricks/
[2024-01-14 02:50:38] [INFO] Getting article: https://techcombact.com/how-to-connect-a-gateway-laptop-to-wifi/
[2024-01-14 02:50:39] [INFO] Scraped data success
[2024-01-14 02:51:57] [INFO] AI content created success
[2024-01-14 02:51:58] [INFO] SUCCESS POST posted with ID: 845
[2024-01-14 03:01:37] [INFO] START WITH SOURCE: https://techcombact.com/category/laptops/laptops-tips-tricks/
[2024-01-14 03:01:37] [INFO] Getting article: https://techcombact.com/how-to-connect-a-gateway-laptop-to-wifi/
[2024-01-14 03:01:38] [INFO] Scraped data success
[2024-01-14 03:02:08] [INFO] AI content created success
[2024-01-14 03:02:09] [INFO] SUCCESS POST posted with ID: 847
[2024-01-14 03:13:05] [INFO] START WITH SOURCE: https://techcombact.com/category/laptops/laptops-tips-tricks/
[2024-01-14 03:13:05] [INFO] Getting article: https://techcombact.com/how-to-connect-a-gateway-laptop-to-wifi/
[2024-01-14 03:13:06] [INFO] Scraped data success
[2024-01-14 03:13:32] [INFO] AI content created success
[2024-01-14 03:13:34] [INFO] SUCCESS POST posted with ID: 849
[2024-01-14 03:15:09] [INFO] START WITH SOURCE: https://techcombact.com/category/laptops/laptops-tips-tricks/
[2024-01-14 03:15:09] [INFO] Getting article: https://techcombact.com/how-to-connect-a-gateway-laptop-to-wifi/
[2024-01-14 03:15:09] [INFO] Scraped data success
[2024-01-14 03:15:38] [INFO] AI content created success
[2024-01-14 03:15:38] [INFO] SUCCESS POST posted with ID: 851
[2024-01-14 03:17:16] [INFO] START WITH SOURCE: https://techcombact.com/category/laptops/laptops-tips-tricks/
[2024-01-14 03:17:16] [INFO] Getting article: https://techcombact.com/how-to-connect-a-gateway-laptop-to-wifi/
[2024-01-14 03:17:16] [INFO] Scraped data success
[2024-01-14 03:17:44] [INFO] AI content created success
[2024-01-14 03:17:44] [INFO] SUCCESS POST posted with ID: 853
[2024-01-14 03:19:05] [INFO] START WITH SOURCE: https://techcombact.com/category/laptops/laptops-tips-tricks/
[2024-01-14 03:19:05] [INFO] Getting article: https://techcombact.com/how-to-connect-a-gateway-laptop-to-wifi/
[2024-01-14 03:19:06] [INFO] Scraped data success
[2024-01-14 03:19:32] [INFO] AI content created success
[2024-01-14 03:19:33] [INFO] SUCCESS POST posted with ID: 855
[2024-01-14 03:24:29] [INFO] START WITH SOURCE: https://techcombact.com/category/laptops/laptops-tips-tricks/
[2024-01-14 03:24:29] [INFO] Getting article: https://techcombact.com/how-to-connect-a-gateway-laptop-to-wifi/
[2024-01-14 03:24:30] [INFO] Scraped data success
[2024-01-14 03:25:07] [INFO] AI content created success
[2024-01-14 03:25:08] [INFO] SUCCESS POST posted with ID: 857
[2024-01-14 13:32:42] [INFO] START WITH SOURCE: https://techcombact.com/category/laptops/laptops-tips-tricks/
[2024-01-14 13:32:42] [INFO] Getting article: https://techcombact.com/how-to-connect-a-gateway-laptop-to-wifi/
[2024-01-14 13:32:43] [INFO] Scraped data success
[2024-01-14 13:33:26] [INFO] AI content created success
[2024-01-14 13:33:27] [INFO] SUCCESS POST posted with ID: 859
[2024-01-14 13:38:40] [INFO] START WITH SOURCE: https://techcombact.com/category/laptops/laptops-tips-tricks/
[2024-01-14 13:38:40] [INFO] Getting article: https://techcombact.com/how-to-connect-a-gateway-laptop-to-wifi/
[2024-01-14 13:38:41] [INFO] Scraped data success
[2024-01-14 13:39:25] [INFO] AI content created success
[2024-01-14 13:39:25] [INFO] SUCCESS POST posted with ID: 861
[2024-01-14 15:48:13] [INFO] START WITH SOURCE: https://techcombact.com/category/laptops/laptops-tips-tricks/
[2024-01-14 15:48:14] [INFO] Getting article: https://techcombact.com/how-to-connect-a-gateway-laptop-to-wifi/
[2024-01-14 15:48:15] [INFO] Scraped data success
[2024-01-14 15:49:02] [INFO] AI content created success
[2024-01-14 15:49:03] [INFO] SUCCESS POST posted with ID: 863
[2024-01-14 15:51:37] [INFO] START WITH SOURCE: https://techcombact.com/category/laptops/laptops-tips-tricks/
[2024-01-14 15:51:37] [INFO] Getting article: https://techcombact.com/how-to-connect-a-gateway-laptop-to-wifi/
[2024-01-14 15:51:38] [INFO] Scraped data success
[2024-01-14 15:52:20] [INFO] AI content created success
[2024-01-14 15:52:20] [INFO] SUCCESS POST posted with ID: 865
[2024-01-14 15:53:53] [INFO] START WITH SOURCE: https://techcombact.com/category/laptops/laptops-tips-tricks/
[2024-01-14 15:53:53] [INFO] Getting article: https://techcombact.com/how-to-connect-a-gateway-laptop-to-wifi/
[2024-01-14 15:53:54] [INFO] Scraped data success
[2024-01-14 15:54:38] [INFO] AI content created success
[2024-01-14 15:54:39] [INFO] SUCCESS POST posted with ID: 867
[2024-01-14 15:56:50] [INFO] START WITH SOURCE: https://techcombact.com/category/laptops/laptops-tips-tricks/
[2024-01-14 15:56:50] [INFO] Getting article: https://techcombact.com/how-to-connect-a-gateway-laptop-to-wifi/
[2024-01-14 15:56:50] [INFO] Scraped data success
[2024-01-14 15:57:33] [INFO] AI content created success
[2024-01-14 15:57:34] [INFO] SUCCESS POST posted with ID: 869
[2024-01-14 15:58:32] [INFO] START WITH SOURCE: https://techcombact.com/category/laptops/laptops-tips-tricks/
[2024-01-14 15:58:32] [INFO] Getting article: https://techcombact.com/how-to-connect-a-gateway-laptop-to-wifi/
[2024-01-14 15:58:33] [INFO] Scraped data success
[2024-01-14 15:59:14] [INFO] AI content created success
[2024-01-14 15:59:15] [INFO] SUCCESS POST posted with ID: 871
[2024-01-14 16:21:07] [INFO] START WITH SOURCE: https://techcombact.com/category/laptops/laptops-tips-tricks/
[2024-01-14 16:21:07] [INFO] Getting article: https://techcombact.com/how-to-downgrade-lenovo-tablet-simple-step-by-step-guide/
[2024-01-14 16:21:08] [INFO] Scraped data success
[2024-01-14 16:22:13] [INFO] AI content created success
[2024-01-14 16:22:14] [INFO] SUCCESS POST posted with ID: 873
[2024-01-14 16:26:08] [INFO] START WITH SOURCE: https://techcombact.com/category/laptops/laptops-tips-tricks/
[2024-01-14 16:26:08] [INFO] Getting article: https://techcombact.com/how-to-downgrade-lenovo-tablet-simple-step-by-step-guide/
[2024-01-14 16:26:09] [INFO] Scraped data success
[2024-01-14 16:27:15] [INFO] AI content created success
[2024-01-14 16:27:15] [INFO] SUCCESS POST posted with ID: 875
[2024-01-14 16:30:04] [INFO] START WITH SOURCE: https://techcombact.com/category/laptops/laptops-tips-tricks/
[2024-01-14 16:30:04] [INFO] Getting article: https://techcombact.com/how-to-downgrade-lenovo-tablet-simple-step-by-step-guide/
[2024-01-14 16:30:04] [INFO] Scraped data success
[2024-01-14 16:31:06] [INFO] AI content created success
[2024-01-14 16:31:07] [INFO] SUCCESS POST posted with ID: 877
[2024-01-14 16:33:16] [INFO] START WITH SOURCE: https://techcombact.com/category/laptops/laptops-tips-tricks/
[2024-01-14 16:33:16] [INFO] Getting article: https://techcombact.com/how-to-downgrade-lenovo-tablet-simple-step-by-step-guide/
[2024-01-14 16:33:17] [INFO] Scraped data success
[2024-01-14 16:34:20] [INFO] AI content created success
[2024-01-14 16:34:22] [INFO] SUCCESS POST posted with ID: 879
[2024-01-14 16:34:35] [INFO] START WITH SOURCE: https://techcombact.com/category/laptops/laptops-tips-tricks/
[2024-01-14 16:34:35] [INFO] Getting article: https://techcombact.com/how-to-downgrade-lenovo-tablet-simple-step-by-step-guide/
[2024-01-14 16:34:36] [INFO] Scraped data success
[2024-01-14 16:35:37] [INFO] AI content created success
[2024-01-14 16:35:38] [INFO] SUCCESS POST posted with ID: 881
[2024-01-14 16:39:03] [INFO] START WITH SOURCE: https://techcombact.com/category/laptops/laptops-tips-tricks/
[2024-01-14 16:39:03] [INFO] Getting article: https://techcombact.com/how-to-downgrade-lenovo-tablet-simple-step-by-step-guide/
[2024-01-14 16:39:03] [INFO] Scraped data success
[2024-01-14 16:40:05] [INFO] AI content created success
[2024-01-14 16:40:06] [INFO] SUCCESS POST posted with ID: 883
[2024-01-14 16:45:32] [INFO] START WITH SOURCE: https://techcombact.com/category/laptops/laptops-tips-tricks/
[2024-01-14 16:45:32] [INFO] Getting article: https://techcombact.com/how-to-downgrade-lenovo-tablet-simple-step-by-step-guide/
[2024-01-14 16:45:33] [INFO] Scraped data success
[2024-01-14 16:46:41] [INFO] AI content created success
[2024-01-14 16:46:43] [INFO] SUCCESS POST posted with ID: 885
[2024-01-14 16:46:47] [INFO] START WITH SOURCE: https://techcombact.com/category/laptops/laptops-tips-tricks/
[2024-01-14 16:46:47] [INFO] Getting article: https://techcombact.com/how-to-downgrade-lenovo-tablet-simple-step-by-step-guide/
[2024-01-14 16:46:48] [INFO] Scraped data success
[2024-01-14 16:47:51] [INFO] AI content created success
[2024-01-14 16:47:53] [INFO] SUCCESS POST posted with ID: 887
[2024-01-14 16:51:34] [INFO] START WITH SOURCE: https://techcombact.com/category/laptops/laptops-tips-tricks/
[2024-01-14 16:51:34] [INFO] Getting article: https://techcombact.com/how-to-downgrade-lenovo-tablet-simple-step-by-step-guide/
[2024-01-14 16:51:35] [INFO] Scraped data success
[2024-01-14 16:52:42] [INFO] AI content created success
[2024-01-14 16:52:45] [INFO] SUCCESS POST posted with ID: 891
[2024-01-14 16:54:01] [INFO] START WITH SOURCE: https://techcombact.com/category/laptops/laptops-tips-tricks/
[2024-01-14 16:54:01] [INFO] Getting article: https://techcombact.com/how-to-downgrade-lenovo-tablet-simple-step-by-step-guide/
[2024-01-14 16:54:01] [INFO] Scraped data success
[2024-01-14 16:55:03] [INFO] AI content created success
[2024-01-14 16:55:05] [INFO] SUCCESS POST posted with ID: 895
[2024-01-14 17:22:10] [INFO] START WITH SOURCE: https://techcombact.com/category/laptops/laptops-tips-tricks/
[2024-01-14 17:22:10] [INFO] Getting article: https://techcombact.com/how-to-downgrade-lenovo-tablet-simple-step-by-step-guide/
[2024-01-14 17:22:11] [INFO] Scraped data success
[2024-01-14 17:23:20] [INFO] AI content created success
[2024-01-14 17:23:21] [INFO] SUCCESS POST posted with ID: 897
[2024-01-14 17:27:10] [INFO] START WITH SOURCE: https://techcombact.com/category/laptops/laptops-tips-tricks/
[2024-01-14 17:27:10] [INFO] Getting article: https://techcombact.com/how-to-downgrade-lenovo-tablet-simple-step-by-step-guide/
[2024-01-14 17:27:11] [INFO] Scraped data success
[2024-01-14 17:28:12] [INFO] AI content created success
[2024-01-14 17:28:13] [INFO] SUCCESS POST posted with ID: 899
[2024-01-14 17:31:33] [INFO] START WITH SOURCE: https://techcombact.com/category/laptops/laptops-tips-tricks/
[2024-01-14 17:31:33] [INFO] Getting article: https://techcombact.com/how-to-downgrade-lenovo-tablet-simple-step-by-step-guide/
[2024-01-14 17:31:34] [INFO] Scraped data success
[2024-01-14 17:31:36] [ERROR] Content generated by AI too low, post not created for title: 
                                How to Downgrade Lenovo Tablet: Simple Step-by-Step Guide                            
[2024-01-14 17:31:36] [ERROR] An error occured during posting the article, try again.
[2024-01-14 17:32:45] [INFO] START WITH SOURCE: https://techcombact.com/category/laptops/laptops-tips-tricks/
[2024-01-14 17:32:45] [INFO] Getting article: https://techcombact.com/how-to-downgrade-lenovo-tablet-simple-step-by-step-guide/
[2024-01-14 17:32:46] [INFO] Scraped data success
[2024-01-14 17:32:48] [ERROR] Content generated by AI too low, post not created for title: 
                                How to Downgrade Lenovo Tablet: Simple Step-by-Step Guide                            
[2024-01-14 17:32:48] [ERROR] An error occured during posting the article, try again.
[2024-01-14 17:33:38] [INFO] START WITH SOURCE: https://techcombact.com/category/laptops/laptops-tips-tricks/
[2024-01-14 17:33:38] [INFO] Getting article: https://techcombact.com/how-to-downgrade-lenovo-tablet-simple-step-by-step-guide/
[2024-01-14 17:33:39] [INFO] Scraped data success
[2024-01-14 17:34:36] [INFO] AI content created success
[2024-01-14 17:34:39] [INFO] SUCCESS POST posted with ID: 903
[2024-01-14 18:27:54] [INFO] START WITH SOURCE: https://techcombact.com/category/laptops/laptops-tips-tricks/
[2024-01-14 18:27:54] [INFO] Getting article: https://techcombact.com/how-to-downgrade-lenovo-tablet-simple-step-by-step-guide/
[2024-01-14 18:27:55] [INFO] Scraped data success
[2024-01-14 18:29:02] [INFO] AI content created success
[2024-01-14 18:29:03] [INFO] SUCCESS POST posted with ID: 906
[2024-01-14 18:44:18] [INFO] START WITH SOURCE: https://techcombact.com/category/laptops/laptops-tips-tricks/
[2024-01-14 18:44:18] [INFO] Getting article: https://techcombact.com/how-to-downgrade-lenovo-tablet-simple-step-by-step-guide/
[2024-01-14 18:44:19] [INFO] Scraped data success
[2024-01-14 18:45:17] [INFO] AI content created success
[2024-01-14 18:45:18] [INFO] SUCCESS POST posted with ID: 908
[2024-01-14 18:47:27] [INFO] START WITH SOURCE: https://techcombact.com/category/laptops/laptops-tips-tricks/
[2024-01-14 18:47:27] [INFO] Getting article: https://techcombact.com/how-to-downgrade-lenovo-tablet-simple-step-by-step-guide/
[2024-01-14 18:47:27] [INFO] Scraped data success
[2024-01-14 18:48:24] [INFO] AI content created success
[2024-01-14 18:48:25] [INFO] SUCCESS POST posted with ID: 910
[2024-01-14 18:50:34] [INFO] START WITH SOURCE: https://techcombact.com/category/laptops/laptops-tips-tricks/
[2024-01-14 18:50:34] [INFO] Getting article: https://techcombact.com/how-to-downgrade-lenovo-tablet-simple-step-by-step-guide/
[2024-01-14 18:50:35] [INFO] Scraped data success
[2024-01-14 18:51:32] [INFO] AI content created success
[2024-01-14 18:51:34] [INFO] SUCCESS POST posted with ID: 912
[2024-01-14 19:48:18] [INFO] START WITH SOURCE: https://techcombact.com/category/laptops/laptops-tips-tricks/
[2024-01-14 19:48:18] [INFO] Getting article: https://techcombact.com/how-to-downgrade-lenovo-tablet-simple-step-by-step-guide/
[2024-01-14 19:48:19] [INFO] Scraped data success
[2024-01-14 19:49:22] [INFO] AI content created success
[2024-01-14 19:49:23] [INFO] SUCCESS POST posted with ID: 914
[2024-01-14 19:51:33] [INFO] START WITH SOURCE: https://techcombact.com/category/laptops/laptops-tips-tricks/
[2024-01-14 19:51:33] [INFO] Getting article: https://techcombact.com/how-to-downgrade-lenovo-tablet-simple-step-by-step-guide/
[2024-01-14 19:51:34] [INFO] Scraped data success
[2024-01-14 19:52:31] [INFO] AI content created success
[2024-01-14 19:52:32] [INFO] SUCCESS POST posted with ID: 916
[2024-01-14 20:02:21] [INFO] START WITH SOURCE: https://techcombact.com/category/laptops/laptops-tips-tricks/
[2024-01-14 20:02:21] [INFO] Getting article: https://techcombact.com/how-to-downgrade-lenovo-tablet-simple-step-by-step-guide/
[2024-01-14 20:02:22] [INFO] Scraped data success
[2024-01-14 20:03:23] [INFO] AI content created success
[2024-01-14 20:03:27] [INFO] SUCCESS POST posted with ID: 920
[2024-01-14 20:04:06] [INFO] START WITH SOURCE: https://techcombact.com/category/laptops/laptops-tips-tricks/
[2024-01-14 20:04:06] [INFO] Getting article: https://techcombact.com/how-to-downgrade-lenovo-tablet-simple-step-by-step-guide/
[2024-01-14 20:04:07] [INFO] Scraped data success
[2024-01-14 20:05:06] [INFO] AI content created success
[2024-01-14 20:05:09] [INFO] SUCCESS POST posted with ID: 924
[2024-01-14 20:06:31] [INFO] START WITH SOURCE: https://techcombact.com/category/laptops/laptops-tips-tricks/
[2024-01-14 20:06:31] [INFO] Getting article: https://techcombact.com/how-to-downgrade-lenovo-tablet-simple-step-by-step-guide/
[2024-01-14 20:06:32] [INFO] Scraped data success
[2024-01-14 20:07:27] [INFO] AI content created success
[2024-01-14 20:07:31] [INFO] SUCCESS POST posted with ID: 928
[2024-01-14 20:09:43] [INFO] START WITH SOURCE: https://techcombact.com/category/laptops/laptops-tips-tricks/
[2024-01-14 20:09:43] [INFO] Getting article: https://techcombact.com/how-to-downgrade-lenovo-tablet-simple-step-by-step-guide/
[2024-01-14 20:09:44] [INFO] Scraped data success
[2024-01-14 20:10:44] [INFO] AI content created success
[2024-01-14 20:10:48] [INFO] SUCCESS POST posted with ID: 933
[2024-01-14 20:18:26] [INFO] START WITH SOURCE: https://techcombact.com/category/laptops/laptops-tips-tricks/
[2024-01-14 20:18:26] [INFO] Getting article: https://techcombact.com/how-to-downgrade-lenovo-tablet-simple-step-by-step-guide/
[2024-01-14 20:18:26] [INFO] Scraped data success
[2024-01-14 20:19:24] [INFO] AI content created success
[2024-01-14 20:19:27] [INFO] SUCCESS POST posted with ID: 937
[2024-01-14 20:21:10] [INFO] START WITH SOURCE: https://techcombact.com/category/laptops/laptops-tips-tricks/
[2024-01-14 20:21:10] [INFO] Getting article: https://techcombact.com/how-to-downgrade-lenovo-tablet-simple-step-by-step-guide/
[2024-01-14 20:21:11] [INFO] Scraped data success
[2024-01-14 20:22:30] [INFO] AI content created success
[2024-01-14 20:22:32] [INFO] SUCCESS POST posted with ID: 941
[2024-01-14 20:23:17] [INFO] START WITH SOURCE: https://techcombact.com/category/laptops/laptops-tips-tricks/
[2024-01-14 20:23:17] [INFO] Getting article: https://techcombact.com/how-to-downgrade-lenovo-tablet-simple-step-by-step-guide/
[2024-01-14 20:23:18] [INFO] Scraped data success
[2024-01-14 20:24:53] [INFO] AI content created success
[2024-01-14 20:24:56] [INFO] SUCCESS POST posted with ID: 945
[2024-01-14 20:33:52] [INFO] START WITH SOURCE: https://techcombact.com/category/laptops/laptops-tips-tricks/
[2024-01-14 20:33:52] [INFO] Getting article: https://techcombact.com/how-to-downgrade-lenovo-tablet-simple-step-by-step-guide/
[2024-01-14 20:33:53] [INFO] Scraped data success
[2024-01-14 20:35:20] [INFO] AI content created success
[2024-01-14 20:35:23] [INFO] SUCCESS POST posted with ID: 949
[2024-01-14 21:00:43] [INFO] START WITH SOURCE: https://techcombact.com/category/laptops/laptops-tips-tricks/
[2024-01-14 21:00:43] [INFO] Getting article: https://techcombact.com/alienware-vs-legion/
[2024-01-14 21:00:44] [INFO] Scraped data success
[2024-01-14 21:01:54] [INFO] AI content created success
[2024-01-14 21:01:57] [INFO] SUCCESS POST posted with ID: 955
[2024-01-14 21:14:03] [INFO] START WITH SOURCE: https://techcombact.com/category/laptops/laptops-tips-tricks/
[2024-01-14 21:14:03] [INFO] Getting article: https://techcombact.com/alienware-vs-legion/
[2024-01-14 21:14:03] [INFO] Scraped data success
[2024-01-14 21:14:19] [INFO] START WITH SOURCE: https://techcombact.com/category/laptops/laptops-tips-tricks/
[2024-01-14 21:14:19] [INFO] Getting article: https://techcombact.com/best-laptops-for-cyberpunk-2077-top-picks-for-smooth-gameplay/
[2024-01-14 21:14:20] [INFO] Scraped data success
[2024-01-14 21:15:14] [INFO] AI content created success
[2024-01-14 21:15:17] [INFO] SUCCESS POST posted with ID: 961
[2024-01-14 21:15:55] [INFO] AI content created success
[2024-01-14 21:15:58] [INFO] SUCCESS POST posted with ID: 967
[2024-01-14 21:21:53] [INFO] START WITH SOURCE: https://techcombact.com/category/laptops/laptops-tips-tricks/
[2024-01-14 21:21:53] [INFO] Getting article: https://techcombact.com/best-laptops-for-cyberpunk-2077-top-picks-for-smooth-gameplay/
[2024-01-14 21:21:54] [INFO] Scraped data success
[2024-01-14 21:22:56] [INFO] AI content created success
[2024-01-14 21:22:57] [INFO] SUCCESS POST posted with ID: 969
[2024-01-14 21:27:29] [INFO] START WITH SOURCE: https://techcombact.com/category/laptops/laptops-tips-tricks/
[2024-01-14 21:27:29] [INFO] Getting article: https://techcombact.com/best-laptops-for-cyberpunk-2077-top-picks-for-smooth-gameplay/
[2024-01-14 21:27:29] [INFO] Scraped data success
[2024-01-14 21:28:27] [INFO] AI content created success
[2024-01-14 21:28:31] [INFO] SUCCESS POST posted with ID: 976
[2024-01-14 22:07:18] [INFO] START WITH SOURCE: https://techcombact.com/category/laptops/laptops-tips-tricks/
[2024-01-14 22:07:18] [INFO] Getting article: https://techcombact.com/best-laptops-for-cyberpunk-2077-top-picks-for-smooth-gameplay/
[2024-01-14 22:07:19] [INFO] Scraped data success
[2024-01-14 22:08:14] [INFO] AI content created success
[2024-01-14 22:08:19] [INFO] SUCCESS POST posted with ID: 983
