[2024-04-08 09:17:42] [INFO] Getting article: https://techcombact.com/best-dj-laptops-under-500/
[2024-04-08 09:19:40] [INFO] AI content created success
[2024-04-08 09:21:24] [INFO] Getting article: https://techcombact.com/best-dj-laptops-under-500/
[2024-04-08 09:23:26] [INFO] AI content created success
[2024-04-08 10:19:29] [INFO] Getting article: https://techcombact.com/best-dj-laptops-under-500/
[2024-04-08 10:20:49] [INFO] AI content created success
[2024-04-08 11:13:40] [INFO] Getting article: https://techcombact.com/best-dj-laptops-under-500/
[2024-04-08 11:15:06] [INFO] AI content created success
[2024-04-08 11:18:53] [INFO] Getting article: https://techcombact.com/best-dj-laptops-under-500/
[2024-04-08 11:20:00] [INFO] AI content created success
[2024-04-08 11:20:51] [INFO] Getting article: https://techcombact.com/best-dj-laptops-under-500/
[2024-04-08 11:22:16] [INFO] AI content created success
[2024-04-08 11:25:04] [INFO] Getting article: https://techcombact.com/best-dj-laptops-under-500/
[2024-04-08 11:26:34] [INFO] AI content created success
[2024-04-08 11:36:55] [INFO] Getting article: https://techcombact.com/best-dj-laptops-under-500/
[2024-04-08 11:38:06] [INFO] AI content created success
[2024-04-08 11:44:36] [INFO] Getting article: https://techcombact.com/best-dj-laptops-under-500/
[2024-04-08 11:44:37] [ERROR] Invalid input array in getAiTitleAndExcerpt
[2024-04-08 11:44:37] [ERROR] Content generated by AI too low, post not created for title: 
                                Best DJ laptops under $500                            
[2024-04-08 11:45:05] [INFO] Getting article: https://techcombact.com/best-dj-laptops-under-500/
[2024-04-08 11:45:06] [ERROR] Invalid input array in getAiTitleAndExcerpt
[2024-04-08 11:45:06] [ERROR] Content generated by AI too low, post not created for title: 
                                Best DJ laptops under $500                            
[2024-04-08 11:46:22] [INFO] Getting article: https://techcombact.com/best-dj-laptops-under-500/
[2024-04-08 11:46:53] [INFO] Getting article: https://techcombact.com/best-dj-laptops-under-500/
[2024-04-08 11:48:09] [INFO] Getting article: https://techcombact.com/best-dj-laptops-under-500/
[2024-04-08 11:48:18] [INFO] AI content created success
[2024-04-08 11:49:23] [INFO] Getting article: https://techcombact.com/best-dj-laptops-under-500/
[2024-04-08 11:49:29] [INFO] AI content created success
[2024-04-08 11:50:45] [INFO] AI content created success
[2024-04-08 11:52:35] [INFO] Getting article: https://techcombact.com/best-dj-laptops-under-500/
[2024-04-08 11:54:04] [INFO] AI content created success
[2024-04-08 11:56:34] [INFO] Getting article: https://techcombact.com/best-dj-laptops-under-500/
[2024-04-08 11:58:50] [INFO] Getting article: https://techcombact.com/best-dj-laptops-under-500/
[2024-04-08 11:59:01] [INFO] Getting article: https://techcombact.com/best-dj-laptops-under-500/
[2024-04-08 12:00:05] [INFO] AI content created success
[2024-04-08 12:00:37] [INFO] AI content created success
[2024-04-08 12:01:28] [INFO] Getting article: https://techcombact.com/best-dj-laptops-under-500/
[2024-04-08 12:02:54] [INFO] AI content created success
[2024-04-08 12:10:36] [INFO] Getting article: https://techcombact.com/best-dj-laptops-under-500/
[2024-04-08 12:12:22] [INFO] AI content created success
[2024-04-08 12:12:31] [INFO] Getting article: https://techcombact.com/best-dj-laptops-under-500/
[2024-04-08 12:13:44] [INFO] Getting article: https://techcombact.com/best-dj-laptops-under-500/https://techcombact.com/best-dj-laptops-under-500/
[2024-04-08 12:13:47] [ERROR] Error in scrapeWebsite: Failed to load article content from URL: https://techcombact.com/best-dj-laptops-under-500/https://techcombact.com/best-dj-laptops-under-500/
[2024-04-08 12:14:00] [INFO] AI content created success
[2024-04-08 12:14:18] [INFO] Getting article: https://techcombact.com/best-dj-laptops-under-500/
[2024-04-08 12:15:43] [INFO] AI content created success
[2024-04-08 12:16:39] [INFO] Getting article: https://techcombact.com/best-dj-laptops-under-500/
[2024-04-08 12:18:14] [INFO] AI content created success
[2024-04-08 12:20:03] [INFO] Getting article: https://techcombact.com/best-dj-laptops-under-500/
[2024-04-08 12:22:02] [INFO] AI content created success
[2024-04-08 12:23:42] [INFO] Getting article: https://techcombact.com/best-dj-laptops-under-500/
[2024-04-08 12:25:39] [INFO] AI content created success
[2024-04-08 12:27:49] [INFO] Getting article: https://techcombact.com/best-dj-laptops-under-500/
[2024-04-08 12:28:50] [INFO] Getting article: https://techcombact.com/best-dj-laptops-under-500/
[2024-04-08 12:29:51] [INFO] AI content created success
[2024-04-08 12:30:47] [INFO] AI content created success
[2024-04-08 12:34:08] [INFO] Getting article: https://techcombact.com/best-dj-laptops-under-500/
[2024-04-08 12:34:57] [INFO] Getting article: https://kakoresilako.com/kako-napraviti-paypal/
[2024-04-08 12:35:33] [INFO] AI content created success
[2024-04-08 12:36:04] [INFO] Getting article: https://kakoresilako.com/kako-napraviti-paypal/
[2024-04-08 12:36:22] [INFO] AI content created success
[2024-04-08 12:36:39] [INFO] AI content created success
[2024-04-08 12:38:26] [INFO] Getting article: https://kakoresilako.com/kako-napraviti-paypal/
[2024-04-08 12:39:12] [INFO] AI content created success
[2024-04-08 12:40:05] [INFO] Getting article: https://kakoresilako.com/kako-napraviti-paypal/
[2024-04-08 12:40:24] [INFO] Getting article: https://kakoresilako.com/kako-napraviti-paypal/
[2024-04-08 12:40:58] [INFO] AI content created success
[2024-04-08 12:41:07] [INFO] AI content created success
[2024-04-08 12:41:44] [INFO] Getting article: https://kakoresilako.com/kako-napraviti-paypal/
[2024-04-08 12:42:27] [INFO] AI content created success
[2024-04-08 12:42:56] [INFO] Getting article: https://kakoresilako.com/kako-napraviti-paypal/
[2024-04-08 12:43:41] [INFO] AI content created success
[2024-04-08 12:44:44] [INFO] Getting article: https://kakoresilako.com/kako-napraviti-paypal/
[2024-04-08 12:45:21] [INFO] Getting article: https://techcombact.com/best-dj-laptops-under-500/
[2024-04-08 12:45:30] [INFO] AI content created success
[2024-04-08 12:47:37] [INFO] AI content created success
[2024-04-08 19:54:35] [INFO] Getting article: https://techcombact.com/best-dj-laptops-under-500/
[2024-04-08 19:55:51] [INFO] Getting article: https://kakoresilako.com/kako-napraviti-paypal/
[2024-04-08 19:55:51] [ERROR] Content generated by AI too low, post not created for title: Kako otvoriti PayPal nalog – 2024
[2024-04-08 19:56:54] [INFO] AI content created success
[2024-04-08 19:59:29] [INFO] Getting article: https://kakoresilako.com/kako-napraviti-paypal/
[2024-04-08 19:59:30] [ERROR] Content generated by AI too low, post not created for title: Kako otvoriti PayPal nalog – 2024
[2024-04-08 19:59:49] [INFO] Getting article: https://kakoresilako.com/kako-napraviti-paypal/
[2024-04-08 19:59:50] [ERROR] Content generated by AI too low, post not created for title: Kako otvoriti PayPal nalog – 2024
[2024-04-08 20:07:51] [INFO] Getting article: https://kakoresilako.com/kako-napraviti-paypal/
[2024-04-08 20:07:52] [ERROR] Content generated by AI too low, post not created for title: Kako otvoriti PayPal nalog – 2024
[2024-04-08 20:08:47] [INFO] Getting article: https://kakoresilako.com/kako-napraviti-paypal/
[2024-04-08 20:09:26] [INFO] AI content created success
[2024-04-08 20:12:13] [INFO] Getting article: https://kakoresilako.com/kako-napraviti-paypal/
[2024-04-08 20:12:56] [INFO] AI content created success
[2024-04-08 20:30:24] [INFO] Getting article: https://kakoresilako.com/kako-napraviti-paypal/
[2024-04-08 20:31:04] [ERROR] Content generated by AI too low, post not created for title: Kako otvoriti PayPal nalog – 2024
[2024-04-08 20:31:24] [INFO] Getting article: https://kakoresilako.com/kako-napraviti-paypal/
[2024-04-08 20:32:15] [ERROR] Content generated by AI too low, post not created for title: Kako otvoriti PayPal nalog – 2024
[2024-04-08 20:48:22] [INFO] Getting article: https://kakoresilako.com/kako-napraviti-paypal/
[2024-04-08 20:48:38] [ERROR] Content generated by AI too low, post not created for title: Kako otvoriti PayPal nalog – 2024
[2024-04-08 21:13:32] [INFO] Getting article: https://kakoresilako.com/kako-napraviti-paypal/
[2024-04-08 21:14:16] [ERROR] Content is empty, article cannot be created.
[2024-04-08 21:17:37] [INFO] Getting article: https://kakoresilako.com/kako-napraviti-paypal/
[2024-04-08 21:18:15] [INFO] AI content created success
[2024-04-08 21:24:28] [INFO] Getting article: https://kakoresilako.com/kako-napraviti-paypal/
[2024-04-08 21:25:09] [INFO] AI content created success
[2024-04-08 21:26:25] [INFO] Getting article: https://kakoresilako.com/kako-napraviti-paypal/
[2024-04-08 21:27:08] [INFO] AI content created success
[2024-04-08 21:27:22] [INFO] Getting article: https://techcombact.com/best-dj-laptops-under-500/
[2024-04-08 21:29:40] [INFO] AI content created success
[2024-04-08 21:46:56] [INFO] Getting article: https://kakoresilako.com/kako-napraviti-paypal/
[2024-04-08 21:47:38] [INFO] AI content created success
[2024-04-08 21:48:26] [INFO] Getting article: https://kakoresilako.com/kako-napraviti-paypal/
[2024-04-08 21:48:56] [INFO] AI content created success
[2024-04-08 21:51:06] [INFO] Getting article: https://kakoresilako.com/kako-napraviti-paypal/
[2024-04-08 21:51:43] [INFO] AI content created success
[2024-04-08 21:51:57] [INFO] Getting article: https://kakoresilako.com/kako-napraviti-paypal/
[2024-04-08 21:52:30] [INFO] AI content created success
[2024-04-08 21:53:47] [INFO] Getting article: https://kakoresilako.com/kako-napraviti-paypal/
[2024-04-08 21:54:19] [INFO] AI content created success
[2024-04-08 21:54:36] [INFO] Getting article: https://kakoresilako.com/kako-napraviti-paypal/
[2024-04-08 21:55:13] [INFO] AI content created success
