[2024-02-15 11:09:32] [INFO] START WITH SOURCE: https://www.digitaltrends.com/computing-news/
[2024-02-15 11:09:35] [INFO] Getting article: https://www.digitaltrends.com/computing/whats-behind-customers-returning-their-vision-pro-headset/
[2024-02-15 11:09:37] [INFO] Scraped data success
[2024-02-15 11:09:37] [ERROR] Content generated by AI too low, post not created for title: 
		What’s behind customers returning their Vision Pro headset?	
[2024-02-15 11:09:37] [ERROR] An error occured during posting the article, try again.
[2024-02-15 11:09:37] [INFO] Cron job run for: https://www.digitaltrends.com/computing-news/
[2024-02-15 11:09:37] [INFO] START WITH SOURCE: https://www.tomshardware.com/desktops
[2024-02-15 11:09:39] [INFO] Getting article: https://www.tomshardware.com/news/best-gaming-pc-deals
[2024-02-15 11:09:40] [INFO] Skipped, not article type text: https://www.tomshardware.com/news/best-gaming-pc-deals
[2024-02-15 11:09:40] [INFO] Cron job run for: https://www.tomshardware.com/desktops
[2024-02-15 11:33:56] [INFO] START WITH SOURCE: https://www.tomshardware.com/desktops
[2024-02-15 11:33:56] [INFO] Getting article: https://www.tomshardware.com/desktops/mini-pcs/ayaneo-lists-the-retro-mini-pc-am02-on-indiegogo-comes-with-ryzen-7-7840hs-and-4-inch-touchscreen
[2024-02-15 11:33:58] [INFO] Scraped data success
[2024-02-15 11:36:07] [INFO] START WITH SOURCE: https://www.tomshardware.com/desktops
[2024-02-15 11:36:07] [INFO] Getting article: https://www.tomshardware.com/desktops/mini-pcs/ayaneo-lists-the-retro-mini-pc-am02-on-indiegogo-comes-with-ryzen-7-7840hs-and-4-inch-touchscreen
[2024-02-15 11:36:16] [INFO] Scraped data success
[2024-02-15 11:36:16] [ERROR] Content generated by AI too low, post not created for title: Ayaneo lists the Retro Mini PC AM02 on IndieGogo – comes with Ryzen 7 7840HS and 4-inch touchscreen
[2024-02-15 11:36:16] [ERROR] An error occured during posting the article, try again.
[2024-02-15 11:47:07] [INFO] START WITH SOURCE: https://www.tomshardware.com/desktops
[2024-02-15 11:47:07] [INFO] Getting article: https://www.tomshardware.com/desktops/mini-pcs/ayaneo-lists-the-retro-mini-pc-am02-on-indiegogo-comes-with-ryzen-7-7840hs-and-4-inch-touchscreen
[2024-02-15 11:47:08] [INFO] Scraped data success
[2024-02-15 11:47:08] [ERROR] Content generated by AI too low, post not created for title: Ayaneo lists the Retro Mini PC AM02 on IndieGogo – comes with Ryzen 7 7840HS and 4-inch touchscreen
[2024-02-15 11:47:08] [ERROR] An error occured during posting the article, try again.
[2024-02-15 11:47:50] [INFO] START WITH SOURCE: https://www.tomshardware.com/desktops
[2024-02-15 11:47:50] [INFO] Getting article: https://www.tomshardware.com/desktops/mini-pcs/ayaneo-lists-the-retro-mini-pc-am02-on-indiegogo-comes-with-ryzen-7-7840hs-and-4-inch-touchscreen
[2024-02-15 11:47:51] [INFO] Scraped data success
[2024-02-15 11:47:51] [ERROR] Content generated by AI too low, post not created for title: Ayaneo lists the Retro Mini PC AM02 on IndieGogo – comes with Ryzen 7 7840HS and 4-inch touchscreen
[2024-02-15 11:47:51] [ERROR] An error occured during posting the article, try again.
[2024-02-15 13:24:16] [INFO] START WITH SOURCE: https://www.tomshardware.com/desktops
[2024-02-15 13:24:16] [INFO] Getting article: https://www.tomshardware.com/desktops/mini-pcs/ayaneo-lists-the-retro-mini-pc-am02-on-indiegogo-comes-with-ryzen-7-7840hs-and-4-inch-touchscreen
[2024-02-15 13:24:20] [INFO] Scraped data success
[2024-02-15 13:24:20] [ERROR] Content generated by AI too low, post not created for title: Ayaneo lists the Retro Mini PC AM02 on IndieGogo – comes with Ryzen 7 7840HS and 4-inch touchscreen
[2024-02-15 13:24:20] [ERROR] An error occured during posting the article, try again.
[2024-02-15 13:40:00] [INFO] START WITH SOURCE: https://www.tomshardware.com/desktops
[2024-02-15 13:40:00] [INFO] Getting article: https://www.tomshardware.com/desktops/mini-pcs/ayaneo-lists-the-retro-mini-pc-am02-on-indiegogo-comes-with-ryzen-7-7840hs-and-4-inch-touchscreen
[2024-02-15 13:40:03] [INFO] Scraped data success
[2024-02-15 13:40:03] [ERROR] Content generated by AI too low, post not created for title: Ayaneo lists the Retro Mini PC AM02 on IndieGogo – comes with Ryzen 7 7840HS and 4-inch touchscreen
[2024-02-15 13:40:03] [ERROR] An error occured during posting the article, try again.
[2024-02-15 13:51:52] [INFO] START WITH SOURCE: https://www.tomshardware.com/desktops
[2024-02-15 13:51:52] [INFO] Getting article: https://www.tomshardware.com/desktops/mini-pcs/ayaneo-lists-the-retro-mini-pc-am02-on-indiegogo-comes-with-ryzen-7-7840hs-and-4-inch-touchscreen
[2024-02-15 13:51:55] [INFO] Scraped data success
[2024-02-15 13:51:55] [ERROR] Content generated by AI too low, post not created for title: Ayaneo lists the Retro Mini PC AM02 on IndieGogo – comes with Ryzen 7 7840HS and 4-inch touchscreen
[2024-02-15 13:51:55] [ERROR] An error occured during posting the article, try again.
[2024-02-15 13:52:11] [INFO] START WITH SOURCE: https://www.tomshardware.com/desktops
[2024-02-15 13:52:11] [INFO] Getting article: https://www.tomshardware.com/desktops/mini-pcs/ayaneo-lists-the-retro-mini-pc-am02-on-indiegogo-comes-with-ryzen-7-7840hs-and-4-inch-touchscreen
[2024-02-15 13:52:13] [INFO] Scraped data success
[2024-02-15 13:52:13] [ERROR] Content generated by AI too low, post not created for title: Ayaneo lists the Retro Mini PC AM02 on IndieGogo – comes with Ryzen 7 7840HS and 4-inch touchscreen
[2024-02-15 13:52:13] [ERROR] An error occured during posting the article, try again.
[2024-02-15 13:52:21] [INFO] START WITH SOURCE: https://www.tomshardware.com/desktops
[2024-02-15 13:52:21] [INFO] Getting article: https://www.tomshardware.com/desktops/mini-pcs/ayaneo-lists-the-retro-mini-pc-am02-on-indiegogo-comes-with-ryzen-7-7840hs-and-4-inch-touchscreen
[2024-02-15 13:52:24] [INFO] Scraped data success
[2024-02-15 13:52:24] [ERROR] Content generated by AI too low, post not created for title: Ayaneo lists the Retro Mini PC AM02 on IndieGogo – comes with Ryzen 7 7840HS and 4-inch touchscreen
[2024-02-15 13:52:24] [ERROR] An error occured during posting the article, try again.
[2024-02-15 13:57:08] [INFO] START WITH SOURCE: https://www.tomshardware.com/desktops
[2024-02-15 13:57:08] [INFO] Getting article: https://www.tomshardware.com/desktops/mini-pcs/ayaneo-lists-the-retro-mini-pc-am02-on-indiegogo-comes-with-ryzen-7-7840hs-and-4-inch-touchscreen
[2024-02-15 13:57:11] [INFO] Scraped data success
[2024-02-15 13:57:11] [ERROR] Content generated by AI too low, post not created for title: Ayaneo lists the Retro Mini PC AM02 on IndieGogo – comes with Ryzen 7 7840HS and 4-inch touchscreen
[2024-02-15 13:57:11] [ERROR] An error occured during posting the article, try again.
[2024-02-15 13:59:08] [INFO] START WITH SOURCE: https://www.tomshardware.com/desktops
[2024-02-15 13:59:08] [INFO] Getting article: https://www.tomshardware.com/desktops/mini-pcs/ayaneo-lists-the-retro-mini-pc-am02-on-indiegogo-comes-with-ryzen-7-7840hs-and-4-inch-touchscreen
[2024-02-15 13:59:10] [INFO] Scraped data success
[2024-02-15 13:59:10] [ERROR] Content generated by AI too low, post not created for title: Ayaneo lists the Retro Mini PC AM02 on IndieGogo – comes with Ryzen 7 7840HS and 4-inch touchscreen
[2024-02-15 13:59:10] [ERROR] An error occured during posting the article, try again.
[2024-02-15 14:01:28] [INFO] START WITH SOURCE: https://www.tomshardware.com/desktops
[2024-02-15 14:01:28] [INFO] Getting article: https://www.tomshardware.com/desktops/mini-pcs/ayaneo-lists-the-retro-mini-pc-am02-on-indiegogo-comes-with-ryzen-7-7840hs-and-4-inch-touchscreen
[2024-02-15 14:01:30] [INFO] Scraped data success
[2024-02-15 14:01:30] [ERROR] Content generated by AI too low, post not created for title: Ayaneo lists the Retro Mini PC AM02 on IndieGogo – comes with Ryzen 7 7840HS and 4-inch touchscreen
[2024-02-15 14:01:30] [ERROR] An error occured during posting the article, try again.
[2024-02-15 14:11:23] [INFO] START WITH SOURCE: https://www.tomshardware.com/desktops
[2024-02-15 14:11:23] [INFO] Getting article: https://www.tomshardware.com/desktops/mini-pcs/ayaneo-lists-the-retro-mini-pc-am02-on-indiegogo-comes-with-ryzen-7-7840hs-and-4-inch-touchscreen
[2024-02-15 14:11:25] [INFO] Scraped data success
[2024-02-15 14:11:25] [ERROR] Content generated by AI too low, post not created for title: Ayaneo lists the Retro Mini PC AM02 on IndieGogo – comes with Ryzen 7 7840HS and 4-inch touchscreen
[2024-02-15 14:11:25] [ERROR] An error occured during posting the article, try again.
[2024-02-15 14:13:25] [INFO] START WITH SOURCE: https://www.tomshardware.com/desktops
[2024-02-15 14:13:25] [INFO] Getting article: https://www.tomshardware.com/desktops/mini-pcs/ayaneo-lists-the-retro-mini-pc-am02-on-indiegogo-comes-with-ryzen-7-7840hs-and-4-inch-touchscreen
[2024-02-15 14:13:27] [INFO] Scraped data success
[2024-02-15 14:13:27] [ERROR] Content generated by AI too low, post not created for title: Ayaneo lists the Retro Mini PC AM02 on IndieGogo – comes with Ryzen 7 7840HS and 4-inch touchscreen
[2024-02-15 14:13:27] [ERROR] An error occured during posting the article, try again.
[2024-02-15 14:18:31] [INFO] START WITH SOURCE: https://www.tomshardware.com/desktops
[2024-02-15 14:18:31] [INFO] Getting article: https://www.tomshardware.com/desktops/mini-pcs/ayaneo-lists-the-retro-mini-pc-am02-on-indiegogo-comes-with-ryzen-7-7840hs-and-4-inch-touchscreen
[2024-02-15 14:18:33] [INFO] Scraped data success
[2024-02-15 14:18:33] [ERROR] Content generated by AI too low, post not created for title: Ayaneo lists the Retro Mini PC AM02 on IndieGogo – comes with Ryzen 7 7840HS and 4-inch touchscreen
[2024-02-15 14:18:33] [ERROR] An error occured during posting the article, try again.
