[2024-01-15 00:17:22] [INFO] START WITH SOURCE: https://techcombact.com/category/laptops/laptops-tips-tricks/
[2024-01-15 00:17:22] [INFO] Getting article: https://techcombact.com/best-laptops-for-cyberpunk-2077-top-picks-for-smooth-gameplay/
[2024-01-15 00:17:24] [INFO] Scraped data success
[2024-01-15 00:18:18] [INFO] AI content created success
[2024-01-15 00:18:22] [INFO] SUCCESS POST posted with ID: 989
[2024-01-15 00:50:39] [INFO] START WITH SOURCE: https://techcombact.com/category/laptops/laptops-tips-tricks/
[2024-01-15 00:50:39] [INFO] Getting article: https://techcombact.com/best-laptops-for-cyberpunk-2077-top-picks-for-smooth-gameplay/
[2024-01-15 00:50:39] [INFO] Scraped data success
[2024-01-15 00:51:44] [INFO] AI content created success
[2024-01-15 00:51:45] [INFO] SUCCESS POST posted with ID: 991
[2024-01-15 01:25:32] [INFO] START WITH SOURCE: https://techcombact.com/category/laptops/laptops-tips-tricks/
[2024-01-15 01:25:32] [INFO] Getting article: https://techcombact.com/best-laptops-for-cyberpunk-2077-top-picks-for-smooth-gameplay/
[2024-01-15 01:25:33] [INFO] Scraped data success
[2024-01-15 01:26:32] [INFO] AI content created success
[2024-01-15 01:26:35] [INFO] SUCCESS POST posted with ID: 997
[2024-01-15 01:28:38] [INFO] START WITH SOURCE: https://techcombact.com/category/laptops/laptops-tips-tricks/
[2024-01-15 01:28:38] [INFO] Getting article: https://techcombact.com/best-laptops-for-cyberpunk-2077-top-picks-for-smooth-gameplay/
[2024-01-15 01:28:39] [INFO] Scraped data success
[2024-01-15 01:29:41] [INFO] AI content created success
[2024-01-15 01:29:44] [INFO] SUCCESS POST posted with ID: 1003
[2024-01-15 01:30:27] [INFO] START WITH SOURCE: https://techcombact.com/category/laptops/laptops-tips-tricks/
[2024-01-15 01:30:27] [INFO] Getting article: https://techcombact.com/best-laptops-for-cyberpunk-2077-top-picks-for-smooth-gameplay/
[2024-01-15 01:30:28] [INFO] Scraped data success
[2024-01-15 01:31:30] [INFO] AI content created success
[2024-01-15 01:31:33] [INFO] SUCCESS POST posted with ID: 1009
[2024-01-15 01:33:10] [INFO] START WITH SOURCE: https://techcombact.com/category/laptops/laptops-tips-tricks/
[2024-01-15 01:33:10] [INFO] Getting article: https://techcombact.com/best-laptops-for-cyberpunk-2077-top-picks-for-smooth-gameplay/
[2024-01-15 01:33:10] [INFO] Scraped data success
[2024-01-15 01:34:14] [INFO] AI content created success
[2024-01-15 01:34:17] [INFO] SUCCESS POST posted with ID: 1015
[2024-01-15 01:39:37] [INFO] START WITH SOURCE: https://techcombact.com/category/laptops/laptops-tips-tricks/
[2024-01-15 01:39:37] [INFO] Getting article: https://techcombact.com/best-laptops-for-cyberpunk-2077-top-picks-for-smooth-gameplay/
[2024-01-15 01:39:38] [INFO] Scraped data success
[2024-01-15 01:40:16] [INFO] AI content created success
[2024-01-15 01:40:19] [INFO] SUCCESS POST posted with ID: 1021
[2024-01-15 01:41:12] [INFO] START WITH SOURCE: https://techcombact.com/category/laptops/laptops-tips-tricks/
[2024-01-15 01:41:12] [INFO] Getting article: https://techcombact.com/alienware-x14-vs-x15-vs-x17/
[2024-01-15 01:41:13] [INFO] Scraped data success
[2024-01-15 01:42:14] [INFO] AI content created success
[2024-01-15 01:42:20] [INFO] SUCCESS POST posted with ID: 1031
[2024-01-15 01:59:28] [INFO] START WITH SOURCE: https://techcombact.com/category/laptops/laptops-tips-tricks/
[2024-01-15 01:59:28] [INFO] Getting article: https://techcombact.com/alienware-x14-vs-x15-vs-x17/
[2024-01-15 01:59:29] [INFO] Scraped data success
[2024-01-15 02:01:45] [INFO] AI content created success
[2024-01-15 02:01:51] [INFO] SUCCESS POST posted with ID: 1041
[2024-01-15 02:13:39] [INFO] START WITH SOURCE: https://techcombact.com/category/laptops/laptops-tips-tricks/
[2024-01-15 02:13:39] [INFO] Getting article: https://techcombact.com/alienware-x14-vs-x15-vs-x17/
[2024-01-15 02:13:39] [INFO] Scraped data success
[2024-01-15 02:15:39] [INFO] AI content created success
[2024-01-15 02:15:44] [INFO] SUCCESS POST posted with ID: 1050
[2024-01-15 02:20:35] [INFO] START WITH SOURCE: https://techcombact.com/category/laptops/laptops-tips-tricks/
[2024-01-15 02:20:35] [INFO] Getting article: https://techcombact.com/alienware-x14-vs-x15-vs-x17/
[2024-01-15 02:20:36] [INFO] Scraped data success
[2024-01-15 02:22:40] [INFO] START WITH SOURCE: https://techcombact.com/category/laptops/laptops-tips-tricks/
[2024-01-15 02:22:40] [INFO] Getting article: https://techcombact.com/asus-g14-vs-alienware-x14/
[2024-01-15 02:22:40] [INFO] Scraped data success
[2024-01-15 02:22:47] [INFO] AI content created success
[2024-01-15 02:22:52] [INFO] SUCCESS POST posted with ID: 1059
[2024-01-15 02:24:54] [INFO] AI content created success
[2024-01-15 02:24:59] [INFO] SUCCESS POST posted with ID: 1068
[2024-01-15 02:25:26] [INFO] START WITH SOURCE: https://techcombact.com/category/laptops/laptops-tips-tricks/
[2024-01-15 02:25:26] [INFO] Getting article: https://techcombact.com/asus-g14-vs-alienware-x14/
[2024-01-15 02:25:26] [INFO] Scraped data success
[2024-01-15 02:26:57] [INFO] START WITH SOURCE: https://techcombact.com/category/laptops/laptops-tips-tricks/
[2024-01-15 02:26:57] [INFO] Getting article: https://techcombact.com/asus-g14-vs-alienware-x14/
[2024-01-15 02:26:58] [INFO] Scraped data success
[2024-01-15 02:27:32] [INFO] AI content created success
[2024-01-15 02:27:37] [INFO] SUCCESS POST posted with ID: 1077
[2024-01-15 02:28:52] [INFO] AI content created success
[2024-01-15 02:28:58] [INFO] SUCCESS POST posted with ID: 1088
[2024-01-15 02:43:27] [INFO] START WITH SOURCE: https://techcombact.com/category/laptops/laptops-tips-tricks/
[2024-01-15 02:43:27] [INFO] Getting article: https://techcombact.com/asus-g14-vs-alienware-x14/
[2024-01-15 02:43:28] [INFO] Scraped data success
[2024-01-15 02:45:17] [INFO] AI content created success
[2024-01-15 02:45:23] [INFO] SUCCESS POST posted with ID: 1099
[2024-01-15 15:20:56] [INFO] START WITH SOURCE: https://techcombact.com/category/laptops/laptops-tips-tricks/
[2024-01-15 15:20:56] [INFO] Getting article: https://techcombact.com/asus-g14-vs-alienware-x14/
[2024-01-15 15:20:57] [INFO] Scraped data success
[2024-01-15 15:23:21] [INFO] AI content created success
[2024-01-15 15:23:27] [INFO] SUCCESS POST posted with ID: 1110
[2024-01-15 17:18:47] [INFO] START WITH SOURCE: https://techcombact.com/category/laptops/laptops-tips-tricks/
[2024-01-15 17:18:47] [INFO] Getting article: https://techcombact.com/asus-g14-vs-alienware-x14/
[2024-01-15 17:18:47] [INFO] Scraped data success
[2024-01-15 17:20:38] [INFO] START WITH SOURCE: https://techcombact.com/category/laptops/laptops-tips-tricks/
[2024-01-15 17:20:38] [INFO] Getting article: https://techcombact.com/asus-g14-vs-alienware-x14/
[2024-01-15 17:20:39] [INFO] Scraped data success
[2024-01-15 17:20:50] [INFO] START WITH SOURCE: https://techcombact.com/category/laptops/laptops-tips-tricks/
[2024-01-15 17:20:50] [INFO] Getting article: https://techcombact.com/asus-g14-vs-alienware-x14/
[2024-01-15 17:20:51] [INFO] AI content created success
[2024-01-15 17:20:51] [INFO] Scraped data success
[2024-01-15 17:20:56] [INFO] SUCCESS POST posted with ID: 1120
[2024-01-15 17:22:49] [INFO] AI content created success
[2024-01-15 17:22:54] [INFO] SUCCESS POST posted with ID: 1130
[2024-01-15 17:23:16] [INFO] AI content created success
[2024-01-15 17:23:19] [ERROR] Failed to download image: image-url
[2024-01-15 17:23:21] [INFO] SUCCESS POST posted with ID: 1141
[2024-01-15 17:23:56] [INFO] START WITH SOURCE: https://techcombact.com/category/laptops/laptops-tips-tricks/
[2024-01-15 17:23:56] [INFO] Getting article: https://techcombact.com/asus-g14-vs-alienware-x14/
[2024-01-15 17:23:57] [INFO] Scraped data success
[2024-01-15 17:25:52] [INFO] AI content created success
[2024-01-15 17:25:58] [INFO] SUCCESS POST posted with ID: 1151
[2024-01-15 17:27:12] [INFO] START WITH SOURCE: https://techcombact.com/category/laptops/laptops-tips-tricks/
[2024-01-15 17:27:12] [INFO] Getting article: https://techcombact.com/asus-g14-vs-alienware-x14/
[2024-01-15 17:27:13] [INFO] Scraped data success
[2024-01-15 17:27:33] [INFO] START WITH SOURCE: https://techcombact.com/category/laptops/laptops-tips-tricks/
[2024-01-15 17:27:33] [INFO] Getting article: https://techcombact.com/asus-g14-vs-alienware-x14/
[2024-01-15 17:27:34] [INFO] Scraped data success
[2024-01-15 17:29:50] [INFO] AI content created success
[2024-01-15 17:29:57] [INFO] SUCCESS POST posted with ID: 1163
[2024-01-15 17:29:58] [INFO] AI content created success
[2024-01-15 17:30:03] [INFO] SUCCESS POST posted with ID: 1172
[2024-01-15 17:30:42] [INFO] START WITH SOURCE: https://techcombact.com/category/laptops/laptops-tips-tricks/
[2024-01-15 17:30:42] [INFO] Getting article: https://techcombact.com/asus-g14-vs-alienware-x14/
[2024-01-15 17:30:43] [INFO] Scraped data success
[2024-01-15 17:33:01] [INFO] AI content created success
[2024-01-15 17:33:06] [INFO] SUCCESS POST posted with ID: 1182
[2024-01-15 17:34:33] [INFO] START WITH SOURCE: https://techcombact.com/category/laptops/laptops-tips-tricks/
[2024-01-15 17:34:33] [INFO] Getting article: https://techcombact.com/asus-g14-vs-alienware-x14/
[2024-01-15 17:34:40] [INFO] START WITH SOURCE: https://techcombact.com/category/laptops/laptops-tips-tricks/
[2024-01-15 17:34:40] [INFO] Getting article: https://techcombact.com/asus-g14-vs-alienware-x14/
[2024-01-15 17:37:03] [INFO] START WITH SOURCE: https://techcombact.com/category/laptops/laptops-tips-tricks/
[2024-01-15 17:37:03] [INFO] Getting article: https://techcombact.com/asus-g14-vs-alienware-x14/
[2024-01-15 17:37:04] [INFO] Scraped data success
[2024-01-15 17:38:42] [INFO] START WITH SOURCE: https://techcombact.com/category/laptops/laptops-tips-tricks/
[2024-01-15 17:38:42] [INFO] Getting article: https://techcombact.com/asus-g14-vs-alienware-x14/
[2024-01-15 17:38:43] [INFO] Scraped data success
[2024-01-15 17:39:09] [INFO] AI content created success
[2024-01-15 17:39:10] [INFO] SUCCESS POST posted with ID: 1184
[2024-01-15 17:40:15] [INFO] START WITH SOURCE: https://techcombact.com/category/laptops/laptops-tips-tricks/
[2024-01-15 17:40:15] [INFO] Getting article: https://techcombact.com/asus-g14-vs-alienware-x14/
[2024-01-15 17:40:16] [INFO] Scraped data success
[2024-01-15 17:42:29] [INFO] START WITH SOURCE: https://techcombact.com/category/laptops/laptops-tips-tricks/
[2024-01-15 17:42:29] [INFO] Getting article: https://techcombact.com/asus-g14-vs-alienware-x14/
[2024-01-15 17:42:30] [INFO] Scraped data success
[2024-01-15 17:42:30] [ERROR] Invalid input array in getAiTitleAndExcerpt
[2024-01-15 17:44:00] [INFO] START WITH SOURCE: https://techcombact.com/category/laptops/laptops-tips-tricks/
[2024-01-15 17:44:00] [INFO] Getting article: https://techcombact.com/asus-g14-vs-alienware-x14/
[2024-01-15 17:44:27] [INFO] START WITH SOURCE: https://techcombact.com/category/laptops/laptops-tips-tricks/
[2024-01-15 17:44:27] [INFO] Getting article: https://techcombact.com/asus-g14-vs-alienware-x14/
[2024-01-15 17:45:07] [INFO] START WITH SOURCE: https://techcombact.com/category/laptops/laptops-tips-tricks/
[2024-01-15 17:45:07] [INFO] Getting article: https://techcombact.com/asus-g14-vs-alienware-x14/
[2024-01-15 17:52:30] [INFO] START WITH SOURCE: https://techcombact.com/category/laptops/laptops-tips-tricks/
[2024-01-15 17:52:30] [INFO] Getting article: https://techcombact.com/asus-g14-vs-alienware-x14/
[2024-01-15 17:53:14] [INFO] START WITH SOURCE: https://techcombact.com/category/laptops/laptops-tips-tricks/
[2024-01-15 17:53:14] [INFO] Getting article: https://techcombact.com/asus-g14-vs-alienware-x14/
[2024-01-15 18:11:52] [INFO] START WITH SOURCE: https://techcombact.com/category/laptops/laptops-tips-tricks/
[2024-01-15 18:11:52] [INFO] Getting article: https://techcombact.com/asus-g14-vs-alienware-x14/
[2024-01-15 18:12:53] [INFO] START WITH SOURCE: https://techcombact.com/category/laptops/laptops-tips-tricks/
[2024-01-15 18:12:53] [INFO] Getting article: https://techcombact.com/asus-g14-vs-alienware-x14/
[2024-01-15 18:13:26] [INFO] START WITH SOURCE: https://techcombact.com/category/laptops/laptops-tips-tricks/
[2024-01-15 18:13:26] [INFO] Getting article: https://techcombact.com/asus-g14-vs-alienware-x14/
[2024-01-15 18:14:27] [INFO] START WITH SOURCE: https://techcombact.com/category/laptops/laptops-tips-tricks/
[2024-01-15 18:14:27] [INFO] Getting article: https://techcombact.com/asus-g14-vs-alienware-x14/
[2024-01-15 18:26:37] [INFO] START WITH SOURCE: https://techcombact.com/category/laptops/laptops-tips-tricks/
[2024-01-15 18:26:37] [INFO] Getting article: https://techcombact.com/asus-g14-vs-alienware-x14/
[2024-01-15 18:56:02] [INFO] START WITH SOURCE: https://techcombact.com/category/laptops/laptops-tips-tricks/
[2024-01-15 18:56:02] [INFO] Getting article: https://techcombact.com/asus-g14-vs-alienware-x14/
[2024-01-15 18:58:20] [INFO] START WITH SOURCE: https://techcombact.com/category/laptops/laptops-tips-tricks/
[2024-01-15 18:58:20] [INFO] Getting article: https://techcombact.com/asus-g14-vs-alienware-x14/
[2024-01-15 19:58:14] [INFO] START WITH SOURCE: https://techcombact.com/category/laptops/laptops-tips-tricks/
[2024-01-15 19:58:14] [INFO] Getting article: https://techcombact.com/asus-g14-vs-alienware-x14/
[2024-01-15 19:58:15] [INFO] Scraped data success
[2024-01-15 19:59:38] [INFO] AI content created success
[2024-01-15 19:59:40] [INFO] SUCCESS POST posted with ID: 1188
[2024-01-15 20:05:26] [INFO] START WITH SOURCE: https://techcombact.com/category/laptops/laptops-tips-tricks/
[2024-01-15 20:05:26] [INFO] Getting article: https://techcombact.com/asus-g14-vs-alienware-x14/
[2024-01-15 20:05:27] [INFO] Scraped data success
[2024-01-15 20:07:43] [INFO] START WITH SOURCE: https://techcombact.com/category/laptops/laptops-tips-tricks/
[2024-01-15 20:07:43] [INFO] Getting article: https://techcombact.com/asus-g14-vs-alienware-x14/
[2024-01-15 20:07:43] [INFO] Scraped data success
[2024-01-15 20:19:31] [ERROR] There is no configuration for this website url
[2024-01-15 20:19:39] [INFO] START WITH SOURCE: https://techcombact.com/category/laptops/laptops-tips-tricks/
[2024-01-15 20:19:39] [INFO] Getting article: https://techcombact.com/asus-g14-vs-alienware-x14/
[2024-01-15 20:19:40] [INFO] Scraped data success
[2024-01-15 20:19:42] [ERROR] Content generated by AI too low, post not created for title: 
                                Asus G14 vs Alienware X14                            
[2024-01-15 20:19:42] [ERROR] An error occured during posting the article, try again.
[2024-01-15 20:21:01] [INFO] START WITH SOURCE: https://techcombact.com/category/laptops/laptops-tips-tricks/
[2024-01-15 20:21:01] [INFO] Getting article: https://techcombact.com/asus-g14-vs-alienware-x14/
[2024-01-15 20:21:02] [INFO] Scraped data success
[2024-01-15 20:21:04] [ERROR] Content generated by AI too low, post not created for title: 
                                Asus G14 vs Alienware X14                            
[2024-01-15 20:21:04] [ERROR] An error occured during posting the article, try again.
[2024-01-15 20:33:21] [INFO] START WITH SOURCE: https://techcombact.com/category/laptops/laptops-tips-tricks/
[2024-01-15 20:33:21] [INFO] Getting article: https://techcombact.com/asus-g14-vs-alienware-x14/
[2024-01-15 20:33:22] [INFO] Scraped data success
[2024-01-15 20:34:05] [INFO] START WITH SOURCE: https://techcombact.com/category/laptops/laptops-tips-tricks/
[2024-01-15 20:34:05] [INFO] Getting article: https://techcombact.com/asus-g14-vs-alienware-x14/
[2024-01-15 20:34:06] [INFO] Scraped data success
[2024-01-15 20:34:42] [INFO] AI content created success
[2024-01-15 20:34:44] [INFO] SUCCESS POST posted with ID: 1191
[2024-01-15 20:35:20] [INFO] START WITH SOURCE: https://techcombact.com/category/laptops/laptops-tips-tricks/
[2024-01-15 20:35:20] [INFO] Getting article: https://techcombact.com/asus-g14-vs-alienware-x14/
[2024-01-15 20:35:21] [INFO] Scraped data success
[2024-01-15 20:35:21] [INFO] AI content created success
[2024-01-15 20:35:23] [INFO] SUCCESS POST posted with ID: 1195
[2024-01-15 20:36:33] [INFO] AI content created success
[2024-01-15 20:36:36] [ERROR] Failed to download image: https://techcombact.com/wp-content/uploads/2023/04/Gaming-Comparison-e1682974062752.jpg
[2024-01-15 20:36:37] [INFO] SUCCESS POST posted with ID: 1198
[2024-01-15 20:42:56] [INFO] START WITH SOURCE: https://techcombact.com/category/laptops/laptops-tips-tricks/
[2024-01-15 20:43:42] [INFO] START WITH SOURCE: https://techcombact.com/category/laptops/laptops-tips-tricks/
[2024-01-15 20:46:39] [INFO] START WITH SOURCE: https://techcombact.com/category/laptops/laptops-tips-tricks/
[2024-01-15 20:48:08] [INFO] START WITH SOURCE: https://techcombact.com/category/laptops/laptops-tips-tricks/
[2024-01-15 20:48:39] [INFO] START WITH SOURCE: https://techcombact.com/category/laptops/laptops-tips-tricks/
[2024-01-15 20:48:39] [INFO] Getting article: https://techcombact.com/asus-g14-vs-alienware-x14/
[2024-01-15 20:48:40] [INFO] Scraped data success
[2024-01-15 20:49:28] [INFO] START WITH SOURCE: https://techcombact.com/category/laptops/laptops-tips-tricks/
[2024-01-15 20:49:28] [INFO] Getting article: https://techcombact.com/asus-g14-vs-alienware-x14/
[2024-01-15 20:49:28] [INFO] Scraped data success
[2024-01-15 20:49:56] [INFO] START WITH SOURCE: https://techcombact.com/category/laptops/laptops-tips-tricks/
[2024-01-15 20:49:56] [INFO] Getting article: https://techcombact.com/asus-g14-vs-alienware-x14/
[2024-01-15 20:49:57] [INFO] Scraped data success
[2024-01-15 20:50:00] [INFO] AI content created success
[2024-01-15 20:50:01] [INFO] SUCCESS POST posted with ID: 1201
[2024-01-15 20:50:35] [INFO] START WITH SOURCE: https://techcombact.com/category/laptops/laptops-tips-tricks/
[2024-01-15 20:50:35] [INFO] Getting article: https://techcombact.com/asus-g14-vs-alienware-x14/
[2024-01-15 20:50:36] [INFO] Scraped data success
[2024-01-15 20:50:54] [INFO] AI content created success
[2024-01-15 20:50:55] [INFO] SUCCESS POST posted with ID: 1205
[2024-01-15 20:51:20] [INFO] AI content created success
[2024-01-15 20:51:22] [INFO] SUCCESS POST posted with ID: 1209
[2024-01-15 20:51:47] [INFO] START WITH SOURCE: https://techcombact.com/category/laptops/laptops-tips-tricks/
[2024-01-15 20:51:47] [INFO] Getting article: https://techcombact.com/asus-g14-vs-alienware-x14/
[2024-01-15 20:51:48] [INFO] Scraped data success
[2024-01-15 20:52:31] [INFO] AI content created success
[2024-01-15 20:52:32] [ERROR] Failed to download image: https://techcombact.com/wp-content/uploads/2023/04/Gaming-Laptop-Comparison.jpg
[2024-01-15 20:52:34] [INFO] SUCCESS POST posted with ID: 1212
[2024-01-15 20:53:09] [INFO] AI content created success
[2024-01-15 20:53:11] [INFO] SUCCESS POST posted with ID: 1216
[2024-01-15 20:54:50] [INFO] START WITH SOURCE: https://techcombact.com/category/laptops/laptops-tips-tricks/
[2024-01-15 20:54:50] [INFO] Getting article: https://techcombact.com/asus-g14-vs-alienware-x14/
[2024-01-15 20:54:51] [INFO] Scraped data success
[2024-01-15 20:54:53] [ERROR] Content generated by AI too low, post not created for title: 
                                Asus G14 vs Alienware X14                            
[2024-01-15 20:54:53] [ERROR] An error occured during posting the article, try again.
[2024-01-15 20:55:32] [INFO] START WITH SOURCE: https://techcombact.com/category/laptops/laptops-tips-tricks/
[2024-01-15 20:55:32] [INFO] Getting article: https://techcombact.com/asus-g14-vs-alienware-x14/
[2024-01-15 20:55:33] [INFO] Scraped data success
[2024-01-15 20:55:35] [ERROR] Content generated by AI too low, post not created for title: 
                                Asus G14 vs Alienware X14                            
[2024-01-15 20:55:35] [ERROR] An error occured during posting the article, try again.
[2024-01-15 22:45:55] [INFO] START WITH SOURCE: https://techcombact.com/category/laptops/laptops-tips-tricks/
[2024-01-15 22:45:55] [INFO] Getting article: https://techcombact.com/asus-g14-vs-alienware-x14/
[2024-01-15 22:45:56] [INFO] Scraped data success
[2024-01-15 22:47:12] [INFO] AI content created success
[2024-01-15 22:47:13] [ERROR] Failed to download image: https://techcombact.com/wp-content/uploads/2023/04/Gaming-laptops-e1682974062752.jpg
[2024-01-15 22:47:15] [INFO] SUCCESS POST posted with ID: 1222
[2024-01-15 22:49:44] [INFO] START WITH SOURCE: https://techcombact.com/category/laptops/laptops-tips-tricks/
[2024-01-15 22:49:44] [INFO] Getting article: https://techcombact.com/asus-g14-vs-alienware-x14/
[2024-01-15 22:49:45] [INFO] Scraped data success
[2024-01-15 22:49:47] [ERROR] Content generated by AI too low, post not created for title: 
                                Asus G14 vs Alienware X14                            
[2024-01-15 22:49:47] [ERROR] An error occured during posting the article, try again.
[2024-01-15 22:58:52] [INFO] START WITH SOURCE: https://techcombact.com/category/laptops/laptops-tips-tricks/
[2024-01-15 22:58:52] [INFO] Getting article: https://techcombact.com/asus-g14-vs-alienware-x14/
[2024-01-15 23:06:40] [INFO] START WITH SOURCE: https://techcombact.com/category/laptops/laptops-tips-tricks/
[2024-01-15 23:06:41] [INFO] Getting article: https://techcombact.com/asus-g14-vs-alienware-x14/
[2024-01-15 23:12:38] [INFO] START WITH SOURCE: https://techcombact.com/category/laptops/laptops-tips-tricks/
[2024-01-15 23:12:38] [INFO] Getting article: https://techcombact.com/asus-g14-vs-alienware-x14/
[2024-01-15 23:13:26] [INFO] START WITH SOURCE: https://techcombact.com/category/laptops/laptops-tips-tricks/
[2024-01-15 23:13:26] [INFO] Getting article: https://techcombact.com/asus-g14-vs-alienware-x14/
[2024-01-15 23:15:17] [INFO] START WITH SOURCE: https://techcombact.com/category/laptops/laptops-tips-tricks/
[2024-01-15 23:15:17] [INFO] Getting article: https://techcombact.com/asus-g14-vs-alienware-x14/
[2024-01-15 23:15:31] [INFO] START WITH SOURCE: https://techcombact.com/category/laptops/laptops-tips-tricks/
[2024-01-15 23:15:31] [INFO] Getting article: https://techcombact.com/asus-g14-vs-alienware-x14/
[2024-01-15 23:17:41] [INFO] START WITH SOURCE: https://techcombact.com/category/laptops/laptops-tips-tricks/
[2024-01-15 23:17:41] [INFO] Getting article: https://techcombact.com/asus-g14-vs-alienware-x14/
[2024-01-15 23:19:10] [INFO] START WITH SOURCE: https://techcombact.com/category/laptops/laptops-tips-tricks/
[2024-01-15 23:19:10] [INFO] Getting article: https://techcombact.com/asus-g14-vs-alienware-x14/
[2024-01-15 23:19:29] [INFO] START WITH SOURCE: https://techcombact.com/category/laptops/laptops-tips-tricks/
[2024-01-15 23:19:29] [INFO] Getting article: https://techcombact.com/asus-g14-vs-alienware-x14/
[2024-01-15 23:30:55] [INFO] START WITH SOURCE: https://techcombact.com/category/laptops/laptops-tips-tricks/
[2024-01-15 23:30:55] [INFO] Getting article: https://techcombact.com/asus-g14-vs-alienware-x14/
[2024-01-15 23:32:40] [INFO] START WITH SOURCE: https://techcombact.com/category/laptops/laptops-tips-tricks/
[2024-01-15 23:32:40] [INFO] Getting article: https://techcombact.com/asus-g14-vs-alienware-x14/
[2024-01-15 23:32:40] [INFO] Scraped data success
[2024-01-15 23:34:01] [INFO] AI content created success
[2024-01-15 23:34:03] [INFO] SUCCESS POST posted with ID: 1226
