[2024-03-10 11:36:09] [INFO] START WITH SOURCE: https://www.digitaltrends.com/computing-news/
[2024-03-10 11:37:45] [INFO] START WITH SOURCE: https://www.tomshardware.com/desktops
[2024-03-10 14:25:13] [INFO] START WITH SOURCE: https://www.digitaltrends.com/computing-news/
[2024-03-10 14:27:24] [INFO] START WITH SOURCE: https://www.digitaltrends.com/computing-news/
[2024-03-10 14:30:49] [INFO] START WITH SOURCE: https://www.digitaltrends.com/computing-news/
[2024-03-10 14:34:10] [INFO] START WITH SOURCE: https://www.digitaltrends.com/computing-news/
[2024-03-10 14:36:36] [INFO] START WITH SOURCE: https://www.digitaltrends.com/computing-news/
[2024-03-10 14:37:59] [INFO] START WITH SOURCE: https://www.digitaltrends.com/computing-news/
[2024-03-10 14:39:17] [INFO] START WITH SOURCE: https://www.digitaltrends.com/computing-news/
[2024-03-10 14:39:43] [INFO] START WITH SOURCE: https://www.digitaltrends.com/computing-news/
[2024-03-10 14:39:44] [INFO] Getting article: https://www.digitaltrends.com/computing/gpu-shipments-increase-q4-2023/
[2024-03-10 14:39:49] [INFO] Scraped data success
[2024-03-10 14:41:02] [INFO] START WITH SOURCE: https://www.digitaltrends.com/computing-news/
[2024-03-10 14:41:02] [INFO] Getting article: https://www.digitaltrends.com/computing/gpu-shipments-increase-q4-2023/
[2024-03-10 14:41:03] [INFO] Scraped data success
[2024-03-10 14:41:35] [INFO] START WITH SOURCE: https://www.digitaltrends.com/computing-news/
[2024-03-10 14:41:35] [INFO] Getting article: https://www.digitaltrends.com/computing/gpu-shipments-increase-q4-2023/
[2024-03-10 14:41:36] [INFO] Scraped data success
[2024-03-10 14:42:12] [INFO] START WITH SOURCE: https://www.digitaltrends.com/computing-news/
[2024-03-10 14:42:12] [INFO] Getting article: https://www.digitaltrends.com/computing/gpu-shipments-increase-q4-2023/
[2024-03-10 14:42:14] [INFO] Scraped data success
[2024-03-10 14:43:26] [INFO] START WITH SOURCE: https://www.digitaltrends.com/computing-news/
[2024-03-10 14:43:26] [INFO] Getting article: https://www.digitaltrends.com/computing/gpu-shipments-increase-q4-2023/
[2024-03-10 14:43:27] [INFO] Scraped data success
[2024-03-10 14:46:07] [INFO] START WITH SOURCE: https://www.digitaltrends.com/computing-news/
[2024-03-10 14:46:07] [INFO] Getting article: https://www.digitaltrends.com/computing/gpu-shipments-increase-q4-2023/
[2024-03-10 14:46:09] [INFO] Scraped data success
[2024-03-10 14:46:31] [INFO] AI content created success
[2024-03-10 14:46:33] [ERROR] Failed to download image: IMG_PLACEHOLDER
[2024-03-10 14:46:36] [INFO] SUCCESS POST posted with ID: 1461
[2024-03-10 14:50:20] [INFO] START WITH SOURCE: https://www.digitaltrends.com/computing-news/
[2024-03-10 14:50:20] [INFO] Getting article: https://www.digitaltrends.com/computing/gpu-shipments-increase-q4-2023/
[2024-03-10 14:50:21] [INFO] Scraped data success
[2024-03-10 14:51:19] [INFO] START WITH SOURCE: https://www.digitaltrends.com/computing-news/
[2024-03-10 14:51:19] [INFO] Getting article: https://www.digitaltrends.com/computing/gpu-shipments-increase-q4-2023/
[2024-03-10 14:51:20] [INFO] Scraped data success
[2024-03-10 14:52:16] [INFO] START WITH SOURCE: https://www.digitaltrends.com/computing-news/
[2024-03-10 14:52:17] [INFO] Getting article: https://www.digitaltrends.com/computing/gpu-shipments-increase-q4-2023/
[2024-03-10 14:52:19] [INFO] Scraped data success
[2024-03-10 14:52:45] [INFO] AI content created success
[2024-03-10 14:52:49] [INFO] SUCCESS POST posted with ID: 1465
[2024-03-10 14:53:15] [INFO] START WITH SOURCE: https://www.digitaltrends.com/computing-news/
[2024-03-10 14:53:15] [INFO] Getting article: https://www.digitaltrends.com/computing/gpu-shipments-increase-q4-2023/
[2024-03-10 14:53:17] [INFO] Scraped data success
[2024-03-10 14:53:42] [INFO] AI content created success
[2024-03-10 14:53:48] [INFO] SUCCESS POST posted with ID: 1469
[2024-03-10 16:26:20] [INFO] START WITH SOURCE: https://www.digitaltrends.com/computing-news/
[2024-03-10 16:26:20] [INFO] Getting article: https://www.digitaltrends.com/computing/gpu-shipments-increase-q4-2023/
[2024-03-10 16:26:23] [INFO] Scraped data success
[2024-03-10 16:26:45] [INFO] AI content created success
[2024-03-10 16:26:49] [INFO] SUCCESS POST posted with ID: 1473
[2024-03-10 21:53:56] [INFO] START WITH SOURCE: https://www.digitaltrends.com/computing-news/
[2024-03-10 21:53:56] [INFO] Getting article: https://www.digitaltrends.com/computing/gpu-shipments-increase-q4-2023/
[2024-03-10 21:54:27] [INFO] Scraped data success
[2024-03-10 21:55:21] [INFO] AI content created success
[2024-03-10 23:56:37] [INFO] START WITH SOURCE: https://www.digitaltrends.com/computing-news/
[2024-03-10 23:56:37] [INFO] Getting article: https://www.digitaltrends.com/computing/gpu-shipments-increase-q4-2023/
[2024-03-10 23:56:39] [INFO] Scraped data success
[2024-03-10 23:56:58] [INFO] AI content created success
[2024-03-10 23:57:05] [INFO] SUCCESS POST posted with ID: 1477
