[2024-01-13 23:19:04] [INFO] START WITH SOURCE: https://www.digitaltrends.com/computing-news/
[2024-01-13 23:19:06] [INFO] Getting article: https://www.digitaltrends.com/computing/razer-iskur-v2-ces-2024/
[2024-01-13 23:19:07] [INFO] Scraped data success
[2024-01-13 23:19:22] [INFO] AI content created success
[2024-01-13 23:19:26] [INFO] SUCCESS POST posted with ID: 786
[2024-01-13 23:19:27] [INFO] START WITH SOURCE: https://www.tomshardware.com/desktops
[2024-01-13 23:19:27] [INFO] Getting article: https://www.tomshardware.com/desktops/mini-pcs/asrock-launches-new-mini-pcs-for-amds-latest-ryzen-cpus
[2024-01-13 23:19:28] [INFO] Scraped data success
[2024-01-13 23:19:38] [INFO] AI content created success
[2024-01-13 23:19:39] [INFO] SUCCESS POST posted with ID: 788
[2024-01-13 23:25:57] [INFO] START WITH SOURCE: https://www.digitaltrends.com/computing-news/
[2024-01-13 23:25:58] [INFO] Getting article: https://www.digitaltrends.com/computing/razer-iskur-v2-ces-2024/
[2024-01-13 23:25:58] [INFO] Scraped data success
[2024-01-13 23:26:14] [INFO] AI content created success
[2024-01-13 23:26:18] [INFO] SUCCESS POST posted with ID: 796
[2024-01-13 23:26:18] [INFO] START WITH SOURCE: https://www.tomshardware.com/desktops
[2024-01-13 23:26:19] [INFO] Getting article: https://www.tomshardware.com/desktops/mini-pcs/asrock-launches-new-mini-pcs-for-amds-latest-ryzen-cpus
[2024-01-13 23:26:20] [INFO] Scraped data success
[2024-01-13 23:26:30] [INFO] AI content created success
[2024-01-13 23:26:31] [INFO] SUCCESS POST posted with ID: 798
[2024-01-13 23:27:46] [INFO] START WITH SOURCE: https://www.digitaltrends.com/computing-news/
[2024-01-13 23:27:47] [INFO] Getting article: https://www.digitaltrends.com/computing/razer-iskur-v2-ces-2024/
[2024-01-13 23:27:47] [INFO] Scraped data success
[2024-01-13 23:28:02] [INFO] AI content created success
[2024-01-13 23:28:05] [INFO] SUCCESS POST posted with ID: 804
[2024-01-13 23:28:05] [INFO] START WITH SOURCE: https://www.tomshardware.com/desktops
[2024-01-13 23:28:06] [INFO] Getting article: https://www.tomshardware.com/desktops/mini-pcs/asrock-launches-new-mini-pcs-for-amds-latest-ryzen-cpus
[2024-01-13 23:28:07] [INFO] Scraped data success
[2024-01-13 23:28:18] [INFO] AI content created success
[2024-01-13 23:28:19] [INFO] SUCCESS POST posted with ID: 806
[2024-01-13 23:59:04] [INFO] START WITH SOURCE: https://www.digitaltrends.com/computing-news/
[2024-01-13 23:59:06] [INFO] Getting article: https://www.digitaltrends.com/computing/razer-iskur-v2-ces-2024/
[2024-01-13 23:59:08] [INFO] Scraped data success
[2024-01-13 23:59:16] [INFO] AI content created success
[2024-01-13 23:59:18] [INFO] SUCCESS POST posted with ID: 811
[2024-01-13 23:59:19] [INFO] START WITH SOURCE: https://www.tomshardware.com/desktops
[2024-01-13 23:59:20] [INFO] Getting article: https://www.tomshardware.com/desktops/mini-pcs/asrock-launches-new-mini-pcs-for-amds-latest-ryzen-cpus
[2024-01-13 23:59:20] [INFO] Scraped data success
[2024-01-13 23:59:31] [INFO] AI content created success
[2024-01-13 23:59:32] [INFO] SUCCESS POST posted with ID: 813
