[2024-04-04 10:48:07] [INFO] Getting article: https://kakoresilako.com/kako-instalirati-viber-korak-po-korak/
[2024-04-04 10:48:22] [INFO] AI content created success
[2024-04-04 10:48:47] [INFO] Getting article: https://kakoresilako.com/kako-instalirati-viber-korak-po-korak/
[2024-04-04 10:49:31] [INFO] AI content created success
[2024-04-04 10:50:22] [INFO] Getting article: https://kakoresilako.com/kako-instalirati-viber-korak-po-korak/
[2024-04-04 10:57:25] [INFO] Getting article: https://kakoresilako.com/kako-instalirati-viber-korak-po-korak/
[2024-04-04 10:58:19] [INFO] AI content created success
[2024-04-04 11:10:47] [INFO] Getting article: https://kakoresilako.com/kako-instalirati-viber-korak-po-korak/
[2024-04-04 11:11:03] [INFO] AI content created success
[2024-04-04 11:13:35] [INFO] Getting article: https://kakoresilako.com/kako-instalirati-viber-korak-po-korak/
[2024-04-04 11:14:09] [INFO] AI content created success
[2024-04-04 11:42:53] [INFO] Getting article: https://kakoresilako.com/kako-instalirati-viber-korak-po-korak/
[2024-04-04 11:43:29] [INFO] AI content created success
[2024-04-04 11:43:32] [ERROR] Failed to download image: image.jpg
[2024-04-04 11:58:34] [INFO] Getting article: https://kakoresilako.com/kako-instalirati-viber-korak-po-korak/
[2024-04-04 11:59:04] [INFO] AI content created success
[2024-04-04 12:01:41] [INFO] Getting article: https://kakoresilako.com/kako-instalirati-viber-korak-po-korak/
[2024-04-04 12:01:53] [INFO] AI content created success
[2024-04-04 12:02:34] [INFO] Getting article: https://kakoresilako.com/kako-instalirati-viber-korak-po-korak/
[2024-04-04 12:02:58] [INFO] AI content created success
[2024-04-04 12:05:14] [INFO] Getting article: https://kakoresilako.com/kako-instalirati-viber-korak-po-korak/
[2024-04-04 12:05:39] [INFO] AI content created success
[2024-04-04 12:30:09] [INFO] Getting article: https://kakoresilako.com/kako-instalirati-viber-korak-po-korak/
[2024-04-04 12:30:22] [INFO] AI content created success
[2024-04-04 12:31:19] [INFO] Getting article: https://kakoresilako.com/kako-instalirati-viber-korak-po-korak/
[2024-04-04 12:31:32] [INFO] AI content created success
[2024-04-04 12:32:20] [INFO] Getting article: https://kakoresilako.com/kako-instalirati-viber-korak-po-korak/
[2024-04-04 12:32:33] [INFO] AI content created success
[2024-04-04 12:35:04] [INFO] Getting article: https://kakoresilako.com/kako-instalirati-viber-korak-po-korak/
[2024-04-04 12:35:17] [INFO] AI content created success
[2024-04-04 12:39:28] [INFO] Getting article: https://kakoresilako.com/kako-instalirati-viber-korak-po-korak/
[2024-04-04 12:39:54] [INFO] AI content created success
[2024-04-04 12:44:17] [INFO] Getting article: https://kakoresilako.com/kako-instalirati-viber-korak-po-korak/
[2024-04-04 12:44:45] [INFO] AI content created success
[2024-04-04 12:46:08] [INFO] Getting article: https://kakoresilako.com/kako-instalirati-viber-korak-po-korak/
[2024-04-04 12:46:42] [INFO] AI content created success
[2024-04-04 19:58:32] [INFO] Getting article: https://kakoresilako.com/kako-instalirati-viber-korak-po-korak/
[2024-04-04 19:58:58] [INFO] AI content created success
[2024-04-04 20:47:49] [INFO] Getting article: http://sad
[2024-04-04 20:47:51] [ERROR] Error in scrapeWebsite: unable to create socket "sad:80" php_network_getaddresses: getaddrinfo for sad failed: No such host is known. 
[2024-04-04 20:48:16] [INFO] Getting article: https://kakoresilako.com/kako-instalirati-viber-korak-po-korak/
[2024-04-04 20:48:17] [ERROR] Error in scrapeWebsite: Error with title of scraped article.
[2024-04-04 20:48:41] [INFO] Getting article: https://kakoresilako.com/kako-instalirati-viber-korak-po-korak/
[2024-04-04 20:48:42] [ERROR] Error in scrapeWebsite: Error with title of scraped article.
[2024-04-04 20:56:18] [INFO] Getting article: https://kakoresilako.com/kako-instalirati-viber-korak-po-korak/
[2024-04-04 20:56:19] [ERROR] Error in scrapeWebsite: Error with title of scraped article.
[2024-04-04 20:58:05] [INFO] Getting article: https://kakoresilako.com/kako-instalirati-viber-korak-po-korak/
[2024-04-04 20:59:48] [INFO] Getting article: https://kakoresilako.com/kako-instalirati-viber-korak-po-korak/
[2024-04-04 20:59:49] [ERROR] Error in scrapeWebsite: Error with title of scraped article.
[2024-04-04 21:00:01] [INFO] Getting article: https://kakoresilako.com/kako-instalirati-viber-korak-po-korak/
[2024-04-04 21:01:36] [INFO] Getting article: https://kakoresilako.com/kako-instalirati-viber-korak-po-korak/
[2024-04-04 21:01:36] [ERROR] Error in scrapeWebsite: Error with title of scraped article.
[2024-04-04 21:02:00] [INFO] Getting article: https://kakoresilako.com/kako-instalirati-viber-korak-po-korak/
[2024-04-04 21:02:01] [ERROR] Error in scrapeWebsite: Error with title of scraped article.
[2024-04-04 21:02:28] [INFO] Getting article: https://kakoresilako.com/kako-instalirati-viber-korak-po-korak/
[2024-04-04 21:03:50] [INFO] Getting article: https://kakoresilako.com/kako-instalirati-viber-korak-po-korak/
[2024-04-04 21:04:58] [INFO] Getting article: https://kakoresilako.com/kako-instalirati-viber-korak-po-korak/
[2024-04-04 21:09:01] [INFO] Getting article: https://kakoresilako.com/kako-instalirati-viber-korak-po-korak/
[2024-04-04 21:09:02] [ERROR] Error in scrapeWebsite: Error with title of scraped article.
[2024-04-04 21:10:40] [INFO] Getting article: https://kakoresilako.com/kako-instalirati-viber-korak-po-korak/
[2024-04-04 21:11:56] [INFO] Getting article: https://kakoresilako.com/kako-instalirati-viber-korak-po-korak/
[2024-04-04 21:13:30] [INFO] Getting article: https://kakoresilako.com/kako-instalirati-viber-korak-po-korak/
[2024-04-04 21:13:44] [INFO] Getting article: https://kakoresilako.com/kako-instalirati-viber-korak-po-korak/
[2024-04-04 21:15:21] [INFO] Getting article: https://kakoresilako.com/kako-instalirati-viber-korak-po-korak/
[2024-04-04 21:15:37] [INFO] AI content created success
[2024-04-04 21:16:11] [INFO] Getting article: https://kakoresilako.com/kako-instalirati-viber-korak-po-korak/
[2024-04-04 21:16:41] [INFO] AI content created success
[2024-04-04 21:16:50] [INFO] Getting article: https://kakoresilako.com/kako-instalirati-viber-korak-po-korak/
[2024-04-04 21:17:06] [INFO] Getting article: https://kakoresilako.com/kako-instalirati-viber-korak-po-korak/
[2024-04-04 21:17:16] [INFO] AI content created success
[2024-04-04 21:19:27] [INFO] Getting article: https://kakoresilako.com/kako-instalirati-viber-korak-po-korak/
[2024-04-04 21:22:17] [INFO] Getting article: https://kakoresilako.com/kako-instalirati-viber-korak-po-korak/
[2024-04-04 21:24:25] [INFO] Getting article: https://kakoresilako.com/kako-instalirati-viber-korak-po-korak/
[2024-04-04 21:25:29] [INFO] Getting article: https://kakoresilako.com/kako-instalirati-viber-korak-po-korak/
[2024-04-04 21:27:54] [INFO] Getting article: https://kakoresilako.com/kako-instalirati-viber-korak-po-korak/
