[2024-03-09 12:54:52] [INFO] START WITH SOURCE: https://www.digitaltrends.com/computing-news/
[2024-03-09 12:54:52] [INFO] Getting article: https://www.digitaltrends.com/computing/acer-launches-new-rtx-40-gaming-laptops/
[2024-03-09 12:54:55] [INFO] Scraped data success
[2024-03-09 12:55:12] [INFO] AI content created success
[2024-03-09 12:55:16] [INFO] SUCCESS POST posted with ID: 1424
[2024-03-09 20:42:20] [INFO] START WITH SOURCE: https://www.digitaltrends.com/computing-news/
[2024-03-09 20:42:20] [INFO] Getting article: https://www.digitaltrends.com/computing/gpu-shipments-increase-q4-2023/
[2024-03-09 20:42:24] [INFO] Scraped data success
[2024-03-09 20:42:43] [INFO] AI content created success
[2024-03-09 20:42:49] [INFO] SUCCESS POST posted with ID: 1428
[2024-03-09 20:42:50] [INFO] START WITH SOURCE: https://www.digitaltrends.com/computing-news/
[2024-03-09 20:42:50] [INFO] Getting article: https://www.digitaltrends.com/computing/gpu-shipments-increase-q4-2023/
[2024-03-09 20:42:51] [INFO] START WITH SOURCE: https://www.digitaltrends.com/computing-news/
[2024-03-09 20:42:51] [INFO] Getting article: https://www.digitaltrends.com/computing/microsoft-killing-windows-subsystem-for-android/
[2024-03-09 20:42:52] [INFO] Scraped data success
[2024-03-09 20:42:54] [INFO] Scraped data success
[2024-03-09 20:42:58] [INFO] START WITH SOURCE: https://www.digitaltrends.com/computing-news/
[2024-03-09 20:42:58] [INFO] Getting article: https://www.digitaltrends.com/computing/gpu-shipments-increase-q4-2023/
[2024-03-09 20:42:59] [INFO] Scraped data success
[2024-03-09 20:43:08] [INFO] AI content created success
[2024-03-09 20:43:10] [INFO] SUCCESS POST posted with ID: 1430
[2024-03-09 20:43:12] [INFO] AI content created success
[2024-03-09 20:43:16] [INFO] SUCCESS POST posted with ID: 1434
[2024-03-09 20:43:17] [INFO] AI content created success
[2024-03-09 20:43:22] [INFO] SUCCESS POST posted with ID: 1438
[2024-03-09 20:43:24] [INFO] START WITH SOURCE: https://www.digitaltrends.com/computing-news/
[2024-03-09 20:43:24] [INFO] Getting article: https://www.digitaltrends.com/computing/microsoft-killing-windows-subsystem-for-android/
[2024-03-09 20:43:25] [INFO] Scraped data success
[2024-03-09 20:43:40] [INFO] AI content created success
[2024-03-09 20:43:41] [INFO] START WITH SOURCE: https://www.digitaltrends.com/computing-news/
[2024-03-09 20:43:41] [INFO] Getting article: https://www.digitaltrends.com/computing/surface-pro-10-surface-laptop-6-launch-rumor/
[2024-03-09 20:43:45] [INFO] Scraped data success
[2024-03-09 20:43:57] [INFO] AI content created success
[2024-03-09 20:43:59] [INFO] SUCCESS POST posted with ID: 1441
[2024-03-09 20:52:34] [INFO] START WITH SOURCE: https://www.digitaltrends.com/computing-news/
[2024-03-09 20:52:34] [INFO] Getting article: https://www.digitaltrends.com/computing/gpu-shipments-increase-q4-2023/
[2024-03-09 20:52:35] [INFO] Scraped data success
[2024-03-09 20:52:53] [INFO] AI content created success
[2024-03-09 20:52:57] [INFO] SUCCESS POST posted with ID: 1446
[2024-03-09 20:52:59] [INFO] START WITH SOURCE: https://www.digitaltrends.com/computing-news/
[2024-03-09 20:52:59] [INFO] Getting article: https://www.digitaltrends.com/computing/microsoft-killing-windows-subsystem-for-android/
[2024-03-09 20:53:00] [INFO] Scraped data success
[2024-03-09 20:53:14] [INFO] AI content created success
[2024-03-09 20:53:16] [INFO] SUCCESS POST posted with ID: 1449
[2024-03-09 20:53:17] [INFO] START WITH SOURCE: https://www.digitaltrends.com/computing-news/
[2024-03-09 20:53:17] [INFO] Getting article: https://www.digitaltrends.com/computing/surface-pro-10-surface-laptop-6-launch-rumor/
[2024-03-09 20:53:18] [INFO] Scraped data success
[2024-03-09 20:53:33] [INFO] AI content created success
[2024-03-09 20:53:39] [ERROR] Failed to download image: https://www.digitaltrends.com/wp-content/uploads/2022/10/surface-pro-9-01-1.jpg?fit=720%2C720&p=1
[2024-03-09 20:53:42] [INFO] SUCCESS POST posted with ID: 1451
[2024-03-09 21:03:36] [INFO] START WITH SOURCE: https://www.digitaltrends.com/computing-news/
[2024-03-09 21:03:36] [INFO] Getting article: https://www.digitaltrends.com/computing/gpu-shipments-increase-q4-2023/
[2024-03-09 21:03:37] [INFO] Scraped data success
[2024-03-09 21:03:54] [INFO] AI content created success
[2024-03-09 21:03:57] [INFO] SUCCESS POST posted with ID: 1455
[2024-03-09 21:03:59] [INFO] START WITH SOURCE: https://www.digitaltrends.com/computing-news/
[2024-03-09 21:03:59] [INFO] Getting article: https://www.digitaltrends.com/computing/microsoft-killing-windows-subsystem-for-android/
[2024-03-09 21:04:01] [INFO] Scraped data success
[2024-03-09 21:04:15] [INFO] AI content created success
[2024-03-09 21:04:15] [INFO] START WITH SOURCE: https://www.digitaltrends.com/computing-news/
[2024-03-09 21:04:15] [INFO] Getting article: https://www.digitaltrends.com/computing/surface-pro-10-surface-laptop-6-launch-rumor/
[2024-03-09 21:04:17] [INFO] Scraped data success
[2024-03-09 21:04:29] [INFO] AI content created success
[2024-03-09 21:04:31] [INFO] SUCCESS POST posted with ID: 1458
