[2024-03-08 14:32:15] [INFO] START WITH SOURCE: https://www.digitaltrends.com/computing-news/
[2024-03-08 14:32:22] [INFO] Getting article: https://www.digitaltrends.com/computing/nvidia-adds-vrr-to-geforce-now/
[2024-03-08 14:32:26] [INFO] Scraped data success
[2024-03-08 14:32:47] [ERROR] Content generated by AI too low, post not created for title: 
		Nvidia just made GeForce Now so much better	
[2024-03-08 14:32:47] [ERROR] An error occured during posting the article, try again.
[2024-03-08 14:32:47] [INFO] Cron job run for: https://www.digitaltrends.com/computing-news/
[2024-03-08 14:32:48] [INFO] START WITH SOURCE: https://www.tomshardware.com/desktops
[2024-03-08 14:32:49] [INFO] Getting article: https://www.tomshardware.com/news/best-gaming-pc-deals
[2024-03-08 14:32:51] [INFO] Skipped, not article type text: https://www.tomshardware.com/news/best-gaming-pc-deals
[2024-03-08 14:32:51] [INFO] Cron job run for: https://www.tomshardware.com/desktops
[2024-03-08 14:36:04] [INFO] START WITH SOURCE: https://techcombact.com/category/laptops/laptops-tips-tricks/
[2024-03-08 14:36:04] [INFO] Getting article: https://techcombact.com/alienware-vs-legion/
[2024-03-08 14:36:05] [INFO] Scraped data success
[2024-03-08 14:40:37] [INFO] START WITH SOURCE: https://techcombact.com/category/laptops/laptops-tips-tricks/
[2024-03-08 14:40:37] [INFO] Getting article: https://techcombact.com/alienware-vs-legion/
[2024-03-08 14:40:39] [INFO] Scraped data success
[2024-03-08 14:42:02] [INFO] START WITH SOURCE: https://techcombact.com/category/laptops/laptops-tips-tricks/
[2024-03-08 14:42:02] [INFO] Getting article: https://techcombact.com/alienware-vs-legion/
[2024-03-08 14:42:04] [INFO] Scraped data success
[2024-03-08 14:43:27] [ERROR] Content generated by AI too low, post not created for title: 
                                Alienware vs Legion                            
[2024-03-08 14:43:27] [ERROR] An error occured during posting the article, try again.
[2024-03-08 15:54:48] [INFO] START WITH SOURCE: https://www.digitaltrends.com/computing-news/
[2024-03-08 15:54:48] [INFO] Getting article: https://www.digitaltrends.com/computing/acer-launches-new-rtx-40-gaming-laptops/
[2024-03-08 15:54:52] [INFO] Scraped data success
[2024-03-08 15:55:16] [ERROR] Content generated by AI too low, post not created for title: 
		Acer’s new gaming laptop bring Nvidia RTX 40-series GPUs under $1,000	
[2024-03-08 15:55:16] [ERROR] An error occured during posting the article, try again.
[2024-03-08 15:55:35] [INFO] START WITH SOURCE: https://www.digitaltrends.com/computing-news/
[2024-03-08 15:55:35] [INFO] Getting article: https://www.digitaltrends.com/computing/acer-launches-new-rtx-40-gaming-laptops/
[2024-03-08 15:55:36] [INFO] Scraped data success
[2024-03-08 15:56:00] [ERROR] Content generated by AI too low, post not created for title: 
		Acer’s new gaming laptop bring Nvidia RTX 40-series GPUs under $1,000	
[2024-03-08 15:56:00] [ERROR] An error occured during posting the article, try again.
[2024-03-08 16:30:49] [INFO] START WITH SOURCE: https://www.digitaltrends.com/computing-news/
[2024-03-08 16:30:49] [INFO] Getting article: https://www.digitaltrends.com/computing/acer-launches-new-rtx-40-gaming-laptops/
[2024-03-08 16:30:52] [INFO] Scraped data success
[2024-03-08 16:30:52] [ERROR] Content generated by AI too low, post not created for title: 
		Acer’s new gaming laptop bring Nvidia RTX 40-series GPUs under $1,000	
[2024-03-08 16:30:52] [ERROR] An error occured during posting the article, try again.
[2024-03-08 16:38:19] [INFO] START WITH SOURCE: https://www.digitaltrends.com/computing-news/
[2024-03-08 16:38:19] [INFO] Getting article: https://www.digitaltrends.com/computing/acer-launches-new-rtx-40-gaming-laptops/
[2024-03-08 16:38:22] [INFO] Scraped data success
[2024-03-08 16:38:46] [INFO] AI content created success
[2024-03-08 16:38:46] [ERROR] Error in uploading image: Non hai i permessi per caricare questo tipo di file.
[2024-03-08 16:38:46] [ERROR] Failed to download image: IMG_PLACEHOLDER
[2024-03-08 16:38:50] [INFO] SUCCESS POST posted with ID: 1393
[2024-03-08 16:42:34] [INFO] START WITH SOURCE: https://www.digitaltrends.com/computing-news/
[2024-03-08 16:42:34] [INFO] Getting article: https://www.digitaltrends.com/computing/acer-launches-new-rtx-40-gaming-laptops/
[2024-03-08 16:42:36] [INFO] Scraped data success
[2024-03-08 16:42:59] [INFO] AI content created success
[2024-03-08 16:42:59] [ERROR] Error in uploading image: Non hai i permessi per caricare questo tipo di file.
[2024-03-08 16:42:59] [ERROR] Error in uploading image: Non hai i permessi per caricare questo tipo di file.
[2024-03-08 16:43:01] [INFO] SUCCESS POST posted with ID: 1395
[2024-03-08 16:53:54] [INFO] START WITH SOURCE: https://www.digitaltrends.com/computing-news/
[2024-03-08 16:53:54] [INFO] Getting article: https://www.digitaltrends.com/computing/acer-launches-new-rtx-40-gaming-laptops/
[2024-03-08 16:53:56] [INFO] Scraped data success
[2024-03-08 16:54:18] [INFO] AI content created success
[2024-03-08 16:54:19] [ERROR] Error in uploading image: Non hai i permessi per caricare questo tipo di file.
[2024-03-08 16:54:19] [ERROR] Error in uploading image: Non hai i permessi per caricare questo tipo di file.
[2024-03-08 16:54:20] [INFO] SUCCESS POST posted with ID: 1397
[2024-03-08 16:55:15] [INFO] START WITH SOURCE: https://www.digitaltrends.com/computing-news/
[2024-03-08 16:55:15] [INFO] Getting article: https://www.digitaltrends.com/computing/acer-launches-new-rtx-40-gaming-laptops/
[2024-03-08 16:55:16] [INFO] Scraped data success
[2024-03-08 16:55:39] [INFO] AI content created success
[2024-03-08 16:55:39] [ERROR] Error in uploading image: Non hai i permessi per caricare questo tipo di file.
[2024-03-08 16:55:39] [ERROR] Error in uploading image: Non hai i permessi per caricare questo tipo di file.
[2024-03-08 16:55:40] [INFO] SUCCESS POST posted with ID: 1399
[2024-03-08 16:57:47] [INFO] START WITH SOURCE: https://www.digitaltrends.com/computing-news/
[2024-03-08 16:57:47] [INFO] Getting article: https://www.digitaltrends.com/computing/acer-launches-new-rtx-40-gaming-laptops/
[2024-03-08 16:57:49] [INFO] Scraped data success
[2024-03-08 16:58:10] [INFO] AI content created success
[2024-03-08 16:58:10] [ERROR] Error in uploading image: Non hai i permessi per caricare questo tipo di file.
[2024-03-08 16:58:10] [ERROR] Error in uploading image: Non hai i permessi per caricare questo tipo di file.
[2024-03-08 16:58:12] [INFO] SUCCESS POST posted with ID: 1401
[2024-03-08 16:59:02] [INFO] START WITH SOURCE: https://www.digitaltrends.com/computing-news/
[2024-03-08 16:59:02] [INFO] Getting article: https://www.digitaltrends.com/computing/acer-launches-new-rtx-40-gaming-laptops/
[2024-03-08 16:59:04] [INFO] Scraped data success
[2024-03-08 16:59:25] [INFO] AI content created success
[2024-03-08 16:59:25] [ERROR] Error in uploading image: Non hai i permessi per caricare questo tipo di file.
[2024-03-08 16:59:25] [ERROR] Failed to download image: IMG_PLACEHOLDER
[2024-03-08 16:59:27] [INFO] SUCCESS POST posted with ID: 1403
[2024-03-08 17:01:44] [INFO] START WITH SOURCE: https://www.digitaltrends.com/computing-news/
[2024-03-08 17:01:44] [INFO] Getting article: https://www.digitaltrends.com/computing/acer-launches-new-rtx-40-gaming-laptops/
[2024-03-08 17:01:48] [INFO] Scraped data success
[2024-03-08 17:02:11] [INFO] AI content created success
[2024-03-08 17:02:16] [INFO] SUCCESS POST posted with ID: 1407
[2024-03-08 17:03:53] [INFO] START WITH SOURCE: https://www.digitaltrends.com/computing-news/
[2024-03-08 17:03:53] [INFO] Getting article: https://www.digitaltrends.com/computing/acer-launches-new-rtx-40-gaming-laptops/
[2024-03-08 17:03:55] [INFO] Scraped data success
[2024-03-08 17:04:18] [INFO] AI content created success
[2024-03-08 17:04:26] [INFO] SUCCESS POST posted with ID: 1411
[2024-03-08 22:36:00] [INFO] START WITH SOURCE: https://www.digitaltrends.com/computing-news/
[2024-03-08 22:36:00] [INFO] Getting article: https://www.digitaltrends.com/computing/acer-launches-new-rtx-40-gaming-laptops/
[2024-03-08 22:36:04] [INFO] Scraped data success
[2024-03-08 22:36:23] [INFO] AI content created success
[2024-03-08 22:36:29] [INFO] SUCCESS POST posted with ID: 1415
