[2024-03-07 11:52:19] [INFO] START WITH SOURCE: https://www.digitaltrends.com/computing-news/
[2024-03-07 11:52:24] [INFO] Getting article: https://www.digitaltrends.com/computing/gpu-shipments-increase-q4-2023/
[2024-03-07 11:52:29] [INFO] Scraped data success
[2024-03-07 11:52:29] [ERROR] Content generated by AI too low, post not created for title: 
		AMD’s GPUs had a bigger year in 2023 than you might realize	
[2024-03-07 11:52:29] [ERROR] An error occured during posting the article, try again.
[2024-03-07 11:52:29] [INFO] Cron job run for: https://www.digitaltrends.com/computing-news/
[2024-03-07 11:52:29] [INFO] START WITH SOURCE: https://www.tomshardware.com/desktops
[2024-03-07 11:52:30] [INFO] Getting article: https://www.tomshardware.com/desktops/gaming-pcs/cyberpowerpc-gamer-xtreme-review
[2024-03-07 11:52:32] [INFO] Skipped, not article type text: https://www.tomshardware.com/desktops/gaming-pcs/cyberpowerpc-gamer-xtreme-review
[2024-03-07 11:52:32] [INFO] Cron job run for: https://www.tomshardware.com/desktops
[2024-03-07 13:14:01] [INFO] START WITH SOURCE: https://techcombact.com/category/laptops/laptops-tips-tricks/
[2024-03-07 13:14:01] [INFO] Getting article: https://techcombact.com/alienware-vs-legion/
[2024-03-07 13:14:03] [INFO] Scraped data success
[2024-03-07 13:14:04] [ERROR] Content generated by AI too low, post not created for title: 
                                Alienware vs Legion                            
[2024-03-07 13:14:04] [ERROR] An error occured during posting the article, try again.
[2024-03-07 13:49:25] [INFO] START WITH SOURCE: https://techcombact.com/category/laptops/laptops-tips-tricks/
[2024-03-07 13:49:25] [INFO] Getting article: https://techcombact.com/alienware-vs-legion/
[2024-03-07 13:49:31] [INFO] Scraped data success
[2024-03-07 13:50:58] [INFO] START WITH SOURCE: https://techcombact.com/category/laptops/laptops-tips-tricks/
[2024-03-07 13:50:58] [INFO] Getting article: https://techcombact.com/alienware-vs-legion/
[2024-03-07 13:51:00] [INFO] Scraped data success
[2024-03-07 13:55:52] [INFO] START WITH SOURCE: https://techcombact.com/category/laptops/laptops-tips-tricks/
[2024-03-07 13:55:52] [INFO] Getting article: https://techcombact.com/alienware-vs-legion/
[2024-03-07 13:55:55] [INFO] Scraped data success
[2024-03-07 13:58:55] [INFO] START WITH SOURCE: https://techcombact.com/category/laptops/laptops-tips-tricks/
[2024-03-07 13:58:55] [INFO] Getting article: https://techcombact.com/alienware-vs-legion/
[2024-03-07 13:58:57] [INFO] Scraped data success
[2024-03-07 14:02:03] [INFO] START WITH SOURCE: https://techcombact.com/category/laptops/laptops-tips-tricks/
[2024-03-07 14:02:03] [INFO] Getting article: https://techcombact.com/alienware-vs-legion/
[2024-03-07 14:02:05] [INFO] Scraped data success
[2024-03-07 14:02:05] [ERROR] Prompt type titleAndExcerpt not defined.
[2024-03-07 14:02:05] [ERROR] Content generated by AI too low, post not created for title: 
                                Alienware vs Legion                            
[2024-03-07 14:02:05] [ERROR] An error occured during posting the article, try again.
[2024-03-07 14:05:53] [INFO] START WITH SOURCE: https://techcombact.com/category/laptops/laptops-tips-tricks/
[2024-03-07 14:05:53] [INFO] Getting article: https://techcombact.com/alienware-vs-legion/
[2024-03-07 14:05:55] [INFO] Scraped data success
[2024-03-07 14:05:55] [ERROR] Prompt type titleAndExcerpt not defined.
[2024-03-07 14:05:55] [ERROR] Content generated by AI too low, post not created for title: 
                                Alienware vs Legion                            
[2024-03-07 14:05:55] [ERROR] An error occured during posting the article, try again.
[2024-03-07 14:06:15] [INFO] START WITH SOURCE: https://techcombact.com/category/laptops/laptops-tips-tricks/
[2024-03-07 14:06:15] [INFO] Getting article: https://techcombact.com/alienware-vs-legion/
[2024-03-07 14:06:18] [INFO] Scraped data success
[2024-03-07 14:06:18] [ERROR] Prompt type titleAndExcerpt not defined.
[2024-03-07 14:06:18] [ERROR] Content generated by AI too low, post not created for title: 
                                Alienware vs Legion                            
[2024-03-07 14:06:18] [ERROR] An error occured during posting the article, try again.
[2024-03-07 14:06:33] [INFO] START WITH SOURCE: https://techcombact.com/category/laptops/laptops-tips-tricks/
[2024-03-07 14:06:33] [INFO] Getting article: https://techcombact.com/alienware-vs-legion/
[2024-03-07 14:06:36] [INFO] Scraped data success
[2024-03-07 14:06:36] [ERROR] Prompt type titleAndExcerpt not defined.
[2024-03-07 14:06:36] [ERROR] Content generated by AI too low, post not created for title: 
                                Alienware vs Legion                            
[2024-03-07 14:06:36] [ERROR] An error occured during posting the article, try again.
[2024-03-07 14:06:47] [INFO] START WITH SOURCE: https://techcombact.com/category/laptops/laptops-tips-tricks/
[2024-03-07 14:06:47] [INFO] Getting article: https://techcombact.com/alienware-vs-legion/
[2024-03-07 14:06:49] [INFO] Scraped data success
[2024-03-07 14:06:49] [ERROR] Prompt type titleAndExcerpt not defined.
[2024-03-07 14:06:49] [ERROR] Content generated by AI too low, post not created for title: 
                                Alienware vs Legion                            
[2024-03-07 14:06:49] [ERROR] An error occured during posting the article, try again.
[2024-03-07 14:07:05] [INFO] START WITH SOURCE: https://techcombact.com/category/laptops/laptops-tips-tricks/
[2024-03-07 14:07:05] [INFO] Getting article: https://techcombact.com/alienware-vs-legion/
[2024-03-07 14:07:06] [INFO] Scraped data success
[2024-03-07 14:07:07] [ERROR] Prompt type titleAndExcerpt not defined.
[2024-03-07 14:07:07] [ERROR] Content generated by AI too low, post not created for title: 
                                Alienware vs Legion                            
[2024-03-07 14:07:07] [ERROR] An error occured during posting the article, try again.
[2024-03-07 14:07:57] [INFO] START WITH SOURCE: https://techcombact.com/category/laptops/laptops-tips-tricks/
[2024-03-07 14:07:57] [INFO] Getting article: https://techcombact.com/alienware-vs-legion/
[2024-03-07 14:07:59] [INFO] Scraped data success
[2024-03-07 14:07:59] [ERROR] Prompt type titleAndExcerpt not defined.
[2024-03-07 14:07:59] [ERROR] Content generated by AI too low, post not created for title: 
                                Alienware vs Legion                            
[2024-03-07 14:07:59] [ERROR] An error occured during posting the article, try again.
[2024-03-07 14:08:29] [INFO] START WITH SOURCE: https://techcombact.com/category/laptops/laptops-tips-tricks/
[2024-03-07 14:08:29] [INFO] Getting article: https://techcombact.com/alienware-vs-legion/
[2024-03-07 14:08:31] [INFO] Scraped data success
[2024-03-07 14:08:31] [ERROR] Prompt type titleAndExcerpt not defined.
[2024-03-07 14:08:31] [ERROR] Content generated by AI too low, post not created for title: 
                                Alienware vs Legion                            
[2024-03-07 14:08:31] [ERROR] An error occured during posting the article, try again.
[2024-03-07 14:08:57] [INFO] START WITH SOURCE: https://techcombact.com/category/laptops/laptops-tips-tricks/
[2024-03-07 14:08:57] [INFO] Getting article: https://techcombact.com/alienware-vs-legion/
[2024-03-07 14:09:00] [INFO] Scraped data success
[2024-03-07 14:09:00] [ERROR] Prompt type titleAndExcerpt not defined.
[2024-03-07 14:09:00] [ERROR] Content generated by AI too low, post not created for title: 
                                Alienware vs Legion                            
[2024-03-07 14:09:00] [ERROR] An error occured during posting the article, try again.
[2024-03-07 16:45:45] [INFO] START WITH SOURCE: https://techcombact.com/category/laptops/laptops-tips-tricks/
[2024-03-07 16:45:45] [INFO] Getting article: https://techcombact.com/alienware-vs-legion/
[2024-03-07 16:45:47] [INFO] Scraped data success
[2024-03-07 16:45:47] [ERROR] Prompt type titleAndExcerpt not defined.
[2024-03-07 16:45:47] [ERROR] Content generated by AI too low, post not created for title: 
                                Alienware vs Legion                            
[2024-03-07 16:45:47] [ERROR] An error occured during posting the article, try again.
[2024-03-07 16:46:40] [INFO] START WITH SOURCE: https://techcombact.com/category/laptops/laptops-tips-tricks/
[2024-03-07 16:46:40] [INFO] Getting article: https://techcombact.com/alienware-vs-legion/
[2024-03-07 16:46:42] [INFO] Scraped data success
[2024-03-07 16:46:42] [ERROR] Content generated by AI too low, post not created for title: 
                                Alienware vs Legion                            
[2024-03-07 16:46:42] [ERROR] An error occured during posting the article, try again.
[2024-03-07 16:47:22] [INFO] START WITH SOURCE: https://techcombact.com/category/laptops/laptops-tips-tricks/
[2024-03-07 16:47:23] [INFO] Getting article: https://techcombact.com/alienware-vs-legion/
[2024-03-07 16:48:56] [INFO] START WITH SOURCE: https://techcombact.com/category/laptops/laptops-tips-tricks/
[2024-03-07 16:48:56] [INFO] Getting article: https://techcombact.com/alienware-vs-legion/
[2024-03-07 16:51:44] [INFO] START WITH SOURCE: https://techcombact.com/category/laptops/laptops-tips-tricks/
[2024-03-07 16:51:44] [INFO] Getting article: https://techcombact.com/alienware-vs-legion/
[2024-03-07 16:53:43] [INFO] START WITH SOURCE: https://techcombact.com/category/laptops/laptops-tips-tricks/
[2024-03-07 16:53:43] [INFO] Getting article: https://techcombact.com/alienware-vs-legion/
[2024-03-07 16:55:15] [INFO] START WITH SOURCE: https://techcombact.com/category/laptops/laptops-tips-tricks/
[2024-03-07 16:55:15] [INFO] Getting article: https://techcombact.com/alienware-vs-legion/
[2024-03-07 16:55:16] [INFO] Scraped data success
[2024-03-07 16:55:17] [ERROR] Content generated by AI too low, post not created for title: 
                                Alienware vs Legion                            
[2024-03-07 16:55:17] [ERROR] An error occured during posting the article, try again.
[2024-03-07 16:56:19] [INFO] START WITH SOURCE: https://techcombact.com/category/laptops/laptops-tips-tricks/
[2024-03-07 16:56:19] [INFO] Getting article: https://techcombact.com/alienware-vs-legion/
[2024-03-07 16:56:20] [INFO] Scraped data success
[2024-03-07 16:56:20] [ERROR] Content generated by AI too low, post not created for title: 
                                Alienware vs Legion                            
[2024-03-07 16:56:20] [ERROR] An error occured during posting the article, try again.
[2024-03-07 16:56:57] [INFO] START WITH SOURCE: https://techcombact.com/category/laptops/laptops-tips-tricks/
[2024-03-07 16:56:57] [INFO] Getting article: https://techcombact.com/alienware-vs-legion/
[2024-03-07 16:57:00] [INFO] Scraped data success
[2024-03-07 16:57:00] [ERROR] Content generated by AI too low, post not created for title: 
                                Alienware vs Legion                            
[2024-03-07 16:57:00] [ERROR] An error occured during posting the article, try again.
[2024-03-07 16:59:26] [INFO] START WITH SOURCE: https://techcombact.com/category/laptops/laptops-tips-tricks/
[2024-03-07 16:59:27] [INFO] Getting article: https://techcombact.com/alienware-vs-legion/
[2024-03-07 16:59:28] [INFO] Scraped data success
[2024-03-07 16:59:28] [ERROR] Content generated by AI too low, post not created for title: 
                                Alienware vs Legion                            
[2024-03-07 16:59:28] [ERROR] An error occured during posting the article, try again.
[2024-03-07 17:05:48] [INFO] START WITH SOURCE: https://techcombact.com/category/laptops/laptops-tips-tricks/
[2024-03-07 17:05:48] [INFO] Getting article: https://techcombact.com/alienware-vs-legion/
[2024-03-07 17:05:49] [INFO] Scraped data success
[2024-03-07 17:06:29] [INFO] START WITH SOURCE: https://techcombact.com/category/laptops/laptops-tips-tricks/
[2024-03-07 17:06:29] [INFO] Getting article: https://techcombact.com/alienware-vs-legion/
[2024-03-07 17:06:30] [INFO] Scraped data success
[2024-03-07 17:06:30] [ERROR] Content generated by AI too low, post not created for title: 
                                Alienware vs Legion                            
[2024-03-07 17:06:30] [ERROR] An error occured during posting the article, try again.
[2024-03-07 17:37:34] [INFO] START WITH SOURCE: https://techcombact.com/category/laptops/laptops-tips-tricks/
[2024-03-07 17:37:34] [INFO] Getting article: https://techcombact.com/alienware-vs-legion/
[2024-03-07 17:37:35] [INFO] Scraped data success
[2024-03-07 17:37:35] [ERROR] Prompt type titleAndExcerpt not defined.
[2024-03-07 17:37:35] [ERROR] Content generated by AI too low, post not created for title: 
                                Alienware vs Legion                            
[2024-03-07 17:37:35] [ERROR] An error occured during posting the article, try again.
[2024-03-07 17:39:00] [INFO] START WITH SOURCE: https://techcombact.com/category/laptops/laptops-tips-tricks/
[2024-03-07 17:39:00] [INFO] Getting article: https://techcombact.com/alienware-vs-legion/
[2024-03-07 17:39:01] [INFO] Scraped data success
[2024-03-07 17:39:01] [ERROR] Content generated by AI too low, post not created for title: 
                                Alienware vs Legion                            
[2024-03-07 17:39:01] [ERROR] An error occured during posting the article, try again.
[2024-03-07 17:39:39] [INFO] START WITH SOURCE: https://techcombact.com/category/laptops/laptops-tips-tricks/
[2024-03-07 17:39:39] [INFO] Getting article: https://techcombact.com/alienware-vs-legion/
[2024-03-07 17:39:40] [INFO] Scraped data success
[2024-03-07 17:39:40] [ERROR] Prompt type titleAndExcerpt not defined.
[2024-03-07 17:39:40] [ERROR] Content generated by AI too low, post not created for title: 
                                Alienware vs Legion                            
[2024-03-07 17:39:40] [ERROR] An error occured during posting the article, try again.
[2024-03-07 17:40:17] [INFO] START WITH SOURCE: https://techcombact.com/category/laptops/laptops-tips-tricks/
[2024-03-07 17:40:17] [INFO] Getting article: https://techcombact.com/alienware-vs-legion/
[2024-03-07 17:40:19] [INFO] Scraped data success
[2024-03-07 17:40:19] [ERROR] Prompt type titleAndExcerpt not defined.
[2024-03-07 17:40:19] [ERROR] Content generated by AI too low, post not created for title: 
                                Alienware vs Legion                            
[2024-03-07 17:40:19] [ERROR] An error occured during posting the article, try again.
[2024-03-07 17:40:29] [INFO] START WITH SOURCE: https://techcombact.com/category/laptops/laptops-tips-tricks/
[2024-03-07 17:40:29] [INFO] Getting article: https://techcombact.com/alienware-vs-legion/
[2024-03-07 17:40:31] [INFO] Scraped data success
[2024-03-07 17:40:31] [ERROR] Prompt type titleAndExcerpt not defined.
[2024-03-07 17:40:31] [ERROR] Content generated by AI too low, post not created for title: 
                                Alienware vs Legion                            
[2024-03-07 17:40:31] [ERROR] An error occured during posting the article, try again.
[2024-03-07 17:41:07] [INFO] START WITH SOURCE: https://techcombact.com/category/laptops/laptops-tips-tricks/
[2024-03-07 17:41:07] [INFO] Getting article: https://techcombact.com/alienware-vs-legion/
[2024-03-07 17:41:08] [INFO] Scraped data success
[2024-03-07 17:41:08] [ERROR] Prompt type titleAndExcerpt not defined.
[2024-03-07 17:41:08] [ERROR] Content generated by AI too low, post not created for title: 
                                Alienware vs Legion                            
[2024-03-07 17:41:08] [ERROR] An error occured during posting the article, try again.
[2024-03-07 17:41:43] [INFO] START WITH SOURCE: https://techcombact.com/category/laptops/laptops-tips-tricks/
[2024-03-07 17:41:43] [INFO] Getting article: https://techcombact.com/alienware-vs-legion/
[2024-03-07 17:41:45] [INFO] Scraped data success
[2024-03-07 17:41:45] [ERROR] Prompt type titleAndExcerpt not defined.
[2024-03-07 17:41:45] [ERROR] Content generated by AI too low, post not created for title: 
                                Alienware vs Legion                            
[2024-03-07 17:41:45] [ERROR] An error occured during posting the article, try again.
[2024-03-07 17:46:03] [INFO] START WITH SOURCE: https://techcombact.com/category/laptops/laptops-tips-tricks/
[2024-03-07 17:46:03] [INFO] Getting article: https://techcombact.com/alienware-vs-legion/
[2024-03-07 17:46:05] [INFO] Scraped data success
[2024-03-07 17:46:05] [ERROR] Prompt type titleAndExcerpt not defined.
[2024-03-07 17:46:05] [ERROR] Content generated by AI too low, post not created for title: 
                                Alienware vs Legion                            
[2024-03-07 17:46:05] [ERROR] An error occured during posting the article, try again.
[2024-03-07 17:46:26] [INFO] START WITH SOURCE: https://techcombact.com/category/laptops/laptops-tips-tricks/
[2024-03-07 17:46:26] [INFO] Getting article: https://techcombact.com/alienware-vs-legion/
[2024-03-07 17:46:28] [INFO] Scraped data success
[2024-03-07 17:46:28] [ERROR] Prompt type titleAndExcerpt not defined.
[2024-03-07 17:46:28] [ERROR] Content generated by AI too low, post not created for title: 
                                Alienware vs Legion                            
[2024-03-07 17:46:28] [ERROR] An error occured during posting the article, try again.
[2024-03-07 17:46:43] [INFO] START WITH SOURCE: https://techcombact.com/category/laptops/laptops-tips-tricks/
[2024-03-07 17:46:43] [INFO] Getting article: https://techcombact.com/alienware-vs-legion/
[2024-03-07 17:46:44] [INFO] Scraped data success
[2024-03-07 17:46:44] [ERROR] Prompt type titleAndExcerpt not defined.
[2024-03-07 17:46:44] [ERROR] Content generated by AI too low, post not created for title: 
                                Alienware vs Legion                            
[2024-03-07 17:46:44] [ERROR] An error occured during posting the article, try again.
[2024-03-07 17:47:27] [INFO] START WITH SOURCE: https://techcombact.com/category/laptops/laptops-tips-tricks/
[2024-03-07 17:47:27] [INFO] Getting article: https://techcombact.com/alienware-vs-legion/
[2024-03-07 17:47:29] [INFO] Scraped data success
[2024-03-07 17:47:29] [ERROR] Prompt type titleAndExcerpt not defined.
[2024-03-07 17:47:29] [ERROR] Content generated by AI too low, post not created for title: 
                                Alienware vs Legion                            
[2024-03-07 17:47:29] [ERROR] An error occured during posting the article, try again.
[2024-03-07 17:48:38] [INFO] START WITH SOURCE: https://techcombact.com/category/laptops/laptops-tips-tricks/
[2024-03-07 17:48:38] [INFO] Getting article: https://techcombact.com/alienware-vs-legion/
[2024-03-07 17:48:40] [INFO] Scraped data success
[2024-03-07 17:48:40] [ERROR] Prompt type titleAndExcerpt not defined.
[2024-03-07 17:48:40] [ERROR] Content generated by AI too low, post not created for title: 
                                Alienware vs Legion                            
[2024-03-07 17:48:40] [ERROR] An error occured during posting the article, try again.
[2024-03-07 17:50:39] [INFO] START WITH SOURCE: https://techcombact.com/category/laptops/laptops-tips-tricks/
[2024-03-07 17:50:39] [INFO] Getting article: https://techcombact.com/alienware-vs-legion/
[2024-03-07 17:50:41] [INFO] Scraped data success
[2024-03-07 17:50:41] [ERROR] Prompt type titleAndExcerpt not defined.
[2024-03-07 17:50:41] [ERROR] Content generated by AI too low, post not created for title: 
                                Alienware vs Legion                            
[2024-03-07 17:50:41] [ERROR] An error occured during posting the article, try again.
[2024-03-07 17:51:00] [INFO] START WITH SOURCE: https://techcombact.com/category/laptops/laptops-tips-tricks/
[2024-03-07 17:51:00] [INFO] Getting article: https://techcombact.com/alienware-vs-legion/
[2024-03-07 17:51:02] [INFO] Scraped data success
[2024-03-07 17:51:02] [ERROR] Prompt type titleAndExcerpt not defined.
[2024-03-07 17:51:02] [ERROR] Content generated by AI too low, post not created for title: 
                                Alienware vs Legion                            
[2024-03-07 17:51:02] [ERROR] An error occured during posting the article, try again.
[2024-03-07 17:51:25] [INFO] START WITH SOURCE: https://techcombact.com/category/laptops/laptops-tips-tricks/
[2024-03-07 17:51:25] [INFO] Getting article: https://techcombact.com/alienware-vs-legion/
[2024-03-07 17:51:27] [INFO] Scraped data success
[2024-03-07 17:51:27] [ERROR] Prompt type titleAndExcerpt not defined.
[2024-03-07 17:51:27] [ERROR] Content generated by AI too low, post not created for title: 
                                Alienware vs Legion                            
[2024-03-07 17:51:27] [ERROR] An error occured during posting the article, try again.
[2024-03-07 17:52:12] [INFO] START WITH SOURCE: https://techcombact.com/category/laptops/laptops-tips-tricks/
[2024-03-07 17:52:12] [INFO] Getting article: https://techcombact.com/alienware-vs-legion/
[2024-03-07 17:52:13] [INFO] Scraped data success
[2024-03-07 17:52:13] [ERROR] Content generated by AI too low, post not created for title: 
                                Alienware vs Legion                            
[2024-03-07 17:52:13] [ERROR] An error occured during posting the article, try again.
[2024-03-07 17:52:38] [INFO] START WITH SOURCE: https://techcombact.com/category/laptops/laptops-tips-tricks/
[2024-03-07 17:52:38] [INFO] Getting article: https://techcombact.com/alienware-vs-legion/
[2024-03-07 17:52:39] [INFO] Scraped data success
[2024-03-07 17:52:40] [ERROR] Content generated by AI too low, post not created for title: 
                                Alienware vs Legion                            
[2024-03-07 17:52:40] [ERROR] An error occured during posting the article, try again.
[2024-03-07 17:53:05] [INFO] START WITH SOURCE: https://techcombact.com/category/laptops/laptops-tips-tricks/
[2024-03-07 17:53:05] [INFO] Getting article: https://techcombact.com/alienware-vs-legion/
[2024-03-07 17:53:06] [INFO] Scraped data success
[2024-03-07 17:53:06] [ERROR] Content generated by AI too low, post not created for title: 
                                Alienware vs Legion                            
[2024-03-07 17:53:06] [ERROR] An error occured during posting the article, try again.
[2024-03-07 17:55:20] [INFO] START WITH SOURCE: https://techcombact.com/category/laptops/laptops-tips-tricks/
[2024-03-07 17:55:20] [INFO] Getting article: https://techcombact.com/alienware-vs-legion/
[2024-03-07 17:55:21] [INFO] Scraped data success
[2024-03-07 17:55:21] [ERROR] Content generated by AI too low, post not created for title: 
                                Alienware vs Legion                            
[2024-03-07 17:55:21] [ERROR] An error occured during posting the article, try again.
[2024-03-07 17:56:00] [INFO] START WITH SOURCE: https://techcombact.com/category/laptops/laptops-tips-tricks/
[2024-03-07 17:56:00] [INFO] Getting article: https://techcombact.com/alienware-vs-legion/
[2024-03-07 17:56:01] [INFO] Scraped data success
[2024-03-07 17:56:37] [INFO] START WITH SOURCE: https://techcombact.com/category/laptops/laptops-tips-tricks/
[2024-03-07 17:56:37] [INFO] Getting article: https://techcombact.com/alienware-vs-legion/
[2024-03-07 17:56:38] [INFO] Scraped data success
[2024-03-07 17:56:42] [ERROR] Content generated by AI too low, post not created for title: 
                                Alienware vs Legion                            
[2024-03-07 17:56:42] [ERROR] An error occured during posting the article, try again.
[2024-03-07 17:57:40] [INFO] START WITH SOURCE: https://techcombact.com/category/laptops/laptops-tips-tricks/
[2024-03-07 17:57:40] [INFO] Getting article: https://techcombact.com/alienware-vs-legion/
[2024-03-07 17:57:42] [INFO] Scraped data success
[2024-03-07 17:57:46] [ERROR] Content generated by AI too low, post not created for title: 
                                Alienware vs Legion                            
[2024-03-07 17:57:46] [ERROR] An error occured during posting the article, try again.
[2024-03-07 19:04:28] [INFO] START WITH SOURCE: https://www.digitaltrends.com/computing-news/
[2024-03-07 19:04:28] [INFO] Getting article: https://www.digitaltrends.com/computing/acer-launches-new-rtx-40-gaming-laptops/
[2024-03-07 19:04:34] [INFO] Scraped data success
[2024-03-07 19:07:04] [INFO] START WITH SOURCE: https://www.digitaltrends.com/computing-news/
[2024-03-07 19:07:04] [INFO] Getting article: https://www.digitaltrends.com/computing/acer-launches-new-rtx-40-gaming-laptops/
[2024-03-07 19:07:05] [INFO] Scraped data success
[2024-03-07 19:07:15] [ERROR] Content generated by AI too low, post not created for title: 
		Acer’s new gaming laptop bring Nvidia RTX 40-series GPUs under $1,000	
[2024-03-07 19:07:15] [ERROR] An error occured during posting the article, try again.
[2024-03-07 19:10:07] [INFO] START WITH SOURCE: https://www.digitaltrends.com/computing-news/
[2024-03-07 19:10:07] [INFO] Getting article: https://www.digitaltrends.com/computing/acer-launches-new-rtx-40-gaming-laptops/
[2024-03-07 19:10:08] [INFO] Scraped data success
[2024-03-07 19:10:20] [ERROR] Content generated by AI too low, post not created for title: 
		Acer’s new gaming laptop bring Nvidia RTX 40-series GPUs under $1,000	
[2024-03-07 19:10:20] [ERROR] An error occured during posting the article, try again.
[2024-03-07 19:10:49] [INFO] START WITH SOURCE: https://www.digitaltrends.com/computing-news/
[2024-03-07 19:10:49] [INFO] Getting article: https://www.digitaltrends.com/computing/acer-launches-new-rtx-40-gaming-laptops/
[2024-03-07 19:10:51] [INFO] Scraped data success
[2024-03-07 19:11:00] [ERROR] Content generated by AI too low, post not created for title: 
		Acer’s new gaming laptop bring Nvidia RTX 40-series GPUs under $1,000	
[2024-03-07 19:11:00] [ERROR] An error occured during posting the article, try again.
[2024-03-07 19:27:29] [INFO] START WITH SOURCE: https://www.digitaltrends.com/computing-news/
[2024-03-07 19:27:29] [INFO] Getting article: https://www.digitaltrends.com/computing/acer-launches-new-rtx-40-gaming-laptops/
[2024-03-07 19:27:31] [INFO] Scraped data success
[2024-03-07 19:27:42] [ERROR] Content generated by AI too low, post not created for title: 
		Acer’s new gaming laptop bring Nvidia RTX 40-series GPUs under $1,000	
[2024-03-07 19:27:42] [ERROR] An error occured during posting the article, try again.
[2024-03-07 19:28:29] [INFO] START WITH SOURCE: https://www.digitaltrends.com/computing-news/
[2024-03-07 19:28:29] [INFO] Getting article: https://www.digitaltrends.com/computing/acer-launches-new-rtx-40-gaming-laptops/
[2024-03-07 19:28:30] [INFO] Scraped data success
[2024-03-07 19:28:39] [ERROR] Content generated by AI too low, post not created for title: 
		Acer’s new gaming laptop bring Nvidia RTX 40-series GPUs under $1,000	
[2024-03-07 19:28:39] [ERROR] An error occured during posting the article, try again.
[2024-03-07 19:29:44] [INFO] START WITH SOURCE: https://www.digitaltrends.com/computing-news/
[2024-03-07 19:29:44] [INFO] Getting article: https://www.digitaltrends.com/computing/acer-launches-new-rtx-40-gaming-laptops/
[2024-03-07 19:29:45] [INFO] Scraped data success
[2024-03-07 19:29:56] [ERROR] Content generated by AI too low, post not created for title: 
		Acer’s new gaming laptop bring Nvidia RTX 40-series GPUs under $1,000	
[2024-03-07 19:29:56] [ERROR] An error occured during posting the article, try again.
[2024-03-07 19:31:37] [INFO] START WITH SOURCE: https://www.digitaltrends.com/computing-news/
[2024-03-07 19:31:37] [INFO] Getting article: https://www.digitaltrends.com/computing/acer-launches-new-rtx-40-gaming-laptops/
[2024-03-07 19:31:38] [INFO] Scraped data success
[2024-03-07 19:31:48] [ERROR] Content generated by AI too low, post not created for title: 
		Acer’s new gaming laptop bring Nvidia RTX 40-series GPUs under $1,000	
[2024-03-07 19:31:48] [ERROR] An error occured during posting the article, try again.
[2024-03-07 19:41:43] [INFO] START WITH SOURCE: https://www.digitaltrends.com/computing-news/
[2024-03-07 19:41:43] [INFO] Getting article: https://www.digitaltrends.com/computing/acer-launches-new-rtx-40-gaming-laptops/
[2024-03-07 19:41:44] [INFO] Scraped data success
[2024-03-07 19:41:53] [ERROR] Content generated by AI too low, post not created for title: 
		Acer’s new gaming laptop bring Nvidia RTX 40-series GPUs under $1,000	
[2024-03-07 19:41:53] [ERROR] An error occured during posting the article, try again.
[2024-03-07 19:43:25] [INFO] START WITH SOURCE: https://www.digitaltrends.com/computing-news/
[2024-03-07 19:43:25] [INFO] Getting article: https://www.digitaltrends.com/computing/acer-launches-new-rtx-40-gaming-laptops/
[2024-03-07 19:43:27] [INFO] Scraped data success
[2024-03-07 19:43:31] [ERROR] Content generated by AI too low, post not created for title: 
		Acer’s new gaming laptop bring Nvidia RTX 40-series GPUs under $1,000	
[2024-03-07 19:43:31] [ERROR] An error occured during posting the article, try again.
[2024-03-07 19:43:57] [INFO] START WITH SOURCE: https://www.digitaltrends.com/computing-news/
[2024-03-07 19:43:57] [INFO] Getting article: https://www.digitaltrends.com/computing/acer-launches-new-rtx-40-gaming-laptops/
[2024-03-07 19:43:58] [INFO] Scraped data success
[2024-03-07 19:44:09] [ERROR] Content generated by AI too low, post not created for title: 
		Acer’s new gaming laptop bring Nvidia RTX 40-series GPUs under $1,000	
[2024-03-07 19:44:09] [ERROR] An error occured during posting the article, try again.
[2024-03-07 19:44:53] [INFO] START WITH SOURCE: https://www.digitaltrends.com/computing-news/
[2024-03-07 19:44:53] [INFO] Getting article: https://www.digitaltrends.com/computing/acer-launches-new-rtx-40-gaming-laptops/
[2024-03-07 19:44:54] [INFO] Scraped data success
[2024-03-07 19:45:06] [ERROR] Content generated by AI too low, post not created for title: 
		Acer’s new gaming laptop bring Nvidia RTX 40-series GPUs under $1,000	
[2024-03-07 19:45:06] [ERROR] An error occured during posting the article, try again.
[2024-03-07 19:47:18] [INFO] START WITH SOURCE: https://www.digitaltrends.com/computing-news/
[2024-03-07 19:47:18] [INFO] Getting article: https://www.digitaltrends.com/computing/acer-launches-new-rtx-40-gaming-laptops/
[2024-03-07 19:47:19] [INFO] Scraped data success
[2024-03-07 19:47:27] [ERROR] Content generated by AI too low, post not created for title: 
		Acer’s new gaming laptop bring Nvidia RTX 40-series GPUs under $1,000	
[2024-03-07 19:47:27] [ERROR] An error occured during posting the article, try again.
[2024-03-07 19:47:50] [INFO] START WITH SOURCE: https://www.digitaltrends.com/computing-news/
[2024-03-07 19:47:50] [INFO] Getting article: https://www.digitaltrends.com/computing/acer-launches-new-rtx-40-gaming-laptops/
[2024-03-07 19:47:51] [INFO] Scraped data success
[2024-03-07 19:47:59] [ERROR] Content generated by AI too low, post not created for title: 
		Acer’s new gaming laptop bring Nvidia RTX 40-series GPUs under $1,000	
[2024-03-07 19:47:59] [ERROR] An error occured during posting the article, try again.
[2024-03-07 19:48:21] [INFO] START WITH SOURCE: https://www.digitaltrends.com/computing-news/
[2024-03-07 19:48:21] [INFO] Getting article: https://www.digitaltrends.com/computing/acer-launches-new-rtx-40-gaming-laptops/
[2024-03-07 19:48:22] [INFO] Scraped data success
[2024-03-07 19:48:31] [ERROR] Content generated by AI too low, post not created for title: 
		Acer’s new gaming laptop bring Nvidia RTX 40-series GPUs under $1,000	
[2024-03-07 19:48:31] [ERROR] An error occured during posting the article, try again.
[2024-03-07 23:11:40] [INFO] START WITH SOURCE: https://www.digitaltrends.com/computing-news/
[2024-03-07 23:11:40] [INFO] Getting article: https://www.digitaltrends.com/computing/acer-launches-new-rtx-40-gaming-laptops/
[2024-03-07 23:11:44] [INFO] Scraped data success
[2024-03-07 23:11:54] [ERROR] Content generated by AI too low, post not created for title: 
		Acer’s new gaming laptop bring Nvidia RTX 40-series GPUs under $1,000	
[2024-03-07 23:11:54] [ERROR] An error occured during posting the article, try again.
[2024-03-07 23:19:42] [INFO] START WITH SOURCE: https://www.digitaltrends.com/computing-news/
[2024-03-07 23:19:42] [INFO] Getting article: https://www.digitaltrends.com/computing/acer-launches-new-rtx-40-gaming-laptops/
[2024-03-07 23:19:44] [INFO] Scraped data success
[2024-03-07 23:19:52] [ERROR] Content generated by AI too low, post not created for title: 
		Acer’s new gaming laptop bring Nvidia RTX 40-series GPUs under $1,000	
[2024-03-07 23:19:52] [ERROR] An error occured during posting the article, try again.
[2024-03-07 23:23:37] [INFO] START WITH SOURCE: https://www.digitaltrends.com/computing-news/
[2024-03-07 23:23:37] [INFO] Getting article: https://www.digitaltrends.com/computing/acer-launches-new-rtx-40-gaming-laptops/
[2024-03-07 23:23:38] [INFO] Scraped data success
[2024-03-07 23:23:45] [ERROR] Content generated by AI too low, post not created for title: 
		Acer’s new gaming laptop bring Nvidia RTX 40-series GPUs under $1,000	
[2024-03-07 23:23:45] [ERROR] An error occured during posting the article, try again.
[2024-03-07 23:27:26] [INFO] START WITH SOURCE: https://www.digitaltrends.com/computing-news/
[2024-03-07 23:27:26] [INFO] Getting article: https://www.digitaltrends.com/computing/acer-launches-new-rtx-40-gaming-laptops/
[2024-03-07 23:27:28] [INFO] Scraped data success
[2024-03-07 23:27:45] [ERROR] Content generated by AI too low, post not created for title: 
		Acer’s new gaming laptop bring Nvidia RTX 40-series GPUs under $1,000	
[2024-03-07 23:27:45] [ERROR] An error occured during posting the article, try again.
[2024-03-07 23:28:36] [INFO] START WITH SOURCE: https://www.digitaltrends.com/computing-news/
[2024-03-07 23:28:36] [INFO] Getting article: https://www.digitaltrends.com/computing/acer-launches-new-rtx-40-gaming-laptops/
[2024-03-07 23:28:38] [INFO] Scraped data success
[2024-03-07 23:28:55] [ERROR] Content generated by AI too low, post not created for title: 
		Acer’s new gaming laptop bring Nvidia RTX 40-series GPUs under $1,000	
[2024-03-07 23:28:55] [ERROR] An error occured during posting the article, try again.
[2024-03-07 23:32:42] [INFO] START WITH SOURCE: https://www.digitaltrends.com/computing-news/
[2024-03-07 23:32:42] [INFO] Getting article: https://www.digitaltrends.com/computing/acer-launches-new-rtx-40-gaming-laptops/
[2024-03-07 23:32:43] [INFO] Scraped data success
[2024-03-07 23:33:01] [ERROR] Content generated by AI too low, post not created for title: 
		Acer’s new gaming laptop bring Nvidia RTX 40-series GPUs under $1,000	
[2024-03-07 23:33:01] [ERROR] An error occured during posting the article, try again.
[2024-03-07 23:33:57] [INFO] START WITH SOURCE: https://www.digitaltrends.com/computing-news/
[2024-03-07 23:33:57] [INFO] Getting article: https://www.digitaltrends.com/computing/acer-launches-new-rtx-40-gaming-laptops/
[2024-03-07 23:33:58] [INFO] Scraped data success
[2024-03-07 23:34:16] [ERROR] Content generated by AI too low, post not created for title: 
		Acer’s new gaming laptop bring Nvidia RTX 40-series GPUs under $1,000	
[2024-03-07 23:34:16] [ERROR] An error occured during posting the article, try again.
[2024-03-07 23:35:46] [INFO] START WITH SOURCE: https://www.digitaltrends.com/computing-news/
[2024-03-07 23:35:46] [INFO] Getting article: https://www.digitaltrends.com/computing/acer-launches-new-rtx-40-gaming-laptops/
[2024-03-07 23:35:47] [INFO] Scraped data success
[2024-03-07 23:36:02] [ERROR] Content generated by AI too low, post not created for title: 
		Acer’s new gaming laptop bring Nvidia RTX 40-series GPUs under $1,000	
[2024-03-07 23:36:02] [ERROR] An error occured during posting the article, try again.
[2024-03-07 23:38:29] [INFO] START WITH SOURCE: https://www.digitaltrends.com/computing-news/
[2024-03-07 23:38:29] [INFO] Getting article: https://www.digitaltrends.com/computing/acer-launches-new-rtx-40-gaming-laptops/
[2024-03-07 23:38:30] [INFO] Scraped data success
[2024-03-07 23:38:47] [ERROR] Content generated by AI too low, post not created for title: 
		Acer’s new gaming laptop bring Nvidia RTX 40-series GPUs under $1,000	
[2024-03-07 23:38:47] [ERROR] An error occured during posting the article, try again.
