[2024-04-14 15:34:17] [INFO] Getting article: https://kakoresilako.com/kako-gledati-serije-online-besplatno-i-sa-prevodom/
[2024-04-14 16:04:42] [INFO] Getting article: https://kakoresilako.com/kako-gledati-serije-online-besplatno-i-sa-prevodom/
[2024-04-14 16:04:43] [ERROR] Error in scrapeWebsite: To filter with a CSS selector, install the CssSelector component ("composer require symfony/css-selector"). Or use filterXpath instead.
[2024-04-14 16:04:55] [INFO] Getting article: https://kakoresilako.com/kako-gledati-serije-online-besplatno-i-sa-prevodom/
[2024-04-14 16:04:55] [ERROR] Error in scrapeWebsite: To filter with a CSS selector, install the CssSelector component ("composer require symfony/css-selector"). Or use filterXpath instead.
[2024-04-14 16:05:50] [INFO] Getting article: https://kakoresilako.com/kako-gledati-serije-online-besplatno-i-sa-prevodom/
[2024-04-14 16:05:51] [ERROR] Error in scrapeWebsite: To filter with a CSS selector, install the CssSelector component ("composer require symfony/css-selector"). Or use filterXpath instead.
[2024-04-14 16:10:48] [INFO] Getting article: https://kakoresilako.com/kako-gledati-serije-online-besplatno-i-sa-prevodom/
[2024-04-14 16:10:48] [ERROR] Error in scrapeWebsite: To filter with a CSS selector, install the CssSelector component ("composer require symfony/css-selector"). Or use filterXpath instead.
[2024-04-14 16:10:54] [INFO] Getting article: https://kakoresilako.com/kako-gledati-serije-online-besplatno-i-sa-prevodom/
[2024-04-14 16:10:55] [ERROR] Error in scrapeWebsite: To filter with a CSS selector, install the CssSelector component ("composer require symfony/css-selector"). Or use filterXpath instead.
[2024-04-14 16:13:36] [INFO] Getting article: https://kakoresilako.com/kako-gledati-serije-online-besplatno-i-sa-prevodom/
[2024-04-14 16:55:30] [INFO] Getting article: https://www.digitaltrends.com/computing/intel-arc-battlemage-may-launch-sooner-than-expected/
[2024-04-14 16:57:12] [INFO] Getting article: https://www.digitaltrends.com/computing/intel-arc-battlemage-may-launch-sooner-than-expected/
[2024-04-14 17:01:58] [INFO] Getting article: https://www.digitaltrends.com/computing/intel-arc-battlemage-may-launch-sooner-than-expected/
[2024-04-14 17:02:32] [INFO] Getting article: https://www.digitaltrends.com/computing/intel-arc-battlemage-may-launch-sooner-than-expected/
[2024-04-14 17:13:36] [INFO] Getting article: https://www.digitaltrends.com/computing/intel-arc-battlemage-may-launch-sooner-than-expected/
[2024-04-14 20:02:39] [INFO] Getting article: https://www.digitaltrends.com/computing/intel-arc-battlemage-may-launch-sooner-than-expected/
[2024-04-14 20:06:52] [INFO] Getting article: https://www.digitaltrends.com/computing/intel-arc-battlemage-may-launch-sooner-than-expected
[2024-04-14 20:07:27] [INFO] AI content created success
[2024-04-14 20:13:50] [INFO] Getting article: https://www.digitaltrends.com/computing/intel-arc-battlemage-may-launch-sooner-than-expected
[2024-04-14 20:14:31] [INFO] AI content created success
[2024-04-14 20:18:12] [INFO] Getting article: https://www.digitaltrends.com/computing/intel-arc-battlemage-may-launch-sooner-than-expected
[2024-04-14 20:18:49] [INFO] AI content created success
[2024-04-14 20:19:47] [INFO] Getting article: https://www.digitaltrends.com/computing/intel-arc-battlemage-may-launch-sooner-than-expected
[2024-04-14 20:20:04] [INFO] AI content created success
[2024-04-14 20:21:18] [INFO] Getting article: https://www.digitaltrends.com/computing/intel-arc-battlemage-may-launch-sooner-than-expected
[2024-04-14 20:21:34] [INFO] AI content created success
[2024-04-14 21:34:56] [INFO] Getting article: https://www.digitaltrends.com/computing/watch-this-bbc-report-about-computer-addicts-1983/
