[2024-02-22 09:46:34] [INFO] START WITH SOURCE: https://www.digitaltrends.com/computing-news/
[2024-02-22 09:46:38] [INFO] Getting article: https://www.digitaltrends.com/computing/intel-microsoft-foundry-deal/
[2024-02-22 09:46:42] [INFO] Scraped data success
[2024-02-22 09:46:42] [ERROR] Content generated by AI too low, post not created for title: 
		Intel and Microsoft just announced a huge collaboration	
[2024-02-22 09:46:42] [ERROR] An error occured during posting the article, try again.
[2024-02-22 09:46:42] [INFO] Cron job run for: https://www.digitaltrends.com/computing-news/
[2024-02-22 09:46:42] [INFO] START WITH SOURCE: https://www.tomshardware.com/desktops
[2024-02-22 09:46:44] [INFO] Getting article: https://www.tomshardware.com/desktops/servers/microsoft-develops-its-own-networking-gear-for-ai-datacenters-report
[2024-02-22 09:46:45] [INFO] Scraped data success
[2024-02-22 09:46:45] [ERROR] Content generated by AI too low, post not created for title: Microsoft develops its own networking gear for AI datacenters: Report
[2024-02-22 09:46:45] [ERROR] An error occured during posting the article, try again.
[2024-02-22 09:46:45] [INFO] Cron job run for: https://www.tomshardware.com/desktops
[2024-02-22 11:32:31] [INFO] START WITH SOURCE: https://www.digitaltrends.com/computing-news/
[2024-02-22 11:32:31] [INFO] Getting article: https://www.digitaltrends.com/computing/nvidia-driver-fixes-stuttering/
[2024-02-22 11:32:39] [ERROR] Error in scrapeWebsite: unable to create socket "tls://www.digitaltrends.com:443" 
[2024-02-22 11:32:39] [ERROR] Invalid scraped data format: 
[2024-02-22 11:33:06] [INFO] START WITH SOURCE: https://www.digitaltrends.com/computing-news/
[2024-02-22 11:33:06] [INFO] Getting article: https://www.digitaltrends.com/computing/nvidia-driver-fixes-stuttering/
[2024-02-22 11:33:09] [INFO] Scraped data success
[2024-02-22 11:33:09] [ERROR] Content generated by AI too low, post not created for title: 
		Nvidia just fixed a major issue with its GPUs	
[2024-02-22 11:33:09] [ERROR] An error occured during posting the article, try again.
[2024-02-22 11:33:53] [INFO] START WITH SOURCE: https://www.digitaltrends.com/computing-news/
[2024-02-22 11:33:53] [INFO] Getting article: https://www.digitaltrends.com/computing/nvidia-driver-fixes-stuttering/
[2024-02-22 11:33:55] [INFO] Scraped data success
[2024-02-22 11:33:55] [ERROR] Content generated by AI too low, post not created for title: 
		Nvidia just fixed a major issue with its GPUs	
[2024-02-22 11:33:55] [ERROR] An error occured during posting the article, try again.
[2024-02-22 11:34:58] [INFO] START WITH SOURCE: https://www.digitaltrends.com/computing-news/
[2024-02-22 11:34:58] [INFO] Getting article: https://www.digitaltrends.com/computing/nvidia-driver-fixes-stuttering/
[2024-02-22 11:35:00] [INFO] Scraped data success
[2024-02-22 11:35:00] [ERROR] Content generated by AI too low, post not created for title: 
		Nvidia just fixed a major issue with its GPUs	
[2024-02-22 11:35:00] [ERROR] An error occured during posting the article, try again.
[2024-02-22 11:35:52] [INFO] START WITH SOURCE: https://www.digitaltrends.com/computing-news/
[2024-02-22 11:35:52] [INFO] Getting article: https://www.digitaltrends.com/computing/nvidia-driver-fixes-stuttering/
[2024-02-22 11:36:11] [INFO] START WITH SOURCE: https://www.digitaltrends.com/computing-news/
[2024-02-22 11:36:11] [INFO] Getting article: https://www.digitaltrends.com/computing/nvidia-driver-fixes-stuttering/
[2024-02-22 11:36:50] [INFO] START WITH SOURCE: https://www.digitaltrends.com/computing-news/
[2024-02-22 11:36:50] [INFO] Getting article: https://www.digitaltrends.com/computing/nvidia-driver-fixes-stuttering/
[2024-02-22 11:37:24] [INFO] START WITH SOURCE: https://www.digitaltrends.com/computing-news/
[2024-02-22 11:37:24] [INFO] Getting article: https://www.digitaltrends.com/computing/nvidia-driver-fixes-stuttering/
[2024-02-22 11:37:40] [INFO] START WITH SOURCE: https://www.digitaltrends.com/computing-news/
[2024-02-22 11:37:40] [INFO] Getting article: https://www.digitaltrends.com/computing/nvidia-driver-fixes-stuttering/
[2024-02-22 11:39:09] [INFO] START WITH SOURCE: https://www.digitaltrends.com/computing-news/
[2024-02-22 11:39:09] [INFO] Getting article: https://www.digitaltrends.com/computing/nvidia-driver-fixes-stuttering/
[2024-02-22 11:48:24] [INFO] START WITH SOURCE: https://www.digitaltrends.com/computing-news/
[2024-02-22 11:48:24] [INFO] Getting article: https://www.digitaltrends.com/computing/nvidia-driver-fixes-stuttering/
[2024-02-22 11:55:59] [INFO] START WITH SOURCE: https://www.digitaltrends.com/computing-news/
[2024-02-22 11:55:59] [INFO] Getting article: https://www.digitaltrends.com/computing/nvidia-driver-fixes-stuttering/
[2024-02-22 11:56:56] [INFO] START WITH SOURCE: https://www.digitaltrends.com/computing-news/
[2024-02-22 11:56:56] [INFO] Getting article: https://www.digitaltrends.com/computing/nvidia-driver-fixes-stuttering/
[2024-02-22 11:57:16] [INFO] START WITH SOURCE: https://www.digitaltrends.com/computing-news/
[2024-02-22 11:57:16] [INFO] Getting article: https://www.digitaltrends.com/computing/nvidia-driver-fixes-stuttering/
[2024-02-22 11:57:29] [INFO] START WITH SOURCE: https://www.digitaltrends.com/computing-news/
[2024-02-22 11:57:30] [INFO] Getting article: https://www.digitaltrends.com/computing/nvidia-driver-fixes-stuttering/
[2024-02-22 11:58:23] [INFO] START WITH SOURCE: https://www.digitaltrends.com/computing-news/
[2024-02-22 11:58:23] [INFO] Getting article: https://www.digitaltrends.com/computing/nvidia-driver-fixes-stuttering/
[2024-02-22 12:00:04] [INFO] START WITH SOURCE: https://www.digitaltrends.com/computing-news/
[2024-02-22 12:00:04] [INFO] Getting article: https://www.digitaltrends.com/computing/nvidia-driver-fixes-stuttering/
[2024-02-22 12:00:05] [INFO] Scraped data success
[2024-02-22 12:00:06] [ERROR] Content generated by AI too low, post not created for title: 
		Nvidia just fixed a major issue with its GPUs	
[2024-02-22 12:00:06] [ERROR] An error occured during posting the article, try again.
[2024-02-22 12:00:20] [INFO] START WITH SOURCE: https://www.digitaltrends.com/computing-news/
[2024-02-22 12:00:20] [INFO] Getting article: https://www.digitaltrends.com/computing/nvidia-driver-fixes-stuttering/
[2024-02-22 12:00:22] [INFO] Scraped data success
[2024-02-22 12:00:22] [ERROR] Content generated by AI too low, post not created for title: 
		Nvidia just fixed a major issue with its GPUs	
[2024-02-22 12:00:22] [ERROR] An error occured during posting the article, try again.
[2024-02-22 12:00:54] [INFO] START WITH SOURCE: https://www.digitaltrends.com/computing-news/
[2024-02-22 12:00:54] [INFO] Getting article: https://www.digitaltrends.com/computing/nvidia-driver-fixes-stuttering/
[2024-02-22 12:00:55] [INFO] Scraped data success
[2024-02-22 12:00:55] [ERROR] Content generated by AI too low, post not created for title: 
		Nvidia just fixed a major issue with its GPUs	
[2024-02-22 12:00:55] [ERROR] An error occured during posting the article, try again.
[2024-02-22 12:05:43] [INFO] START WITH SOURCE: https://www.tomshardware.com/desktops
[2024-02-22 12:05:43] [INFO] Getting article: https://www.tomshardware.com/desktops/mini-pcs/ayaneo-lists-the-retro-mini-pc-am02-on-indiegogo-comes-with-ryzen-7-7840hs-and-4-inch-touchscreen
[2024-02-22 12:05:45] [INFO] Scraped data success
[2024-02-22 12:05:45] [ERROR] Content generated by AI too low, post not created for title: Ayaneo lists the Retro Mini PC AM02 on IndieGogo – comes with Ryzen 7 7840HS and 4-inch touchscreen
[2024-02-22 12:05:45] [ERROR] An error occured during posting the article, try again.
[2024-02-22 13:47:35] [INFO] START WITH SOURCE: https://www.tomshardware.com/desktops
[2024-02-22 13:47:35] [INFO] Getting article: https://www.tomshardware.com/desktops/mini-pcs/ayaneo-lists-the-retro-mini-pc-am02-on-indiegogo-comes-with-ryzen-7-7840hs-and-4-inch-touchscreen
[2024-02-22 13:47:37] [INFO] Scraped data success
[2024-02-22 13:47:37] [ERROR] Content generated by AI too low, post not created for title: Ayaneo lists the Retro Mini PC AM02 on IndieGogo – comes with Ryzen 7 7840HS and 4-inch touchscreen
[2024-02-22 13:47:37] [ERROR] An error occured during posting the article, try again.
[2024-02-22 13:47:48] [INFO] START WITH SOURCE: https://www.digitaltrends.com/computing-news/
[2024-02-22 13:47:48] [INFO] Getting article: https://www.digitaltrends.com/computing/nvidia-driver-fixes-stuttering/
[2024-02-22 13:47:49] [INFO] Scraped data success
[2024-02-22 13:47:49] [ERROR] Content generated by AI too low, post not created for title: 
		Nvidia just fixed a major issue with its GPUs	
[2024-02-22 13:47:49] [ERROR] An error occured during posting the article, try again.
[2024-02-22 13:54:45] [INFO] START WITH SOURCE: https://www.digitaltrends.com/computing-news/
[2024-02-22 13:54:45] [INFO] Getting article: https://www.digitaltrends.com/computing/nvidia-driver-fixes-stuttering/
[2024-02-22 13:54:47] [INFO] Scraped data success
[2024-02-22 13:54:47] [ERROR] Content generated by AI too low, post not created for title: 
		Nvidia just fixed a major issue with its GPUs	
[2024-02-22 13:54:47] [ERROR] An error occured during posting the article, try again.
