[2024-03-31 11:19:55] [INFO] Getting article: https://www.digitaltrends.com/computing/nvidia-ray-tracing-dlss-3-car/
[2024-03-31 11:20:08] [INFO] AI content created success
[2024-03-31 11:20:10] [INFO] Getting article: https://www.digitaltrends.com/computing/amd-new-ryzen-5000-ryzen-8000-cpus-announced/
[2024-03-31 11:20:31] [INFO] AI content created success
[2024-03-31 11:28:33] [INFO] Getting article: https://www.digitaltrends.com/computing/nvidia-ray-tracing-dlss-3-car/
[2024-03-31 11:28:51] [INFO] AI content created success
[2024-03-31 11:45:52] [INFO] Getting article: https://www.digitaltrends.com/computing/nvidia-ray-tracing-dlss-3-car/
[2024-03-31 11:46:06] [INFO] AI content created success
[2024-03-31 11:48:37] [INFO] Getting article: https://www.digitaltrends.com/computing/nvidia-ray-tracing-dlss-3-car/
[2024-03-31 11:48:58] [INFO] AI content created success
[2024-03-31 12:55:04] [INFO] Getting article: https://www.digitaltrends.com/computing/nvidia-ray-tracing-dlss-3-car/
[2024-03-31 12:55:24] [INFO] AI content created success
[2024-03-31 12:55:33] [INFO] Getting article: https://www.digitaltrends.com/computing/amd-new-ryzen-5000-ryzen-8000-cpus-announced/
[2024-03-31 12:55:49] [INFO] AI content created success
[2024-03-31 15:15:36] [INFO] Getting article: https://www.digitaltrends.com/computing/nvidia-ray-tracing-dlss-3-car/
[2024-03-31 15:15:54] [INFO] AI content created success
[2024-03-31 15:17:37] [INFO] Getting article: https://www.digitaltrends.com/computing/nvidia-ray-tracing-dlss-3-car/
[2024-03-31 15:17:51] [INFO] AI content created success
[2024-03-31 15:19:56] [INFO] Getting article: https://www.digitaltrends.com/computing/nvidia-ray-tracing-dlss-3-car/
[2024-03-31 15:20:09] [INFO] AI content created success
[2024-03-31 15:21:20] [INFO] Getting article: https://www.digitaltrends.com/computing/nvidia-ray-tracing-dlss-3-car/
[2024-03-31 15:21:34] [INFO] AI content created success
[2024-03-31 15:24:25] [INFO] Getting article: https://www.digitaltrends.com/computing/nvidia-ray-tracing-dlss-3-car/
[2024-03-31 15:24:37] [INFO] AI content created success
[2024-03-31 15:25:01] [INFO] Getting article: https://www.digitaltrends.com/computing/nvidia-ray-tracing-dlss-3-car/
[2024-03-31 15:25:15] [INFO] AI content created success
[2024-03-31 21:29:14] [ERROR] Missing source configuration for URL: https://kakoresilako.com/imperia-online/
[2024-03-31 21:29:15] [ERROR] Missing source configuration for URL: https://kakoresilako.com/top-3-aplikacije-za-pozadine-za-telefon/
[2024-03-31 21:29:15] [ERROR] Missing source configuration for URL: https://kakoresilako.com/kako-vratiti-telefon-na-fabricko-podesavanje/
[2024-03-31 21:29:15] [ERROR] Missing source configuration for URL: https://kakoresilako.com/skidanje-muzike-na-telefon-sa-youtube/
[2024-03-31 21:29:16] [ERROR] Missing source configuration for URL: https://kakoresilako.com/kako-uslikati-ekran-windows-racunara-korak-po-korak/
[2024-03-31 21:29:16] [ERROR] Missing source configuration for URL: https://kakoresilako.com/kako-izabrati-koji-mobilni-telefon-kupiti/
[2024-03-31 21:29:17] [ERROR] Missing source configuration for URL: https://kakoresilako.com/kako-azurirati-google-play-prodavnicu/
[2024-03-31 21:29:17] [ERROR] Missing source configuration for URL: https://kakoresilako.com/kako-instalirati-viber-korak-po-korak/
[2024-03-31 21:34:49] [ERROR] Missing source configuration for URL: https://kakoresilako.com/imperia-online/
[2024-03-31 21:34:49] [ERROR] Missing source configuration for URL: https://kakoresilako.com/top-3-aplikacije-za-pozadine-za-telefon/
[2024-03-31 21:34:49] [ERROR] Missing source configuration for URL: https://kakoresilako.com/kako-vratiti-telefon-na-fabricko-podesavanje/
[2024-03-31 21:34:50] [ERROR] Missing source configuration for URL: https://kakoresilako.com/skidanje-muzike-na-telefon-sa-youtube/
[2024-03-31 21:34:50] [ERROR] Missing source configuration for URL: https://kakoresilako.com/kako-uslikati-ekran-windows-racunara-korak-po-korak/
[2024-03-31 21:34:51] [ERROR] Missing source configuration for URL: https://kakoresilako.com/kako-izabrati-koji-mobilni-telefon-kupiti/
[2024-03-31 21:34:51] [ERROR] Missing source configuration for URL: https://kakoresilako.com/kako-azurirati-google-play-prodavnicu/
[2024-03-31 21:34:51] [ERROR] Missing source configuration for URL: https://kakoresilako.com/kako-instalirati-viber-korak-po-korak/
[2024-03-31 21:38:18] [ERROR] Missing source configuration for URL: https://kakoresilako.com/imperia-online/
[2024-03-31 21:40:06] [ERROR] Missing source configuration for URL: https://kakoresilako.com/imperia-online/
[2024-03-31 21:55:15] [ERROR] Missing source configuration for URL: https://kakoresilako.com/imperia-online/
[2024-03-31 21:57:38] [ERROR] Missing source configuration for URL: https://kakoresilako.com/imperia-online/
[2024-03-31 21:59:59] [ERROR] Missing source configuration for URL: https://kakoresilako.com/imperia-online/
[2024-03-31 22:00:44] [ERROR] Missing source configuration for URL: https://kakoresilako.com/imperia-online/
[2024-03-31 22:05:52] [ERROR] Missing source configuration for URL: https://kakoresilako.com/imperia-online/
[2024-03-31 22:06:31] [INFO] Getting article: https://kakoresilako.com/imperia-online/
[2024-03-31 22:07:22] [INFO] Getting article: https://kakoresilako.com/imperia-online/
[2024-03-31 22:11:31] [INFO] Getting article: https://kakoresilako.com/imperia-online/
[2024-03-31 22:12:01] [INFO] AI content created success
[2024-03-31 22:13:03] [INFO] Getting article: https://kakoresilako.com/imperia-online/
[2024-03-31 22:13:28] [INFO] AI content created success
[2024-03-31 22:13:32] [INFO] Getting article: https://kakoresilako.com/top-3-aplikacije-za-pozadine-za-telefon/
[2024-03-31 22:14:04] [INFO] AI content created success
[2024-03-31 22:14:09] [INFO] Getting article: https://kakoresilako.com/kako-vratiti-telefon-na-fabricko-podesavanje/
[2024-03-31 22:14:45] [INFO] AI content created success
[2024-03-31 22:14:47] [INFO] Getting article: https://kakoresilako.com/skidanje-muzike-na-telefon-sa-youtube/
[2024-03-31 22:15:43] [INFO] AI content created success
[2024-03-31 22:15:51] [INFO] Getting article: https://kakoresilako.com/kako-uslikati-ekran-windows-racunara-korak-po-korak/
[2024-03-31 22:16:25] [INFO] AI content created success
[2024-03-31 22:16:29] [ERROR] Failed to attach image: 
[2024-03-31 22:16:29] [INFO] Failed to attach featured image
[2024-03-31 22:16:29] [INFO] Getting article: https://kakoresilako.com/kako-izabrati-koji-mobilni-telefon-kupiti/
[2024-03-31 22:17:27] [INFO] AI content created success
[2024-03-31 22:17:31] [INFO] Getting article: https://kakoresilako.com/kako-azurirati-google-play-prodavnicu/
[2024-03-31 22:18:12] [INFO] AI content created success
[2024-03-31 22:18:17] [INFO] Getting article: https://kakoresilako.com/kako-instalirati-viber-korak-po-korak/
[2024-03-31 22:18:55] [INFO] AI content created success
[2024-03-31 22:19:07] [ERROR] Failed to download image: IMG_PLACEHOLDER
[2024-03-31 22:30:01] [INFO] Getting article: https://kakoresilako.com/top-3-aplikacije-za-pozadine-za-telefon/
[2024-03-31 22:30:39] [INFO] AI content created success
[2024-03-31 22:30:43] [INFO] Getting article: https://kakoresilako.com/kako-izabrati-koji-mobilni-telefon-kupiti/
[2024-03-31 22:31:39] [INFO] AI content created success
[2024-03-31 22:31:43] [INFO] Getting article: https://kakoresilako.com/kako-azurirati-google-play-prodavnicu/
[2024-03-31 22:32:24] [INFO] AI content created success
