[2024-04-03 15:16:11] [INFO] Getting article: https://kakoresilako.com/kako-instalirati-viber-korak-po-korak/
[2024-04-03 15:17:13] [INFO] AI content created success
[2024-04-03 15:19:53] [INFO] Getting article: https://kakoresilako.com/kako-instalirati-viber-korak-po-korak/
[2024-04-03 15:20:29] [INFO] Getting article: https://kakoresilako.com/kako-instalirati-viber-korak-po-korak/
[2024-04-03 15:20:54] [INFO] AI content created success
[2024-04-03 15:20:55] [INFO] Getting article: https://kakoresilako.com/kako-instalirati-viber-korak-po-korak/
[2024-04-03 15:21:31] [INFO] AI content created success
[2024-04-03 15:21:56] [INFO] AI content created success
[2024-04-03 15:22:33] [INFO] Getting article: https://kakoresilako.com/kako-instalirati-viber-korak-po-korak/
[2024-04-03 15:23:33] [INFO] AI content created success
[2024-04-03 15:27:08] [INFO] Getting article: https://kakoresilako.com/kako-instalirati-viber-korak-po-korak/
[2024-04-03 15:28:12] [INFO] AI content created success
[2024-04-03 15:29:19] [INFO] Getting article: https://kakoresilako.com/kako-instalirati-viber-korak-po-korak/
[2024-04-03 15:30:21] [INFO] AI content created success
[2024-04-03 15:30:57] [INFO] Getting article: https://kakoresilako.com/kako-instalirati-viber-korak-po-korak/
[2024-04-03 15:31:56] [INFO] AI content created success
[2024-04-03 15:32:36] [INFO] Getting article: https://kakoresilako.com/kako-instalirati-viber-korak-po-korak/
[2024-04-03 15:32:51] [ERROR] Invalid input array in getRewrittenArticlePiece
[2024-04-03 15:32:51] [ERROR] Invalid input array in getRewrittenArticlePieceWithImage
[2024-04-03 15:32:51] [ERROR] Invalid input array in getRewrittenArticlePieceWithImage
[2024-04-03 15:32:51] [ERROR] Invalid input array in getRewrittenArticlePieceWithImage
[2024-04-03 15:32:51] [ERROR] Invalid input array in getRewrittenArticlePieceWithImage
[2024-04-03 15:32:51] [ERROR] Invalid input array in getRewrittenArticlePieceWithImage
[2024-04-03 15:32:51] [ERROR] Invalid input array in getRewrittenArticlePieceWithImage
[2024-04-03 15:32:51] [ERROR] Invalid input array in getRewrittenArticlePieceWithImage
[2024-04-03 15:32:51] [ERROR] Content generated by AI too low, post not created for title: Instaliranje viber aplikacije za telefon i kompjuter jednostavni koraci – 2023
[2024-04-03 15:33:42] [INFO] Getting article: https://kakoresilako.com/kako-instalirati-viber-korak-po-korak/
[2024-04-03 15:34:38] [INFO] AI content created success
[2024-04-03 15:34:42] [INFO] Getting article: https://kakoresilako.com/kako-instalirati-viber-korak-po-korak/
[2024-04-03 15:35:06] [INFO] Getting article: https://kakoresilako.com/kako-instalirati-viber-korak-po-korak/
[2024-04-03 15:35:44] [INFO] AI content created success
[2024-04-03 15:36:02] [INFO] AI content created success
[2024-04-03 15:37:55] [INFO] Getting article: https://kakoresilako.com/kako-instalirati-viber-korak-po-korak/
[2024-04-03 15:39:47] [INFO] Getting article: https://kakoresilako.com/kako-instalirati-viber-korak-po-korak/
[2024-04-03 15:39:47] [ERROR] Error in scrapeWebsite: The current node list is empty.
[2024-04-03 15:42:05] [INFO] Getting article: https://kakoresilako.com/kako-instalirati-viber-korak-po-korak/
[2024-04-03 15:42:06] [ERROR] Error in scrapeWebsite: The current node list is empty.
[2024-04-03 15:42:36] [INFO] Getting article: https://kakoresilako.com/kako-instalirati-viber-korak-po-korak/
[2024-04-03 15:42:56] [INFO] AI content created success
