[2024-04-12 13:06:58] [INFO] Getting article: https://kakoresilako.com/kako-gledati-serije-online-besplatno-i-sa-prevodom/
[2024-04-12 13:16:55] [INFO] Getting article: https://kakoresilako.com/kako-gledati-serije-online-besplatno-i-sa-prevodom/
[2024-04-12 13:16:57] [ERROR] Error decoding JSON in getAiTitleAndExcerpt or accessing content field
[2024-04-12 13:16:57] [ERROR] Invalid input array in getRewrittenArticlePiece
[2024-04-12 13:16:57] [ERROR] Invalid input array in getRewrittenArticlePieceWithImage
[2024-04-12 13:18:10] [INFO] Getting article: https://kakoresilako.com/kako-gledati-serije-online-besplatno-i-sa-prevodom/
[2024-04-12 13:18:11] [ERROR] Error decoding JSON in getAiTitleAndExcerpt or accessing content field
[2024-04-12 13:18:11] [ERROR] Invalid input array in getRewrittenArticlePiece
[2024-04-12 13:18:11] [ERROR] Invalid input array in getRewrittenArticlePieceWithImage
[2024-04-12 13:18:47] [INFO] Getting article: https://kakoresilako.com/kako-gledati-serije-online-besplatno-i-sa-prevodom/
[2024-04-12 13:18:49] [ERROR] Error decoding JSON in getAiTitleAndExcerpt or accessing content field
[2024-04-12 13:18:49] [ERROR] Invalid input array in getRewrittenArticlePiece
[2024-04-12 13:18:49] [ERROR] Invalid input array in getRewrittenArticlePieceWithImage
[2024-04-12 13:19:56] [INFO] Getting article: https://kakoresilako.com/kako-gledati-serije-online-besplatno-i-sa-prevodom/
[2024-04-12 13:19:57] [ERROR] Error decoding JSON in getAiTitleAndExcerpt or accessing content field
[2024-04-12 13:19:57] [ERROR] Invalid input array in getRewrittenArticlePiece
[2024-04-12 13:19:57] [ERROR] Invalid input array in getRewrittenArticlePieceWithImage
[2024-04-12 13:20:43] [INFO] Getting article: https://kakoresilako.com/kako-gledati-serije-online-besplatno-i-sa-prevodom/
[2024-04-12 13:22:11] [INFO] AI content created success
[2024-04-12 13:22:30] [INFO] Getting article: https://kakoresilako.com/kako-gledati-serije-online-besplatno-i-sa-prevodom/
[2024-04-12 13:22:48] [INFO] Getting article: https://kakoresilako.com/kako-gledati-serije-online-besplatno-i-sa-prevodom/
[2024-04-12 13:22:59] [INFO] Getting article: https://kakoresilako.com/kako-gledati-serije-online-besplatno-i-sa-prevodom/
[2024-04-12 13:24:01] [INFO] Getting article: https://kakoresilako.com/kako-gledati-serije-online-besplatno-i-sa-prevodom/
[2024-04-12 13:24:59] [INFO] Getting article: https://kakoresilako.com/kako-gledati-serije-online-besplatno-i-sa-prevodom/
[2024-04-12 13:25:42] [INFO] Getting article: https://kakoresilako.com/kako-gledati-serije-online-besplatno-i-sa-prevodom/
[2024-04-12 13:25:53] [INFO] Getting article: https://kakoresilako.com/kako-gledati-serije-online-besplatno-i-sa-prevodom/
[2024-04-12 13:26:18] [INFO] Getting article: https://kakoresilako.com/kako-gledati-serije-online-besplatno-i-sa-prevodom/
