2023-11-21 17:50:18 123
2023-11-21 17:50:18 
2023-11-21 17:51:56 123
2023-11-21 17:51:56 0
2023-11-21 17:55:28 123
2023-11-21 17:55:28 1
2023-11-21 17:56:48 update
2023-11-21 17:58:01 update
2023-11-21 17:58:01 Array
(
    [baseUrl] => sdds
    [categoryId] => 3
    [catPageLastArticle] => 
    [title] => 
    [content] => 
    [imageUrl] => 
    [newsLabelSel] => 
    [newsLabelText] => 
    [defaultImageCredit] => d
)

2023-11-21 18:01:16 update
2023-11-21 18:01:16 Array
(
    [baseUrl] => sad
    [categoryId] => 3
    [catPageLastArticle] => sda
    [title] => sad
    [content] => sd
    [imageUrl] => sa
    [newsLabelSel] => sda
    [newsLabelText] => sad
    [defaultImageCredit] => sad
    [tested] => 
)

2023-11-21 18:01:43 update
2023-11-21 18:01:43 Array
(
    [baseUrl] => sad
    [categoryId] => 3
    [catPageLastArticle] => sda
    [title] => sad
    [content] => sd
    [imageUrl] => sa
    [newsLabelSel] => sda
    [newsLabelText] => sad
    [defaultImageCredit] => sad
    [tested] => 
)

2023-11-21 18:02:04 update
2023-11-21 18:02:04 Array
(
    [baseUrl] => sadsddssdsds
    [categoryId] => 3
    [catPageLastArticle] => sda
    [title] => sad
    [content] => sd
    [imageUrl] => sa
    [newsLabelSel] => sda
    [newsLabelText] => sad
    [defaultImageCredit] => sad
    [tested] => 
)

